  Building Custom Rule D:/Projects/TextGames/TadsTerp/skif/terps/tads2/tads2_win/CMakeLists.txt
  CMake does not need to re-run because D:/Projects/TextGames/TadsTerp/skif/build/terps/tads2/tads2_win/CMakeFiles/generate.stamp is up-to-date.
  argize.c
  ler.c
d:\projects\textgames\tadsterp\skif\terps\tads2\tads2_win\osifc.h(724): warning C4005: os_va_copy: изменение макроопределения
  d:\projects\textgames\tadsterp\skif\terps\tads2\tads2_win\msdos\osdosbas.h(159): note: см. предыдущее определение "os_va_copy"
d:\projects\textgames\tadsterp\skif\terps\tads2\tads2_win\osifc.h(725): warning C4005: os_va_copy_end: изменение макроопределения
  d:\projects\textgames\tadsterp\skif\terps\tads2\tads2_win\msdos\osdosbas.h(160): note: см. предыдущее определение "os_va_copy_end"
D:\Projects\TextGames\TadsTerp\skif\terps\tads2\tads2_win\ler.c(79): warning C4996: 'sprintf': This function or variable may be unsafe. Consider using sprintf_s instead. To disable deprecation, use _CRT_SECURE_NO_WARNINGS. See online help for details.
  C:\Program Files (x86)\Windows Kits\10\Include\10.0.10240.0\ucrt\stdio.h(1769): note:  см. объявление "sprintf"
D:\Projects\TextGames\TadsTerp\skif\terps\tads2\tads2_win\ler.c(85): warning C4996: 'sprintf': This function or variable may be unsafe. Consider using sprintf_s instead. To disable deprecation, use _CRT_SECURE_NO_WARNINGS. See online help for details.
  C:\Program Files (x86)\Windows Kits\10\Include\10.0.10240.0\ucrt\stdio.h(1769): note:  см. объявление "sprintf"
D:\Projects\TextGames\TadsTerp\skif\terps\tads2\tads2_win\ler.c(151): warning C4996: 'strncpy': This function or variable may be unsafe. Consider using strncpy_s instead. To disable deprecation, use _CRT_SECURE_NO_WARNINGS. See online help for details.
  C:\Program Files (x86)\Windows Kits\10\Include\10.0.10240.0\ucrt\string.h(346): note:  см. объявление "strncpy"
  mcm.c
d:\projects\textgames\tadsterp\skif\terps\tads2\tads2_win\osifc.h(724): warning C4005: os_va_copy: изменение макроопределения
  d:\projects\textgames\tadsterp\skif\terps\tads2\tads2_win\msdos\osdosbas.h(159): note: см. предыдущее определение "os_va_copy"
d:\projects\textgames\tadsterp\skif\terps\tads2\tads2_win\osifc.h(725): warning C4005: os_va_copy_end: изменение макроопределения
  d:\projects\textgames\tadsterp\skif\terps\tads2\tads2_win\msdos\osdosbas.h(160): note: см. предыдущее определение "os_va_copy_end"
  mcs.c
d:\projects\textgames\tadsterp\skif\terps\tads2\tads2_win\osifc.h(724): warning C4005: os_va_copy: изменение макроопределения
  d:\projects\textgames\tadsterp\skif\terps\tads2\tads2_win\msdos\osdosbas.h(159): note: см. предыдущее определение "os_va_copy"
d:\projects\textgames\tadsterp\skif\terps\tads2\tads2_win\osifc.h(725): warning C4005: os_va_copy_end: изменение макроопределения
  d:\projects\textgames\tadsterp\skif\terps\tads2\tads2_win\msdos\osdosbas.h(160): note: см. предыдущее определение "os_va_copy_end"
D:\Projects\TextGames\TadsTerp\skif\terps\tads2\tads2_win\mcs.c(67): warning C4996: 'strcpy': This function or variable may be unsafe. Consider using strcpy_s instead. To disable deprecation, use _CRT_SECURE_NO_WARNINGS. See online help for details.
  C:\Program Files (x86)\Windows Kits\10\Include\10.0.10240.0\ucrt\string.h(119): note:  см. объявление "strcpy"
  mch.c
d:\projects\textgames\tadsterp\skif\terps\tads2\tads2_win\osifc.h(724): warning C4005: os_va_copy: изменение макроопределения
  d:\projects\textgames\tadsterp\skif\terps\tads2\tads2_win\msdos\osdosbas.h(159): note: см. предыдущее определение "os_va_copy"
d:\projects\textgames\tadsterp\skif\terps\tads2\tads2_win\osifc.h(725): warning C4005: os_va_copy_end: изменение макроопределения
  d:\projects\textgames\tadsterp\skif\terps\tads2\tads2_win\msdos\osdosbas.h(160): note: см. предыдущее определение "os_va_copy_end"
  obj.c
d:\projects\textgames\tadsterp\skif\terps\tads2\tads2_win\osifc.h(724): warning C4005: os_va_copy: изменение макроопределения
  d:\projects\textgames\tadsterp\skif\terps\tads2\tads2_win\msdos\osdosbas.h(159): note: см. предыдущее определение "os_va_copy"
d:\projects\textgames\tadsterp\skif\terps\tads2\tads2_win\osifc.h(725): warning C4005: os_va_copy_end: изменение макроопределения
  d:\projects\textgames\tadsterp\skif\terps\tads2\tads2_win\msdos\osdosbas.h(160): note: см. предыдущее определение "os_va_copy_end"
  cmd.c
d:\projects\textgames\tadsterp\skif\terps\tads2\tads2_win\osifc.h(724): warning C4005: os_va_copy: изменение макроопределения
  d:\projects\textgames\tadsterp\skif\terps\tads2\tads2_win\msdos\osdosbas.h(159): note: см. предыдущее определение "os_va_copy"
d:\projects\textgames\tadsterp\skif\terps\tads2\tads2_win\osifc.h(725): warning C4005: os_va_copy_end: изменение макроопределения
  d:\projects\textgames\tadsterp\skif\terps\tads2\tads2_win\msdos\osdosbas.h(160): note: см. предыдущее определение "os_va_copy_end"
  errmsg.c
d:\projects\textgames\tadsterp\skif\terps\tads2\tads2_win\osifc.h(724): warning C4005: os_va_copy: изменение макроопределения
  d:\projects\textgames\tadsterp\skif\terps\tads2\tads2_win\msdos\osdosbas.h(159): note: см. предыдущее определение "os_va_copy"
d:\projects\textgames\tadsterp\skif\terps\tads2\tads2_win\osifc.h(725): warning C4005: os_va_copy_end: изменение макроопределения
  d:\projects\textgames\tadsterp\skif\terps\tads2\tads2_win\msdos\osdosbas.h(160): note: см. предыдущее определение "os_va_copy_end"
D:\Projects\TextGames\TadsTerp\skif\terps\tads2\tads2_win\errmsg.c(555): warning C4996: 'strcpy': This function or variable may be unsafe. Consider using strcpy_s instead. To disable deprecation, use _CRT_SECURE_NO_WARNINGS. See online help for details.
  C:\Program Files (x86)\Windows Kits\10\Include\10.0.10240.0\ucrt\string.h(119): note:  см. объявление "strcpy"
D:\Projects\TextGames\TadsTerp\skif\terps\tads2\tads2_win\errmsg.c(566): warning C4996: 'strcpy': This function or variable may be unsafe. Consider using strcpy_s instead. To disable deprecation, use _CRT_SECURE_NO_WARNINGS. See online help for details.
  C:\Program Files (x86)\Windows Kits\10\Include\10.0.10240.0\ucrt\string.h(119): note:  см. объявление "strcpy"
  fioxor.c
d:\projects\textgames\tadsterp\skif\terps\tads2\tads2_win\osifc.h(724): warning C4005: os_va_copy: изменение макроопределения
  d:\projects\textgames\tadsterp\skif\terps\tads2\tads2_win\msdos\osdosbas.h(159): note: см. предыдущее определение "os_va_copy"
d:\projects\textgames\tadsterp\skif\terps\tads2\tads2_win\osifc.h(725): warning C4005: os_va_copy_end: изменение макроопределения
  d:\projects\textgames\tadsterp\skif\terps\tads2\tads2_win\msdos\osdosbas.h(160): note: см. предыдущее определение "os_va_copy_end"
  oserr.c
d:\projects\textgames\tadsterp\skif\terps\tads2\tads2_win\osifc.h(724): warning C4005: os_va_copy: изменение макроопределения
  d:\projects\textgames\tadsterp\skif\terps\tads2\tads2_win\msdos\osdosbas.h(159): note: см. предыдущее определение "os_va_copy"
d:\projects\textgames\tadsterp\skif\terps\tads2\tads2_win\osifc.h(725): warning C4005: os_va_copy_end: изменение макроопределения
  d:\projects\textgames\tadsterp\skif\terps\tads2\tads2_win\msdos\osdosbas.h(160): note: см. предыдущее определение "os_va_copy_end"
  runstat.c
d:\projects\textgames\tadsterp\skif\terps\tads2\tads2_win\osifc.h(724): warning C4005: os_va_copy: изменение макроопределения
  d:\projects\textgames\tadsterp\skif\terps\tads2\tads2_win\msdos\osdosbas.h(159): note: см. предыдущее определение "os_va_copy"
d:\projects\textgames\tadsterp\skif\terps\tads2\tads2_win\osifc.h(725): warning C4005: os_va_copy_end: изменение макроопределения
  d:\projects\textgames\tadsterp\skif\terps\tads2\tads2_win\msdos\osdosbas.h(160): note: см. предыдущее определение "os_va_copy_end"
  fio.c
d:\projects\textgames\tadsterp\skif\terps\tads2\tads2_win\osifc.h(724): warning C4005: os_va_copy: изменение макроопределения
  d:\projects\textgames\tadsterp\skif\terps\tads2\tads2_win\msdos\osdosbas.h(159): note: см. предыдущее определение "os_va_copy"
d:\projects\textgames\tadsterp\skif\terps\tads2\tads2_win\osifc.h(725): warning C4005: os_va_copy_end: изменение макроопределения
  d:\projects\textgames\tadsterp\skif\terps\tads2\tads2_win\msdos\osdosbas.h(160): note: см. предыдущее определение "os_va_copy_end"
D:\Projects\TextGames\TadsTerp\skif\terps\tads2\tads2_win\fio.c(1086): warning C4996: 'strcpy': This function or variable may be unsafe. Consider using strcpy_s instead. To disable deprecation, use _CRT_SECURE_NO_WARNINGS. See online help for details.
  C:\Program Files (x86)\Windows Kits\10\Include\10.0.10240.0\ucrt\string.h(119): note:  см. объявление "strcpy"
  getstr.c
d:\projects\textgames\tadsterp\skif\terps\tads2\tads2_win\osifc.h(724): warning C4005: os_va_copy: изменение макроопределения
  d:\projects\textgames\tadsterp\skif\terps\tads2\tads2_win\msdos\osdosbas.h(159): note: см. предыдущее определение "os_va_copy"
d:\projects\textgames\tadsterp\skif\terps\tads2\tads2_win\osifc.h(725): warning C4005: os_va_copy_end: изменение макроопределения
  d:\projects\textgames\tadsterp\skif\terps\tads2\tads2_win\msdos\osdosbas.h(160): note: см. предыдущее определение "os_va_copy_end"
  cmap.c
d:\projects\textgames\tadsterp\skif\terps\tads2\tads2_win\osifc.h(724): warning C4005: os_va_copy: изменение макроопределения
  d:\projects\textgames\tadsterp\skif\terps\tads2\tads2_win\msdos\osdosbas.h(159): note: см. предыдущее определение "os_va_copy"
d:\projects\textgames\tadsterp\skif\terps\tads2\tads2_win\osifc.h(725): warning C4005: os_va_copy_end: изменение макроопределения
  d:\projects\textgames\tadsterp\skif\terps\tads2\tads2_win\msdos\osdosbas.h(160): note: см. предыдущее определение "os_va_copy_end"
D:\Projects\TextGames\TadsTerp\skif\terps\tads2\tads2_win\cmap.c(73): warning C4996: 'strcpy': This function or variable may be unsafe. Consider using strcpy_s instead. To disable deprecation, use _CRT_SECURE_NO_WARNINGS. See online help for details.
  C:\Program Files (x86)\Windows Kits\10\Include\10.0.10240.0\ucrt\string.h(119): note:  см. объявление "strcpy"
D:\Projects\TextGames\TadsTerp\skif\terps\tads2\tads2_win\cmap.c(330): warning C4996: 'strcpy': This function or variable may be unsafe. Consider using strcpy_s instead. To disable deprecation, use _CRT_SECURE_NO_WARNINGS. See online help for details.
  C:\Program Files (x86)\Windows Kits\10\Include\10.0.10240.0\ucrt\string.h(119): note:  см. объявление "strcpy"
  askf_os.c
d:\projects\textgames\tadsterp\skif\terps\tads2\tads2_win\osifc.h(724): warning C4005: os_va_copy: изменение макроопределения
  d:\projects\textgames\tadsterp\skif\terps\tads2\tads2_win\msdos\osdosbas.h(159): note: см. предыдущее определение "os_va_copy"
d:\projects\textgames\tadsterp\skif\terps\tads2\tads2_win\osifc.h(725): warning C4005: os_va_copy_end: изменение макроопределения
  d:\projects\textgames\tadsterp\skif\terps\tads2\tads2_win\msdos\osdosbas.h(160): note: см. предыдущее определение "os_va_copy_end"
  indlg_os.c
d:\projects\textgames\tadsterp\skif\terps\tads2\tads2_win\osifc.h(724): warning C4005: os_va_copy: изменение макроопределения
  d:\projects\textgames\tadsterp\skif\terps\tads2\tads2_win\msdos\osdosbas.h(159): note: см. предыдущее определение "os_va_copy"
d:\projects\textgames\tadsterp\skif\terps\tads2\tads2_win\osifc.h(725): warning C4005: os_va_copy_end: изменение макроопределения
  d:\projects\textgames\tadsterp\skif\terps\tads2\tads2_win\msdos\osdosbas.h(160): note: см. предыдущее определение "os_va_copy_end"
  osifc.c
d:\projects\textgames\tadsterp\skif\terps\tads2\tads2_win\osifc.h(724): warning C4005: os_va_copy: изменение макроопределения
  d:\projects\textgames\tadsterp\skif\terps\tads2\tads2_win\msdos\osdosbas.h(159): note: см. предыдущее определение "os_va_copy"
d:\projects\textgames\tadsterp\skif\terps\tads2\tads2_win\osifc.h(725): warning C4005: os_va_copy_end: изменение макроопределения
  d:\projects\textgames\tadsterp\skif\terps\tads2\tads2_win\msdos\osdosbas.h(160): note: см. предыдущее определение "os_va_copy_end"
  dat.c
d:\projects\textgames\tadsterp\skif\terps\tads2\tads2_win\osifc.h(724): warning C4005: os_va_copy: изменение макроопределения
  d:\projects\textgames\tadsterp\skif\terps\tads2\tads2_win\msdos\osdosbas.h(159): note: см. предыдущее определение "os_va_copy"
d:\projects\textgames\tadsterp\skif\terps\tads2\tads2_win\osifc.h(725): warning C4005: os_va_copy_end: изменение макроопределения
  d:\projects\textgames\tadsterp\skif\terps\tads2\tads2_win\msdos\osdosbas.h(160): note: см. предыдущее определение "os_va_copy_end"
  lst.c
d:\projects\textgames\tadsterp\skif\terps\tads2\tads2_win\osifc.h(724): warning C4005: os_va_copy: изменение макроопределения
  d:\projects\textgames\tadsterp\skif\terps\tads2\tads2_win\msdos\osdosbas.h(159): note: см. предыдущее определение "os_va_copy"
d:\projects\textgames\tadsterp\skif\terps\tads2\tads2_win\osifc.h(725): warning C4005: os_va_copy_end: изменение макроопределения
  d:\projects\textgames\tadsterp\skif\terps\tads2\tads2_win\msdos\osdosbas.h(160): note: см. предыдущее определение "os_va_copy_end"
  run.c
d:\projects\textgames\tadsterp\skif\terps\tads2\tads2_win\osifc.h(724): warning C4005: os_va_copy: изменение макроопределения
  d:\projects\textgames\tadsterp\skif\terps\tads2\tads2_win\msdos\osdosbas.h(159): note: см. предыдущее определение "os_va_copy"
d:\projects\textgames\tadsterp\skif\terps\tads2\tads2_win\osifc.h(725): warning C4005: os_va_copy_end: изменение макроопределения
  d:\projects\textgames\tadsterp\skif\terps\tads2\tads2_win\msdos\osdosbas.h(160): note: см. предыдущее определение "os_va_copy_end"
  Создание кода...
  Компиляция...
  out.c
d:\projects\textgames\tadsterp\skif\terps\tads2\tads2_win\osifc.h(724): warning C4005: os_va_copy: изменение макроопределения
  d:\projects\textgames\tadsterp\skif\terps\tads2\tads2_win\msdos\osdosbas.h(159): note: см. предыдущее определение "os_va_copy"
d:\projects\textgames\tadsterp\skif\terps\tads2\tads2_win\osifc.h(725): warning C4005: os_va_copy_end: изменение макроопределения
  d:\projects\textgames\tadsterp\skif\terps\tads2\tads2_win\msdos\osdosbas.h(160): note: см. предыдущее определение "os_va_copy_end"
  voc.c
d:\projects\textgames\tadsterp\skif\terps\tads2\tads2_win\osifc.h(724): warning C4005: os_va_copy: изменение макроопределения
  d:\projects\textgames\tadsterp\skif\terps\tads2\tads2_win\msdos\osdosbas.h(159): note: см. предыдущее определение "os_va_copy"
d:\projects\textgames\tadsterp\skif\terps\tads2\tads2_win\osifc.h(725): warning C4005: os_va_copy_end: изменение макроопределения
  d:\projects\textgames\tadsterp\skif\terps\tads2\tads2_win\msdos\osdosbas.h(160): note: см. предыдущее определение "os_va_copy_end"
D:\Projects\TextGames\TadsTerp\skif\terps\tads2\tads2_win\voc.c(698): warning C4996: 'memicmp': The POSIX name for this item is deprecated. Instead, use the ISO C and C++ conformant name: _memicmp. See online help for details.
  C:\Program Files (x86)\Windows Kits\10\Include\10.0.10240.0\ucrt\corecrt_memory.h(86): note:  см. объявление "memicmp"
D:\Projects\TextGames\TadsTerp\skif\terps\tads2\tads2_win\voc.c(706): warning C4996: 'memicmp': The POSIX name for this item is deprecated. Instead, use the ISO C and C++ conformant name: _memicmp. See online help for details.
  C:\Program Files (x86)\Windows Kits\10\Include\10.0.10240.0\ucrt\corecrt_memory.h(86): note:  см. объявление "memicmp"
  bif.c
d:\projects\textgames\tadsterp\skif\terps\tads2\tads2_win\osifc.h(724): warning C4005: os_va_copy: изменение макроопределения
  d:\projects\textgames\tadsterp\skif\terps\tads2\tads2_win\msdos\osdosbas.h(159): note: см. предыдущее определение "os_va_copy"
d:\projects\textgames\tadsterp\skif\terps\tads2\tads2_win\osifc.h(725): warning C4005: os_va_copy_end: изменение макроопределения
  d:\projects\textgames\tadsterp\skif\terps\tads2\tads2_win\msdos\osdosbas.h(160): note: см. предыдущее определение "os_va_copy_end"
D:\Projects\TextGames\TadsTerp\skif\terps\tads2\tads2_win\bif.c(63): warning C4996: 'strcpy': This function or variable may be unsafe. Consider using strcpy_s instead. To disable deprecation, use _CRT_SECURE_NO_WARNINGS. See online help for details.
  C:\Program Files (x86)\Windows Kits\10\Include\10.0.10240.0\ucrt\string.h(119): note:  см. объявление "strcpy"
D:\Projects\TextGames\TadsTerp\skif\terps\tads2\tads2_win\bif.c(65): warning C4996: 'strcpy': This function or variable may be unsafe. Consider using strcpy_s instead. To disable deprecation, use _CRT_SECURE_NO_WARNINGS. See online help for details.
  C:\Program Files (x86)\Windows Kits\10\Include\10.0.10240.0\ucrt\string.h(119): note:  см. объявление "strcpy"
D:\Projects\TextGames\TadsTerp\skif\terps\tads2\tads2_win\bif.c(528): warning C4996: 'sprintf': This function or variable may be unsafe. Consider using sprintf_s instead. To disable deprecation, use _CRT_SECURE_NO_WARNINGS. See online help for details.
  C:\Program Files (x86)\Windows Kits\10\Include\10.0.10240.0\ucrt\stdio.h(1769): note:  см. объявление "sprintf"
D:\Projects\TextGames\TadsTerp\skif\terps\tads2\tads2_win\bif.c(922): warning C4996: 'memicmp': The POSIX name for this item is deprecated. Instead, use the ISO C and C++ conformant name: _memicmp. See online help for details.
  C:\Program Files (x86)\Windows Kits\10\Include\10.0.10240.0\ucrt\corecrt_memory.h(86): note:  см. объявление "memicmp"
D:\Projects\TextGames\TadsTerp\skif\terps\tads2\tads2_win\bif.c(1219): warning C4996: 'sprintf': This function or variable may be unsafe. Consider using sprintf_s instead. To disable deprecation, use _CRT_SECURE_NO_WARNINGS. See online help for details.
  C:\Program Files (x86)\Windows Kits\10\Include\10.0.10240.0\ucrt\stdio.h(1769): note:  см. объявление "sprintf"
D:\Projects\TextGames\TadsTerp\skif\terps\tads2\tads2_win\bif.c(1792): warning C4996: 'localtime': This function or variable may be unsafe. Consider using localtime_s instead. To disable deprecation, use _CRT_SECURE_NO_WARNINGS. See online help for details.
  C:\Program Files (x86)\Windows Kits\10\Include\10.0.10240.0\ucrt\time.h(505): note:  см. объявление "localtime"
D:\Projects\TextGames\TadsTerp\skif\terps\tads2\tads2_win\bif.c(2048): warning C4996: 'strcpy': This function or variable may be unsafe. Consider using strcpy_s instead. To disable deprecation, use _CRT_SECURE_NO_WARNINGS. See online help for details.
  C:\Program Files (x86)\Windows Kits\10\Include\10.0.10240.0\ucrt\string.h(119): note:  см. объявление "strcpy"
D:\Projects\TextGames\TadsTerp\skif\terps\tads2\tads2_win\bif.c(2053): warning C4996: 'strcpy': This function or variable may be unsafe. Consider using strcpy_s instead. To disable deprecation, use _CRT_SECURE_NO_WARNINGS. See online help for details.
  C:\Program Files (x86)\Windows Kits\10\Include\10.0.10240.0\ucrt\string.h(119): note:  см. объявление "strcpy"
D:\Projects\TextGames\TadsTerp\skif\terps\tads2\tads2_win\bif.c(2058): warning C4996: 'strcpy': This function or variable may be unsafe. Consider using strcpy_s instead. To disable deprecation, use _CRT_SECURE_NO_WARNINGS. See online help for details.
  C:\Program Files (x86)\Windows Kits\10\Include\10.0.10240.0\ucrt\string.h(119): note:  см. объявление "strcpy"
D:\Projects\TextGames\TadsTerp\skif\terps\tads2\tads2_win\bif.c(2063): warning C4996: 'strcpy': This function or variable may be unsafe. Consider using strcpy_s instead. To disable deprecation, use _CRT_SECURE_NO_WARNINGS. See online help for details.
  C:\Program Files (x86)\Windows Kits\10\Include\10.0.10240.0\ucrt\string.h(119): note:  см. объявление "strcpy"
D:\Projects\TextGames\TadsTerp\skif\terps\tads2\tads2_win\bif.c(2068): warning C4996: 'strcpy': This function or variable may be unsafe. Consider using strcpy_s instead. To disable deprecation, use _CRT_SECURE_NO_WARNINGS. See online help for details.
  C:\Program Files (x86)\Windows Kits\10\Include\10.0.10240.0\ucrt\string.h(119): note:  см. объявление "strcpy"
D:\Projects\TextGames\TadsTerp\skif\terps\tads2\tads2_win\bif.c(2087): warning C4996: 'strcpy': This function or variable may be unsafe. Consider using strcpy_s instead. To disable deprecation, use _CRT_SECURE_NO_WARNINGS. See online help for details.
  C:\Program Files (x86)\Windows Kits\10\Include\10.0.10240.0\ucrt\string.h(119): note:  см. объявление "strcpy"
D:\Projects\TextGames\TadsTerp\skif\terps\tads2\tads2_win\bif.c(2095): warning C4996: 'strcpy': This function or variable may be unsafe. Consider using strcpy_s instead. To disable deprecation, use _CRT_SECURE_NO_WARNINGS. See online help for details.
  C:\Program Files (x86)\Windows Kits\10\Include\10.0.10240.0\ucrt\string.h(119): note:  см. объявление "strcpy"
D:\Projects\TextGames\TadsTerp\skif\terps\tads2\tads2_win\bif.c(2101): warning C4996: 'strcpy': This function or variable may be unsafe. Consider using strcpy_s instead. To disable deprecation, use _CRT_SECURE_NO_WARNINGS. See online help for details.
  C:\Program Files (x86)\Windows Kits\10\Include\10.0.10240.0\ucrt\string.h(119): note:  см. объявление "strcpy"
D:\Projects\TextGames\TadsTerp\skif\terps\tads2\tads2_win\bif.c(2175): warning C4996: 'strcpy': This function or variable may be unsafe. Consider using strcpy_s instead. To disable deprecation, use _CRT_SECURE_NO_WARNINGS. See online help for details.
  C:\Program Files (x86)\Windows Kits\10\Include\10.0.10240.0\ucrt\string.h(119): note:  см. объявление "strcpy"
D:\Projects\TextGames\TadsTerp\skif\terps\tads2\tads2_win\bif.c(2508): warning C4996: 'strcpy': This function or variable may be unsafe. Consider using strcpy_s instead. To disable deprecation, use _CRT_SECURE_NO_WARNINGS. See online help for details.
  C:\Program Files (x86)\Windows Kits\10\Include\10.0.10240.0\ucrt\string.h(119): note:  см. объявление "strcpy"
D:\Projects\TextGames\TadsTerp\skif\terps\tads2\tads2_win\bif.c(3652): warning C4267: +=: преобразование из "size_t" в "ushort"; возможна потеря данных
  suprun.c
d:\projects\textgames\tadsterp\skif\terps\tads2\tads2_win\osifc.h(724): warning C4005: os_va_copy: изменение макроопределения
  d:\projects\textgames\tadsterp\skif\terps\tads2\tads2_win\msdos\osdosbas.h(159): note: см. предыдущее определение "os_va_copy"
d:\projects\textgames\tadsterp\skif\terps\tads2\tads2_win\osifc.h(725): warning C4005: os_va_copy_end: изменение макроопределения
  d:\projects\textgames\tadsterp\skif\terps\tads2\tads2_win\msdos\osdosbas.h(160): note: см. предыдущее определение "os_va_copy_end"
  regex.c
d:\projects\textgames\tadsterp\skif\terps\tads2\tads2_win\osifc.h(724): warning C4005: os_va_copy: изменение макроопределения
  d:\projects\textgames\tadsterp\skif\terps\tads2\tads2_win\msdos\osdosbas.h(159): note: см. предыдущее определение "os_va_copy"
d:\projects\textgames\tadsterp\skif\terps\tads2\tads2_win\osifc.h(725): warning C4005: os_va_copy_end: изменение макроопределения
  d:\projects\textgames\tadsterp\skif\terps\tads2\tads2_win\msdos\osdosbas.h(160): note: см. предыдущее определение "os_va_copy_end"
  vocab.c
d:\projects\textgames\tadsterp\skif\terps\tads2\tads2_win\osifc.h(724): warning C4005: os_va_copy: изменение макроопределения
  d:\projects\textgames\tadsterp\skif\terps\tads2\tads2_win\msdos\osdosbas.h(159): note: см. предыдущее определение "os_va_copy"
d:\projects\textgames\tadsterp\skif\terps\tads2\tads2_win\osifc.h(725): warning C4005: os_va_copy_end: изменение макроопределения
  d:\projects\textgames\tadsterp\skif\terps\tads2\tads2_win\msdos\osdosbas.h(160): note: см. предыдущее определение "os_va_copy_end"
D:\Projects\TextGames\TadsTerp\skif\terps\tads2\tads2_win\vocab.c(1825): warning C4996: 'strcpy': This function or variable may be unsafe. Consider using strcpy_s instead. To disable deprecation, use _CRT_SECURE_NO_WARNINGS. See online help for details.
  C:\Program Files (x86)\Windows Kits\10\Include\10.0.10240.0\ucrt\string.h(119): note:  см. объявление "strcpy"
D:\Projects\TextGames\TadsTerp\skif\terps\tads2\tads2_win\vocab.c(1869): warning C4996: 'sprintf': This function or variable may be unsafe. Consider using sprintf_s instead. To disable deprecation, use _CRT_SECURE_NO_WARNINGS. See online help for details.
  C:\Program Files (x86)\Windows Kits\10\Include\10.0.10240.0\ucrt\stdio.h(1769): note:  см. объявление "sprintf"
D:\Projects\TextGames\TadsTerp\skif\terps\tads2\tads2_win\vocab.c(1877): warning C4996: 'strcpy': This function or variable may be unsafe. Consider using strcpy_s instead. To disable deprecation, use _CRT_SECURE_NO_WARNINGS. See online help for details.
  C:\Program Files (x86)\Windows Kits\10\Include\10.0.10240.0\ucrt\string.h(119): note:  см. объявление "strcpy"
D:\Projects\TextGames\TadsTerp\skif\terps\tads2\tads2_win\vocab.c(2070): warning C4996: 'sprintf': This function or variable may be unsafe. Consider using sprintf_s instead. To disable deprecation, use _CRT_SECURE_NO_WARNINGS. See online help for details.
  C:\Program Files (x86)\Windows Kits\10\Include\10.0.10240.0\ucrt\stdio.h(1769): note:  см. объявление "sprintf"
D:\Projects\TextGames\TadsTerp\skif\terps\tads2\tads2_win\vocab.c(2227): warning C4996: 'strcat': This function or variable may be unsafe. Consider using strcat_s instead. To disable deprecation, use _CRT_SECURE_NO_WARNINGS. See online help for details.
  C:\Program Files (x86)\Windows Kits\10\Include\10.0.10240.0\ucrt\string.h(90): note:  см. объявление "strcat"
D:\Projects\TextGames\TadsTerp\skif\terps\tads2\tads2_win\vocab.c(2446): warning C4996: 'strcat': This function or variable may be unsafe. Consider using strcat_s instead. To disable deprecation, use _CRT_SECURE_NO_WARNINGS. See online help for details.
  C:\Program Files (x86)\Windows Kits\10\Include\10.0.10240.0\ucrt\string.h(90): note:  см. объявление "strcat"
D:\Projects\TextGames\TadsTerp\skif\terps\tads2\tads2_win\vocab.c(2449): warning C4996: 'strcat': This function or variable may be unsafe. Consider using strcat_s instead. To disable deprecation, use _CRT_SECURE_NO_WARNINGS. See online help for details.
  C:\Program Files (x86)\Windows Kits\10\Include\10.0.10240.0\ucrt\string.h(90): note:  см. объявление "strcat"
D:\Projects\TextGames\TadsTerp\skif\terps\tads2\tads2_win\vocab.c(2452): warning C4996: 'strcat': This function or variable may be unsafe. Consider using strcat_s instead. To disable deprecation, use _CRT_SECURE_NO_WARNINGS. See online help for details.
  C:\Program Files (x86)\Windows Kits\10\Include\10.0.10240.0\ucrt\string.h(90): note:  см. объявление "strcat"
D:\Projects\TextGames\TadsTerp\skif\terps\tads2\tads2_win\vocab.c(4238): warning C4996: 'strcpy': This function or variable may be unsafe. Consider using strcpy_s instead. To disable deprecation, use _CRT_SECURE_NO_WARNINGS. See online help for details.
  C:\Program Files (x86)\Windows Kits\10\Include\10.0.10240.0\ucrt\string.h(119): note:  см. объявление "strcpy"
D:\Projects\TextGames\TadsTerp\skif\terps\tads2\tads2_win\vocab.c(4288): warning C4996: 'strcpy': This function or variable may be unsafe. Consider using strcpy_s instead. To disable deprecation, use _CRT_SECURE_NO_WARNINGS. See online help for details.
  C:\Program Files (x86)\Windows Kits\10\Include\10.0.10240.0\ucrt\string.h(119): note:  см. объявление "strcpy"
D:\Projects\TextGames\TadsTerp\skif\terps\tads2\tads2_win\vocab.c(4340): warning C4996: 'strcpy': This function or variable may be unsafe. Consider using strcpy_s instead. To disable deprecation, use _CRT_SECURE_NO_WARNINGS. See online help for details.
  C:\Program Files (x86)\Windows Kits\10\Include\10.0.10240.0\ucrt\string.h(119): note:  см. объявление "strcpy"
D:\Projects\TextGames\TadsTerp\skif\terps\tads2\tads2_win\vocab.c(4779): warning C4996: 'strncpy': This function or variable may be unsafe. Consider using strncpy_s instead. To disable deprecation, use _CRT_SECURE_NO_WARNINGS. See online help for details.
  C:\Program Files (x86)\Windows Kits\10\Include\10.0.10240.0\ucrt\string.h(346): note:  см. объявление "strncpy"
D:\Projects\TextGames\TadsTerp\skif\terps\tads2\tads2_win\vocab.c(6010): warning C4996: 'strcat': This function or variable may be unsafe. Consider using strcat_s instead. To disable deprecation, use _CRT_SECURE_NO_WARNINGS. See online help for details.
  C:\Program Files (x86)\Windows Kits\10\Include\10.0.10240.0\ucrt\string.h(90): note:  см. объявление "strcat"
D:\Projects\TextGames\TadsTerp\skif\terps\tads2\tads2_win\vocab.c(6013): warning C4996: 'strcat': This function or variable may be unsafe. Consider using strcat_s instead. To disable deprecation, use _CRT_SECURE_NO_WARNINGS. See online help for details.
  C:\Program Files (x86)\Windows Kits\10\Include\10.0.10240.0\ucrt\string.h(90): note:  см. объявление "strcat"
D:\Projects\TextGames\TadsTerp\skif\terps\tads2\tads2_win\vocab.c(6020): warning C4996: 'strcat': This function or variable may be unsafe. Consider using strcat_s instead. To disable deprecation, use _CRT_SECURE_NO_WARNINGS. See online help for details.
  C:\Program Files (x86)\Windows Kits\10\Include\10.0.10240.0\ucrt\string.h(90): note:  см. объявление "strcat"
D:\Projects\TextGames\TadsTerp\skif\terps\tads2\tads2_win\vocab.c(6701): warning C4996: 'strcpy': This function or variable may be unsafe. Consider using strcpy_s instead. To disable deprecation, use _CRT_SECURE_NO_WARNINGS. See online help for details.
  C:\Program Files (x86)\Windows Kits\10\Include\10.0.10240.0\ucrt\string.h(119): note:  см. объявление "strcpy"
D:\Projects\TextGames\TadsTerp\skif\terps\tads2\tads2_win\vocab.c(6754): warning C4996: 'strcpy': This function or variable may be unsafe. Consider using strcpy_s instead. To disable deprecation, use _CRT_SECURE_NO_WARNINGS. See online help for details.
  C:\Program Files (x86)\Windows Kits\10\Include\10.0.10240.0\ucrt\string.h(119): note:  см. объявление "strcpy"
D:\Projects\TextGames\TadsTerp\skif\terps\tads2\tads2_win\vocab.c(7037): warning C4996: 'strcpy': This function or variable may be unsafe. Consider using strcpy_s instead. To disable deprecation, use _CRT_SECURE_NO_WARNINGS. See online help for details.
  C:\Program Files (x86)\Windows Kits\10\Include\10.0.10240.0\ucrt\string.h(119): note:  см. объявление "strcpy"
D:\Projects\TextGames\TadsTerp\skif\terps\tads2\tads2_win\vocab.c(7049): warning C4996: 'strcat': This function or variable may be unsafe. Consider using strcat_s instead. To disable deprecation, use _CRT_SECURE_NO_WARNINGS. See online help for details.
  C:\Program Files (x86)\Windows Kits\10\Include\10.0.10240.0\ucrt\string.h(90): note:  см. объявление "strcat"
D:\Projects\TextGames\TadsTerp\skif\terps\tads2\tads2_win\vocab.c(7052): warning C4996: 'strcat': This function or variable may be unsafe. Consider using strcat_s instead. To disable deprecation, use _CRT_SECURE_NO_WARNINGS. See online help for details.
  C:\Program Files (x86)\Windows Kits\10\Include\10.0.10240.0\ucrt\string.h(90): note:  см. объявление "strcat"
D:\Projects\TextGames\TadsTerp\skif\terps\tads2\tads2_win\vocab.c(7058): warning C4996: 'strcpy': This function or variable may be unsafe. Consider using strcpy_s instead. To disable deprecation, use _CRT_SECURE_NO_WARNINGS. See online help for details.
  C:\Program Files (x86)\Windows Kits\10\Include\10.0.10240.0\ucrt\string.h(119): note:  см. объявление "strcpy"
D:\Projects\TextGames\TadsTerp\skif\terps\tads2\tads2_win\vocab.c(7099): warning C4996: 'strcpy': This function or variable may be unsafe. Consider using strcpy_s instead. To disable deprecation, use _CRT_SECURE_NO_WARNINGS. See online help for details.
  C:\Program Files (x86)\Windows Kits\10\Include\10.0.10240.0\ucrt\string.h(119): note:  см. объявление "strcpy"
D:\Projects\TextGames\TadsTerp\skif\terps\tads2\tads2_win\vocab.c(7155): warning C4996: 'sprintf': This function or variable may be unsafe. Consider using sprintf_s instead. To disable deprecation, use _CRT_SECURE_NO_WARNINGS. See online help for details.
  C:\Program Files (x86)\Windows Kits\10\Include\10.0.10240.0\ucrt\stdio.h(1769): note:  см. объявление "sprintf"
D:\Projects\TextGames\TadsTerp\skif\terps\tads2\tads2_win\vocab.c(7918): warning C4996: 'strcpy': This function or variable may be unsafe. Consider using strcpy_s instead. To disable deprecation, use _CRT_SECURE_NO_WARNINGS. See online help for details.
  C:\Program Files (x86)\Windows Kits\10\Include\10.0.10240.0\ucrt\string.h(119): note:  см. объявление "strcpy"
  execmd.c
d:\projects\textgames\tadsterp\skif\terps\tads2\tads2_win\osifc.h(724): warning C4005: os_va_copy: изменение макроопределения
  d:\projects\textgames\tadsterp\skif\terps\tads2\tads2_win\msdos\osdosbas.h(159): note: см. предыдущее определение "os_va_copy"
d:\projects\textgames\tadsterp\skif\terps\tads2\tads2_win\osifc.h(725): warning C4005: os_va_copy_end: изменение макроопределения
  d:\projects\textgames\tadsterp\skif\terps\tads2\tads2_win\msdos\osdosbas.h(160): note: см. предыдущее определение "os_va_copy_end"
D:\Projects\TextGames\TadsTerp\skif\terps\tads2\tads2_win\execmd.c(3595): warning C4996: 'strcpy': This function or variable may be unsafe. Consider using strcpy_s instead. To disable deprecation, use _CRT_SECURE_NO_WARNINGS. See online help for details.
  C:\Program Files (x86)\Windows Kits\10\Include\10.0.10240.0\ucrt\string.h(119): note:  см. объявление "strcpy"
D:\Projects\TextGames\TadsTerp\skif\terps\tads2\tads2_win\execmd.c(3674): warning C4996: 'strcpy': This function or variable may be unsafe. Consider using strcpy_s instead. To disable deprecation, use _CRT_SECURE_NO_WARNINGS. See online help for details.
  C:\Program Files (x86)\Windows Kits\10\Include\10.0.10240.0\ucrt\string.h(119): note:  см. объявление "strcpy"
  ply.c
d:\projects\textgames\tadsterp\skif\terps\tads2\tads2_win\osifc.h(724): warning C4005: os_va_copy: изменение макроопределения
  d:\projects\textgames\tadsterp\skif\terps\tads2\tads2_win\msdos\osdosbas.h(159): note: см. предыдущее определение "os_va_copy"
d:\projects\textgames\tadsterp\skif\terps\tads2\tads2_win\osifc.h(725): warning C4005: os_va_copy_end: изменение макроопределения
  d:\projects\textgames\tadsterp\skif\terps\tads2\tads2_win\msdos\osdosbas.h(160): note: см. предыдущее определение "os_va_copy_end"
D:\Projects\TextGames\TadsTerp\skif\terps\tads2\tads2_win\ply.c(201): warning C4996: 'sprintf': This function or variable may be unsafe. Consider using sprintf_s instead. To disable deprecation, use _CRT_SECURE_NO_WARNINGS. See online help for details.
  C:\Program Files (x86)\Windows Kits\10\Include\10.0.10240.0\ucrt\stdio.h(1769): note:  см. объявление "sprintf"
D:\Projects\TextGames\TadsTerp\skif\terps\tads2\tads2_win\ply.c(285): warning C4996: 'strcpy': This function or variable may be unsafe. Consider using strcpy_s instead. To disable deprecation, use _CRT_SECURE_NO_WARNINGS. See online help for details.
  C:\Program Files (x86)\Windows Kits\10\Include\10.0.10240.0\ucrt\string.h(119): note:  см. объявление "strcpy"
  qas.c
d:\projects\textgames\tadsterp\skif\terps\tads2\tads2_win\osifc.h(724): warning C4005: os_va_copy: изменение макроопределения
  d:\projects\textgames\tadsterp\skif\terps\tads2\tads2_win\msdos\osdosbas.h(159): note: см. предыдущее определение "os_va_copy"
d:\projects\textgames\tadsterp\skif\terps\tads2\tads2_win\osifc.h(725): warning C4005: os_va_copy_end: изменение макроопределения
  d:\projects\textgames\tadsterp\skif\terps\tads2\tads2_win\msdos\osdosbas.h(160): note: см. предыдущее определение "os_va_copy_end"
  trd.c
d:\projects\textgames\tadsterp\skif\terps\tads2\tads2_win\osifc.h(724): warning C4005: os_va_copy: изменение макроопределения
  d:\projects\textgames\tadsterp\skif\terps\tads2\tads2_win\msdos\osdosbas.h(159): note: см. предыдущее определение "os_va_copy"
d:\projects\textgames\tadsterp\skif\terps\tads2\tads2_win\osifc.h(725): warning C4005: os_va_copy_end: изменение макроопределения
  d:\projects\textgames\tadsterp\skif\terps\tads2\tads2_win\msdos\osdosbas.h(160): note: см. предыдущее определение "os_va_copy_end"
D:\Projects\TextGames\TadsTerp\skif\terps\tads2\tads2_win\trd.c(47): warning C4996: 'strcpy': This function or variable may be unsafe. Consider using strcpy_s instead. To disable deprecation, use _CRT_SECURE_NO_WARNINGS. See online help for details.
  C:\Program Files (x86)\Windows Kits\10\Include\10.0.10240.0\ucrt\string.h(119): note:  см. объявление "strcpy"
D:\Projects\TextGames\TadsTerp\skif\terps\tads2\tads2_win\trd.c(92): warning C4996: 'vsprintf': This function or variable may be unsafe. Consider using vsprintf_s instead. To disable deprecation, use _CRT_SECURE_NO_WARNINGS. See online help for details.
  C:\Program Files (x86)\Windows Kits\10\Include\10.0.10240.0\ucrt\stdio.h(1465): note:  см. объявление "vsprintf"
D:\Projects\TextGames\TadsTerp\skif\terps\tads2\tads2_win\trd.c(280): warning C4996: 'stricmp': The POSIX name for this item is deprecated. Instead, use the ISO C and C++ conformant name: _stricmp. See online help for details.
  C:\Program Files (x86)\Windows Kits\10\Include\10.0.10240.0\ucrt\string.h(568): note:  см. объявление "stricmp"
D:\Projects\TextGames\TadsTerp\skif\terps\tads2\tads2_win\trd.c(289): warning C4996: 'strnicmp': The POSIX name for this item is deprecated. Instead, use the ISO C and C++ conformant name: _strnicmp. See online help for details.
  C:\Program Files (x86)\Windows Kits\10\Include\10.0.10240.0\ucrt\string.h(579): note:  см. объявление "strnicmp"
D:\Projects\TextGames\TadsTerp\skif\terps\tads2\tads2_win\trd.c(496): warning C4996: 'access': The POSIX name for this item is deprecated. Instead, use the ISO C and C++ conformant name: _access. See online help for details.
  C:\Program Files (x86)\Windows Kits\10\Include\10.0.10240.0\ucrt\corecrt_io.h(439): note:  см. объявление "access"
D:\Projects\TextGames\TadsTerp\skif\terps\tads2\tads2_win\trd.c(498): warning C4996: 'strcpy': This function or variable may be unsafe. Consider using strcpy_s instead. To disable deprecation, use _CRT_SECURE_NO_WARNINGS. See online help for details.
  C:\Program Files (x86)\Windows Kits\10\Include\10.0.10240.0\ucrt\string.h(119): note:  см. объявление "strcpy"
D:\Projects\TextGames\TadsTerp\skif\terps\tads2\tads2_win\trd.c(723): warning C4996: 'sprintf': This function or variable may be unsafe. Consider using sprintf_s instead. To disable deprecation, use _CRT_SECURE_NO_WARNINGS. See online help for details.
  C:\Program Files (x86)\Windows Kits\10\Include\10.0.10240.0\ucrt\stdio.h(1769): note:  см. объявление "sprintf"
  dbgtr.c
d:\projects\textgames\tadsterp\skif\terps\tads2\tads2_win\osifc.h(724): warning C4005: os_va_copy: изменение макроопределения
  d:\projects\textgames\tadsterp\skif\terps\tads2\tads2_win\msdos\osdosbas.h(159): note: см. предыдущее определение "os_va_copy"
d:\projects\textgames\tadsterp\skif\terps\tads2\tads2_win\osifc.h(725): warning C4005: os_va_copy_end: изменение макроопределения
  d:\projects\textgames\tadsterp\skif\terps\tads2\tads2_win\msdos\osdosbas.h(160): note: см. предыдущее определение "os_va_copy_end"
  linfdum.c
d:\projects\textgames\tadsterp\skif\terps\tads2\tads2_win\osifc.h(724): warning C4005: os_va_copy: изменение макроопределения
  d:\projects\textgames\tadsterp\skif\terps\tads2\tads2_win\msdos\osdosbas.h(159): note: см. предыдущее определение "os_va_copy"
d:\projects\textgames\tadsterp\skif\terps\tads2\tads2_win\osifc.h(725): warning C4005: os_va_copy_end: изменение макроопределения
  d:\projects\textgames\tadsterp\skif\terps\tads2\tads2_win\msdos\osdosbas.h(160): note: см. предыдущее определение "os_va_copy_end"
  osrestad.c
d:\projects\textgames\tadsterp\skif\terps\tads2\tads2_win\osifc.h(724): warning C4005: os_va_copy: изменение макроопределения
  d:\projects\textgames\tadsterp\skif\terps\tads2\tads2_win\msdos\osdosbas.h(159): note: см. предыдущее определение "os_va_copy"
d:\projects\textgames\tadsterp\skif\terps\tads2\tads2_win\osifc.h(725): warning C4005: os_va_copy_end: изменение макроопределения
  d:\projects\textgames\tadsterp\skif\terps\tads2\tads2_win\msdos\osdosbas.h(160): note: см. предыдущее определение "os_va_copy_end"
D:\Projects\TextGames\TadsTerp\skif\terps\tads2\tads2_win\osrestad.c(94): warning C4996: 'strcpy': This function or variable may be unsafe. Consider using strcpy_s instead. To disable deprecation, use _CRT_SECURE_NO_WARNINGS. See online help for details.
  C:\Program Files (x86)\Windows Kits\10\Include\10.0.10240.0\ucrt\string.h(119): note:  см. объявление "strcpy"
  bifgdum.c
d:\projects\textgames\tadsterp\skif\terps\tads2\tads2_win\osifc.h(724): warning C4005: os_va_copy: изменение макроопределения
  d:\projects\textgames\tadsterp\skif\terps\tads2\tads2_win\msdos\osdosbas.h(159): note: см. предыдущее определение "os_va_copy"
d:\projects\textgames\tadsterp\skif\terps\tads2\tads2_win\osifc.h(725): warning C4005: os_va_copy_end: изменение макроопределения
  d:\projects\textgames\tadsterp\skif\terps\tads2\tads2_win\msdos\osdosbas.h(160): note: см. предыдущее определение "os_va_copy_end"
  output.c
d:\projects\textgames\tadsterp\skif\terps\tads2\tads2_win\osifc.h(724): warning C4005: os_va_copy: изменение макроопределения
  d:\projects\textgames\tadsterp\skif\terps\tads2\tads2_win\msdos\osdosbas.h(159): note: см. предыдущее определение "os_va_copy"
d:\projects\textgames\tadsterp\skif\terps\tads2\tads2_win\osifc.h(725): warning C4005: os_va_copy_end: изменение макроопределения
  d:\projects\textgames\tadsterp\skif\terps\tads2\tads2_win\msdos\osdosbas.h(160): note: см. предыдущее определение "os_va_copy_end"
D:\Projects\TextGames\TadsTerp\skif\terps\tads2\tads2_win\output.c(1612): warning C4267: =: преобразование из "size_t" в "uchar"; возможна потеря данных
D:\Projects\TextGames\TadsTerp\skif\terps\tads2\tads2_win\output.c(1923): warning C4996: 'strcpy': This function or variable may be unsafe. Consider using strcpy_s instead. To disable deprecation, use _CRT_SECURE_NO_WARNINGS. See online help for details.
  C:\Program Files (x86)\Windows Kits\10\Include\10.0.10240.0\ucrt\string.h(119): note:  см. объявление "strcpy"
D:\Projects\TextGames\TadsTerp\skif\terps\tads2\tads2_win\output.c(2165): warning C4996: 'stricmp': The POSIX name for this item is deprecated. Instead, use the ISO C and C++ conformant name: _stricmp. See online help for details.
  C:\Program Files (x86)\Windows Kits\10\Include\10.0.10240.0\ucrt\string.h(568): note:  см. объявление "stricmp"
D:\Projects\TextGames\TadsTerp\skif\terps\tads2\tads2_win\output.c(2192): warning C4996: 'stricmp': The POSIX name for this item is deprecated. Instead, use the ISO C and C++ conformant name: _stricmp. See online help for details.
  C:\Program Files (x86)\Windows Kits\10\Include\10.0.10240.0\ucrt\string.h(568): note:  см. объявление "stricmp"
D:\Projects\TextGames\TadsTerp\skif\terps\tads2\tads2_win\output.c(2456): warning C4996: 'stricmp': The POSIX name for this item is deprecated. Instead, use the ISO C and C++ conformant name: _stricmp. See online help for details.
  C:\Program Files (x86)\Windows Kits\10\Include\10.0.10240.0\ucrt\string.h(568): note:  см. объявление "stricmp"
D:\Projects\TextGames\TadsTerp\skif\terps\tads2\tads2_win\output.c(2470): warning C4996: 'stricmp': The POSIX name for this item is deprecated. Instead, use the ISO C and C++ conformant name: _stricmp. See online help for details.
  C:\Program Files (x86)\Windows Kits\10\Include\10.0.10240.0\ucrt\string.h(568): note:  см. объявление "stricmp"
D:\Projects\TextGames\TadsTerp\skif\terps\tads2\tads2_win\output.c(2471): warning C4996: 'stricmp': The POSIX name for this item is deprecated. Instead, use the ISO C and C++ conformant name: _stricmp. See online help for details.
  C:\Program Files (x86)\Windows Kits\10\Include\10.0.10240.0\ucrt\string.h(568): note:  см. объявление "stricmp"
D:\Projects\TextGames\TadsTerp\skif\terps\tads2\tads2_win\output.c(2472): warning C4996: 'stricmp': The POSIX name for this item is deprecated. Instead, use the ISO C and C++ conformant name: _stricmp. See online help for details.
  C:\Program Files (x86)\Windows Kits\10\Include\10.0.10240.0\ucrt\string.h(568): note:  см. объявление "stricmp"
D:\Projects\TextGames\TadsTerp\skif\terps\tads2\tads2_win\output.c(2473): warning C4996: 'stricmp': The POSIX name for this item is deprecated. Instead, use the ISO C and C++ conformant name: _stricmp. See online help for details.
  C:\Program Files (x86)\Windows Kits\10\Include\10.0.10240.0\ucrt\string.h(568): note:  см. объявление "stricmp"
D:\Projects\TextGames\TadsTerp\skif\terps\tads2\tads2_win\output.c(2517): warning C4996: 'stricmp': The POSIX name for this item is deprecated. Instead, use the ISO C and C++ conformant name: _stricmp. See online help for details.
  C:\Program Files (x86)\Windows Kits\10\Include\10.0.10240.0\ucrt\string.h(568): note:  см. объявление "stricmp"
D:\Projects\TextGames\TadsTerp\skif\terps\tads2\tads2_win\output.c(2523): warning C4996: 'stricmp': The POSIX name for this item is deprecated. Instead, use the ISO C and C++ conformant name: _stricmp. See online help for details.
  C:\Program Files (x86)\Windows Kits\10\Include\10.0.10240.0\ucrt\string.h(568): note:  см. объявление "stricmp"
D:\Projects\TextGames\TadsTerp\skif\terps\tads2\tads2_win\output.c(2529): warning C4996: 'stricmp': The POSIX name for this item is deprecated. Instead, use the ISO C and C++ conformant name: _stricmp. See online help for details.
  C:\Program Files (x86)\Windows Kits\10\Include\10.0.10240.0\ucrt\string.h(568): note:  см. объявление "stricmp"
D:\Projects\TextGames\TadsTerp\skif\terps\tads2\tads2_win\output.c(2534): warning C4996: 'stricmp': The POSIX name for this item is deprecated. Instead, use the ISO C and C++ conformant name: _stricmp. See online help for details.
  C:\Program Files (x86)\Windows Kits\10\Include\10.0.10240.0\ucrt\string.h(568): note:  см. объявление "stricmp"
D:\Projects\TextGames\TadsTerp\skif\terps\tads2\tads2_win\output.c(2567): warning C4996: 'stricmp': The POSIX name for this item is deprecated. Instead, use the ISO C and C++ conformant name: _stricmp. See online help for details.
  C:\Program Files (x86)\Windows Kits\10\Include\10.0.10240.0\ucrt\string.h(568): note:  см. объявление "stricmp"
D:\Projects\TextGames\TadsTerp\skif\terps\tads2\tads2_win\output.c(2596): warning C4996: 'stricmp': The POSIX name for this item is deprecated. Instead, use the ISO C and C++ conformant name: _stricmp. See online help for details.
  C:\Program Files (x86)\Windows Kits\10\Include\10.0.10240.0\ucrt\string.h(568): note:  см. объявление "stricmp"
D:\Projects\TextGames\TadsTerp\skif\terps\tads2\tads2_win\output.c(2643): warning C4996: 'stricmp': The POSIX name for this item is deprecated. Instead, use the ISO C and C++ conformant name: _stricmp. See online help for details.
  C:\Program Files (x86)\Windows Kits\10\Include\10.0.10240.0\ucrt\string.h(568): note:  см. объявление "stricmp"
D:\Projects\TextGames\TadsTerp\skif\terps\tads2\tads2_win\output.c(2651): warning C4996: 'stricmp': The POSIX name for this item is deprecated. Instead, use the ISO C and C++ conformant name: _stricmp. See online help for details.
  C:\Program Files (x86)\Windows Kits\10\Include\10.0.10240.0\ucrt\string.h(568): note:  см. объявление "stricmp"
D:\Projects\TextGames\TadsTerp\skif\terps\tads2\tads2_win\output.c(2704): warning C4996: 'stricmp': The POSIX name for this item is deprecated. Instead, use the ISO C and C++ conformant name: _stricmp. See online help for details.
  C:\Program Files (x86)\Windows Kits\10\Include\10.0.10240.0\ucrt\string.h(568): note:  см. объявление "stricmp"
D:\Projects\TextGames\TadsTerp\skif\terps\tads2\tads2_win\output.c(3176): warning C4996: 'strcpy': This function or variable may be unsafe. Consider using strcpy_s instead. To disable deprecation, use _CRT_SECURE_NO_WARNINGS. See online help for details.
  C:\Program Files (x86)\Windows Kits\10\Include\10.0.10240.0\ucrt\string.h(119): note:  см. объявление "strcpy"
  osstzprs.c
d:\projects\textgames\tadsterp\skif\terps\tads2\tads2_win\osifc.h(724): warning C4005: os_va_copy: изменение макроопределения
  d:\projects\textgames\tadsterp\skif\terps\tads2\tads2_win\msdos\osdosbas.h(159): note: см. предыдущее определение "os_va_copy"
d:\projects\textgames\tadsterp\skif\terps\tads2\tads2_win\osifc.h(725): warning C4005: os_va_copy_end: изменение макроопределения
  d:\projects\textgames\tadsterp\skif\terps\tads2\tads2_win\msdos\osdosbas.h(160): note: см. предыдущее определение "os_va_copy_end"
  osnoui.c
d:\projects\textgames\tadsterp\skif\terps\tads2\tads2_win\osifc.h(724): warning C4005: os_va_copy: изменение макроопределения
  d:\projects\textgames\tadsterp\skif\terps\tads2\tads2_win\msdos\osdosbas.h(159): note: см. предыдущее определение "os_va_copy"
d:\projects\textgames\tadsterp\skif\terps\tads2\tads2_win\osifc.h(725): warning C4005: os_va_copy_end: изменение макроопределения
  d:\projects\textgames\tadsterp\skif\terps\tads2\tads2_win\msdos\osdosbas.h(160): note: см. предыдущее определение "os_va_copy_end"
D:\Projects\TextGames\TadsTerp\skif\terps\tads2\tads2_win\osnoui.c(142): warning C4996: 'strcat': This function or variable may be unsafe. Consider using strcat_s instead. To disable deprecation, use _CRT_SECURE_NO_WARNINGS. See online help for details.
  C:\Program Files (x86)\Windows Kits\10\Include\10.0.10240.0\ucrt\string.h(90): note:  см. объявление "strcat"
D:\Projects\TextGames\TadsTerp\skif\terps\tads2\tads2_win\osnoui.c(143): warning C4996: 'strcat': This function or variable may be unsafe. Consider using strcat_s instead. To disable deprecation, use _CRT_SECURE_NO_WARNINGS. See online help for details.
  C:\Program Files (x86)\Windows Kits\10\Include\10.0.10240.0\ucrt\string.h(90): note:  см. объявление "strcat"
D:\Projects\TextGames\TadsTerp\skif\terps\tads2\tads2_win\osnoui.c(155): warning C4996: 'strcat': This function or variable may be unsafe. Consider using strcat_s instead. To disable deprecation, use _CRT_SECURE_NO_WARNINGS. See online help for details.
  C:\Program Files (x86)\Windows Kits\10\Include\10.0.10240.0\ucrt\string.h(90): note:  см. объявление "strcat"
D:\Projects\TextGames\TadsTerp\skif\terps\tads2\tads2_win\osnoui.c(156): warning C4996: 'strcat': This function or variable may be unsafe. Consider using strcat_s instead. To disable deprecation, use _CRT_SECURE_NO_WARNINGS. See online help for details.
  C:\Program Files (x86)\Windows Kits\10\Include\10.0.10240.0\ucrt\string.h(90): note:  см. объявление "strcat"
D:\Projects\TextGames\TadsTerp\skif\terps\tads2\tads2_win\osnoui.c(835): warning C4996: 'strncpy': This function or variable may be unsafe. Consider using strncpy_s instead. To disable deprecation, use _CRT_SECURE_NO_WARNINGS. See online help for details.
  C:\Program Files (x86)\Windows Kits\10\Include\10.0.10240.0\ucrt\string.h(346): note:  см. объявление "strncpy"
D:\Projects\TextGames\TadsTerp\skif\terps\tads2\tads2_win\osnoui.c(904): warning C4996: 'strncpy': This function or variable may be unsafe. Consider using strncpy_s instead. To disable deprecation, use _CRT_SECURE_NO_WARNINGS. See online help for details.
  C:\Program Files (x86)\Windows Kits\10\Include\10.0.10240.0\ucrt\string.h(346): note:  см. объявление "strncpy"
D:\Projects\TextGames\TadsTerp\skif\terps\tads2\tads2_win\osnoui.c(909): warning C4996: 'strcpy': This function or variable may be unsafe. Consider using strcpy_s instead. To disable deprecation, use _CRT_SECURE_NO_WARNINGS. See online help for details.
  C:\Program Files (x86)\Windows Kits\10\Include\10.0.10240.0\ucrt\string.h(119): note:  см. объявление "strcpy"
D:\Projects\TextGames\TadsTerp\skif\terps\tads2\tads2_win\osnoui.c(944): warning C4996: 'getenv': This function or variable may be unsafe. Consider using _dupenv_s instead. To disable deprecation, use _CRT_SECURE_NO_WARNINGS. See online help for details.
  C:\Program Files (x86)\Windows Kits\10\Include\10.0.10240.0\ucrt\stdlib.h(1183): note:  см. объявление "getenv"
D:\Projects\TextGames\TadsTerp\skif\terps\tads2\tads2_win\osnoui.c(966): warning C4996: 'access': The POSIX name for this item is deprecated. Instead, use the ISO C and C++ conformant name: _access. See online help for details.
  C:\Program Files (x86)\Windows Kits\10\Include\10.0.10240.0\ucrt\corecrt_io.h(439): note:  см. объявление "access"
D:\Projects\TextGames\TadsTerp\skif\terps\tads2\tads2_win\osnoui.c(986): warning C4996: 'access': The POSIX name for this item is deprecated. Instead, use the ISO C and C++ conformant name: _access. See online help for details.
  C:\Program Files (x86)\Windows Kits\10\Include\10.0.10240.0\ucrt\corecrt_io.h(439): note:  см. объявление "access"
D:\Projects\TextGames\TadsTerp\skif\terps\tads2\tads2_win\osnoui.c(1009): warning C4996: 'access': The POSIX name for this item is deprecated. Instead, use the ISO C and C++ conformant name: _access. See online help for details.
  C:\Program Files (x86)\Windows Kits\10\Include\10.0.10240.0\ucrt\corecrt_io.h(439): note:  см. объявление "access"
D:\Projects\TextGames\TadsTerp\skif\terps\tads2\tads2_win\osnoui.c(1171): warning C4013: fname_memcmp: нет определения; предполагается "extern" с возвратом типа "int"
D:\Projects\TextGames\TadsTerp\skif\terps\tads2\tads2_win\osnoui.c(1590): warning C4996: 'sprintf': This function or variable may be unsafe. Consider using sprintf_s instead. To disable deprecation, use _CRT_SECURE_NO_WARNINGS. See online help for details.
  C:\Program Files (x86)\Windows Kits\10\Include\10.0.10240.0\ucrt\stdio.h(1769): note:  см. объявление "sprintf"
  ostzw32.c
d:\projects\textgames\tadsterp\skif\terps\tads2\tads2_win\osifc.h(724): warning C4005: os_va_copy: изменение макроопределения
  d:\projects\textgames\tadsterp\skif\terps\tads2\tads2_win\msdos\osdosbas.h(159): note: см. предыдущее определение "os_va_copy"
d:\projects\textgames\tadsterp\skif\terps\tads2\tads2_win\osifc.h(725): warning C4005: os_va_copy_end: изменение макроопределения
  d:\projects\textgames\tadsterp\skif\terps\tads2\tads2_win\msdos\osdosbas.h(160): note: см. предыдущее определение "os_va_copy_end"
  os0tr.c
d:\projects\textgames\tadsterp\skif\terps\tads2\tads2_win\osifc.h(724): warning C4005: os_va_copy: изменение макроопределения
  d:\projects\textgames\tadsterp\skif\terps\tads2\tads2_win\msdos\osdosbas.h(159): note: см. предыдущее определение "os_va_copy"
d:\projects\textgames\tadsterp\skif\terps\tads2\tads2_win\osifc.h(725): warning C4005: os_va_copy_end: изменение макроопределения
  d:\projects\textgames\tadsterp\skif\terps\tads2\tads2_win\msdos\osdosbas.h(160): note: см. предыдущее определение "os_va_copy_end"
  Создание кода...
  tads2.vcxproj -> D:\Projects\TextGames\TadsTerp\skif\build\terps\tads2\tads2_win\Debug\tads2.lib
