d:\projects\textgames\tadsterp\skif\build\terps\tads2\tads2_win\tads2.dir\debug\tads2.pdb
d:\projects\textgames\tadsterp\skif\build\terps\tads2\tads2_win\cmakefiles\generate.stamp
c:\program files\infowatch\devicemonitor\client\logs\print\printlogverbose_[lib.exe__9064__2019.10.21_19.10.25].txt
c:\program files\infowatch\devicemonitor\client\logs\detours\hookapidetourslogverbose_[lib.exe__9064__2019.10.21_19.10.25].txt
c:\program files\infowatch\devicemonitor\client\logs\clipboard\clipboardmonitorlogverbose_[lib.exe__9064__2019.10.21_19.10.25].txt
c:\program files\infowatch\devicemonitor\client\logs\copymove\copymovelogverbose_[lib.exe__9064__2019.10.21_19.10.25].txt
c:\program files\infowatch\devicemonitor\client\logs\mtp\mtplogverbose_[lib.exe_9064__2019.10.21_19.10.25].txt
c:\program files\infowatch\devicemonitor\client\logs\soundcapture\soundcapturelogverbose_[lib.exe__9064__2019.10.21_19.10.25].txt
c:\program files\infowatch\devicemonitor\client\logs\print\printlogverbose_[link.exe__13592__2019.10.21_19.10.25].txt
c:\program files\infowatch\devicemonitor\client\logs\detours\hookapidetourslogverbose_[link.exe__13592__2019.10.21_19.10.25].txt
c:\program files\infowatch\devicemonitor\client\logs\clipboard\clipboardmonitorlogverbose_[link.exe__13592__2019.10.21_19.10.25].txt
c:\program files\infowatch\devicemonitor\client\logs\copymove\copymovelogverbose_[link.exe__13592__2019.10.21_19.10.25].txt
c:\program files\infowatch\devicemonitor\client\logs\mtp\mtplogverbose_[link.exe_13592__2019.10.21_19.10.25].txt
c:\program files\infowatch\devicemonitor\client\logs\soundcapture\soundcapturelogverbose_[link.exe__13592__2019.10.21_19.10.25].txt
d:\projects\textgames\tadsterp\skif\build\terps\tads2\tads2_win\debug\tads2.lib
d:\projects\textgames\tadsterp\skif\build\terps\tads2\tads2_win\tads2.dir\debug\argize.obj
d:\projects\textgames\tadsterp\skif\build\terps\tads2\tads2_win\tads2.dir\debug\askf_os.obj
d:\projects\textgames\tadsterp\skif\build\terps\tads2\tads2_win\tads2.dir\debug\bif.obj
d:\projects\textgames\tadsterp\skif\build\terps\tads2\tads2_win\tads2.dir\debug\bifgdum.obj
d:\projects\textgames\tadsterp\skif\build\terps\tads2\tads2_win\tads2.dir\debug\cmap.obj
d:\projects\textgames\tadsterp\skif\build\terps\tads2\tads2_win\tads2.dir\debug\cmd.obj
d:\projects\textgames\tadsterp\skif\build\terps\tads2\tads2_win\tads2.dir\debug\dat.obj
d:\projects\textgames\tadsterp\skif\build\terps\tads2\tads2_win\tads2.dir\debug\dbgtr.obj
d:\projects\textgames\tadsterp\skif\build\terps\tads2\tads2_win\tads2.dir\debug\errmsg.obj
d:\projects\textgames\tadsterp\skif\build\terps\tads2\tads2_win\tads2.dir\debug\execmd.obj
d:\projects\textgames\tadsterp\skif\build\terps\tads2\tads2_win\tads2.dir\debug\fio.obj
d:\projects\textgames\tadsterp\skif\build\terps\tads2\tads2_win\tads2.dir\debug\fioxor.obj
d:\projects\textgames\tadsterp\skif\build\terps\tads2\tads2_win\tads2.dir\debug\getstr.obj
d:\projects\textgames\tadsterp\skif\build\terps\tads2\tads2_win\tads2.dir\debug\indlg_os.obj
d:\projects\textgames\tadsterp\skif\build\terps\tads2\tads2_win\tads2.dir\debug\ler.obj
d:\projects\textgames\tadsterp\skif\build\terps\tads2\tads2_win\tads2.dir\debug\linfdum.obj
d:\projects\textgames\tadsterp\skif\build\terps\tads2\tads2_win\tads2.dir\debug\lst.obj
d:\projects\textgames\tadsterp\skif\build\terps\tads2\tads2_win\tads2.dir\debug\mch.obj
d:\projects\textgames\tadsterp\skif\build\terps\tads2\tads2_win\tads2.dir\debug\mcm.obj
d:\projects\textgames\tadsterp\skif\build\terps\tads2\tads2_win\tads2.dir\debug\mcs.obj
d:\projects\textgames\tadsterp\skif\build\terps\tads2\tads2_win\tads2.dir\debug\obj.obj
d:\projects\textgames\tadsterp\skif\build\terps\tads2\tads2_win\tads2.dir\debug\os0tr.obj
d:\projects\textgames\tadsterp\skif\build\terps\tads2\tads2_win\tads2.dir\debug\oserr.obj
d:\projects\textgames\tadsterp\skif\build\terps\tads2\tads2_win\tads2.dir\debug\osifc.obj
d:\projects\textgames\tadsterp\skif\build\terps\tads2\tads2_win\tads2.dir\debug\osnoui.obj
d:\projects\textgames\tadsterp\skif\build\terps\tads2\tads2_win\tads2.dir\debug\osrestad.obj
d:\projects\textgames\tadsterp\skif\build\terps\tads2\tads2_win\tads2.dir\debug\osstzprs.obj
d:\projects\textgames\tadsterp\skif\build\terps\tads2\tads2_win\tads2.dir\debug\ostzw32.obj
d:\projects\textgames\tadsterp\skif\build\terps\tads2\tads2_win\tads2.dir\debug\out.obj
d:\projects\textgames\tadsterp\skif\build\terps\tads2\tads2_win\tads2.dir\debug\output.obj
d:\projects\textgames\tadsterp\skif\build\terps\tads2\tads2_win\tads2.dir\debug\ply.obj
d:\projects\textgames\tadsterp\skif\build\terps\tads2\tads2_win\tads2.dir\debug\qas.obj
d:\projects\textgames\tadsterp\skif\build\terps\tads2\tads2_win\tads2.dir\debug\regex.obj
d:\projects\textgames\tadsterp\skif\build\terps\tads2\tads2_win\tads2.dir\debug\run.obj
d:\projects\textgames\tadsterp\skif\build\terps\tads2\tads2_win\tads2.dir\debug\runstat.obj
d:\projects\textgames\tadsterp\skif\build\terps\tads2\tads2_win\tads2.dir\debug\suprun.obj
d:\projects\textgames\tadsterp\skif\build\terps\tads2\tads2_win\tads2.dir\debug\trd.obj
d:\projects\textgames\tadsterp\skif\build\terps\tads2\tads2_win\tads2.dir\debug\voc.obj
d:\projects\textgames\tadsterp\skif\build\terps\tads2\tads2_win\tads2.dir\debug\vocab.obj
d:\projects\textgames\tadsterp\skif\build\terps\tads2\tads2_win\debug\tads2.pdb
d:\projects\textgames\tadsterp\skif\build\terps\tads2\tads2_win\tads2.dir\debug\tads2.tlog\cl.command.1.tlog
d:\projects\textgames\tadsterp\skif\build\terps\tads2\tads2_win\tads2.dir\debug\tads2.tlog\cl.read.1.tlog
d:\projects\textgames\tadsterp\skif\build\terps\tads2\tads2_win\tads2.dir\debug\tads2.tlog\cl.write.1.tlog
d:\projects\textgames\tadsterp\skif\build\terps\tads2\tads2_win\tads2.dir\debug\tads2.tlog\custombuild.command.1.tlog
d:\projects\textgames\tadsterp\skif\build\terps\tads2\tads2_win\tads2.dir\debug\tads2.tlog\custombuild.read.1.tlog
d:\projects\textgames\tadsterp\skif\build\terps\tads2\tads2_win\tads2.dir\debug\tads2.tlog\custombuild.write.1.tlog
d:\projects\textgames\tadsterp\skif\build\terps\tads2\tads2_win\tads2.dir\debug\tads2.tlog\lib.command.1.tlog
d:\projects\textgames\tadsterp\skif\build\terps\tads2\tads2_win\tads2.dir\debug\tads2.tlog\lib.read.1.tlog
d:\projects\textgames\tadsterp\skif\build\terps\tads2\tads2_win\tads2.dir\debug\tads2.tlog\lib.write.1.tlog
