  Building Custom Rule D:/Projects/TextGames/TadsTerp/skif/core/live555/groupsock/CMakeLists.txt
  CMake does not need to re-run because D:/Projects/TextGames/TadsTerp/skif/build/core/live555/groupsock/CMakeFiles/generate.stamp is up-to-date.
  GroupEId.cpp
  Groupsock.cpp
D:\Projects\TextGames\TadsTerp\skif\core\live555\groupsock\Groupsock.cpp(545): warning C4996: 'sprintf': This function or variable may be unsafe. Consider using sprintf_s instead. To disable deprecation, use _CRT_SECURE_NO_WARNINGS. See online help for details.
  C:\Program Files (x86)\Windows Kits\10\Include\10.0.10240.0\ucrt\stdio.h(1769): note:  см. объявление "sprintf"
D:\Projects\TextGames\TadsTerp\skif\core\live555\groupsock\Groupsock.cpp(557): warning C4996: 'sprintf': This function or variable may be unsafe. Consider using sprintf_s instead. To disable deprecation, use _CRT_SECURE_NO_WARNINGS. See online help for details.
  C:\Program Files (x86)\Windows Kits\10\Include\10.0.10240.0\ucrt\stdio.h(1769): note:  см. объявление "sprintf"
  GroupsockHelper.cpp
D:\Projects\TextGames\TadsTerp\skif\core\live555\groupsock\GroupsockHelper.cpp(157): warning C4996: 'sprintf': This function or variable may be unsafe. Consider using sprintf_s instead. To disable deprecation, use _CRT_SECURE_NO_WARNINGS. See online help for details.
  C:\Program Files (x86)\Windows Kits\10\Include\10.0.10240.0\ucrt\stdio.h(1769): note:  см. объявление "sprintf"
D:\Projects\TextGames\TadsTerp\skif\core\live555\groupsock\GroupsockHelper.cpp(305): warning C4996: 'sprintf': This function or variable may be unsafe. Consider using sprintf_s instead. To disable deprecation, use _CRT_SECURE_NO_WARNINGS. See online help for details.
  C:\Program Files (x86)\Windows Kits\10\Include\10.0.10240.0\ucrt\stdio.h(1769): note:  см. объявление "sprintf"
D:\Projects\TextGames\TadsTerp\skif\core\live555\groupsock\GroupsockHelper.cpp(402): warning C4996: 'sprintf': This function or variable may be unsafe. Consider using sprintf_s instead. To disable deprecation, use _CRT_SECURE_NO_WARNINGS. See online help for details.
  C:\Program Files (x86)\Windows Kits\10\Include\10.0.10240.0\ucrt\stdio.h(1769): note:  см. объявление "sprintf"
D:\Projects\TextGames\TadsTerp\skif\core\live555\groupsock\GroupsockHelper.cpp(751): warning C4996: 'sprintf': This function or variable may be unsafe. Consider using sprintf_s instead. To disable deprecation, use _CRT_SECURE_NO_WARNINGS. See online help for details.
  C:\Program Files (x86)\Windows Kits\10\Include\10.0.10240.0\ucrt\stdio.h(1769): note:  см. объявление "sprintf"
D:\Projects\TextGames\TadsTerp\skif\core\live555\groupsock\GroupsockHelper.cpp(788): warning C4996: 'ctime': This function or variable may be unsafe. Consider using ctime_s instead. To disable deprecation, use _CRT_SECURE_NO_WARNINGS. See online help for details.
  C:\Program Files (x86)\Windows Kits\10\Include\10.0.10240.0\ucrt\time.h(475): note:  см. объявление "ctime"
D:\Projects\TextGames\TadsTerp\skif\core\live555\groupsock\GroupsockHelper.cpp(790): warning C4996: 'sprintf': This function or variable may be unsafe. Consider using sprintf_s instead. To disable deprecation, use _CRT_SECURE_NO_WARNINGS. See online help for details.
  C:\Program Files (x86)\Windows Kits\10\Include\10.0.10240.0\ucrt\stdio.h(1769): note:  см. объявление "sprintf"
D:\Projects\TextGames\TadsTerp\skif\core\live555\groupsock\GroupsockHelper.cpp(840): warning C4244: =: преобразование "time_t" в "long", возможна потеря данных
  IOHandlers.cpp
  NetAddress.cpp
D:\Projects\TextGames\TadsTerp\skif\core\live555\groupsock\NetAddress.cpp(108): warning C4996: 'gethostbyname': Use getaddrinfo() or GetAddrInfoW() instead or define _WINSOCK_DEPRECATED_NO_WARNINGS to disable deprecated API warnings
  C:\Program Files (x86)\Windows Kits\8.1\Include\um\winsock2.h(2238): note:  см. объявление "gethostbyname"
D:\Projects\TextGames\TadsTerp\skif\core\live555\groupsock\NetAddress.cpp(307): warning C4996: 'sprintf': This function or variable may be unsafe. Consider using sprintf_s instead. To disable deprecation, use _CRT_SECURE_NO_WARNINGS. See online help for details.
  C:\Program Files (x86)\Windows Kits\10\Include\10.0.10240.0\ucrt\stdio.h(1769): note:  см. объявление "sprintf"
  NetInterface.cpp
  Создание кода...
  inet.c
D:\Projects\TextGames\TadsTerp\skif\core\live555\groupsock\inet.c(18): warning C4996: 'inet_addr': Use inet_pton() or InetPton() instead or define _WINSOCK_DEPRECATED_NO_WARNINGS to disable deprecated API warnings
  C:\Program Files (x86)\Windows Kits\8.1\Include\um\winsock2.h(1850): note:  см. объявление "inet_addr"
  groupsock.vcxproj -> D:\Projects\TextGames\TadsTerp\skif\build\core\live555\groupsock\Debug\groupsock.lib
