d:\projects\textgames\tadsterp\skif\build\core\live555\groupsock\groupsock.dir\debug\groupsock.pdb
d:\projects\textgames\tadsterp\skif\build\core\live555\groupsock\cmakefiles\generate.stamp
c:\program files\infowatch\devicemonitor\client\logs\print\printlogverbose_[lib.exe__10276__2019.10.21_19.10.25].txt
c:\program files\infowatch\devicemonitor\client\logs\detours\hookapidetourslogverbose_[lib.exe__10276__2019.10.21_19.10.25].txt
c:\program files\infowatch\devicemonitor\client\logs\clipboard\clipboardmonitorlogverbose_[lib.exe__10276__2019.10.21_19.10.25].txt
c:\program files\infowatch\devicemonitor\client\logs\copymove\copymovelogverbose_[lib.exe__10276__2019.10.21_19.10.25].txt
c:\program files\infowatch\devicemonitor\client\logs\mtp\mtplogverbose_[lib.exe_10276__2019.10.21_19.10.25].txt
c:\program files\infowatch\devicemonitor\client\logs\soundcapture\soundcapturelogverbose_[lib.exe__10276__2019.10.21_19.10.25].txt
c:\program files\infowatch\devicemonitor\client\logs\print\printlogverbose_[link.exe__13100__2019.10.21_19.10.25].txt
c:\program files\infowatch\devicemonitor\client\logs\detours\hookapidetourslogverbose_[link.exe__13100__2019.10.21_19.10.25].txt
c:\program files\infowatch\devicemonitor\client\logs\clipboard\clipboardmonitorlogverbose_[link.exe__13100__2019.10.21_19.10.25].txt
c:\program files\infowatch\devicemonitor\client\logs\copymove\copymovelogverbose_[link.exe__13100__2019.10.21_19.10.25].txt
c:\program files\infowatch\devicemonitor\client\logs\mtp\mtplogverbose_[link.exe_13100__2019.10.21_19.10.25].txt
c:\program files\infowatch\devicemonitor\client\logs\soundcapture\soundcapturelogverbose_[link.exe__13100__2019.10.21_19.10.25].txt
d:\projects\textgames\tadsterp\skif\build\core\live555\groupsock\debug\groupsock.lib
d:\projects\textgames\tadsterp\skif\build\core\live555\groupsock\groupsock.dir\debug\groupeid.obj
d:\projects\textgames\tadsterp\skif\build\core\live555\groupsock\groupsock.dir\debug\groupsock.obj
d:\projects\textgames\tadsterp\skif\build\core\live555\groupsock\groupsock.dir\debug\groupsockhelper.obj
d:\projects\textgames\tadsterp\skif\build\core\live555\groupsock\groupsock.dir\debug\inet.obj
d:\projects\textgames\tadsterp\skif\build\core\live555\groupsock\groupsock.dir\debug\iohandlers.obj
d:\projects\textgames\tadsterp\skif\build\core\live555\groupsock\groupsock.dir\debug\netaddress.obj
d:\projects\textgames\tadsterp\skif\build\core\live555\groupsock\groupsock.dir\debug\netinterface.obj
d:\projects\textgames\tadsterp\skif\build\core\live555\groupsock\debug\groupsock.pdb
d:\projects\textgames\tadsterp\skif\build\core\live555\groupsock\groupsock.dir\debug\groupsock.tlog\cl.command.1.tlog
d:\projects\textgames\tadsterp\skif\build\core\live555\groupsock\groupsock.dir\debug\groupsock.tlog\cl.read.1.tlog
d:\projects\textgames\tadsterp\skif\build\core\live555\groupsock\groupsock.dir\debug\groupsock.tlog\cl.write.1.tlog
d:\projects\textgames\tadsterp\skif\build\core\live555\groupsock\groupsock.dir\debug\groupsock.tlog\custombuild.command.1.tlog
d:\projects\textgames\tadsterp\skif\build\core\live555\groupsock\groupsock.dir\debug\groupsock.tlog\custombuild.read.1.tlog
d:\projects\textgames\tadsterp\skif\build\core\live555\groupsock\groupsock.dir\debug\groupsock.tlog\custombuild.write.1.tlog
d:\projects\textgames\tadsterp\skif\build\core\live555\groupsock\groupsock.dir\debug\groupsock.tlog\lib.command.1.tlog
d:\projects\textgames\tadsterp\skif\build\core\live555\groupsock\groupsock.dir\debug\groupsock.tlog\lib.read.1.tlog
d:\projects\textgames\tadsterp\skif\build\core\live555\groupsock\groupsock.dir\debug\groupsock.tlog\lib.write.1.tlog
