d:\projects\textgames\tadsterp\skif\build\core\live555\usageenvironment\usageenvironment.dir\debug\usageenvironment.pdb
d:\projects\textgames\tadsterp\skif\build\core\live555\usageenvironment\cmakefiles\generate.stamp
c:\program files\infowatch\devicemonitor\client\logs\print\printlogverbose_[lib.exe__8376__2019.10.21_19.10.25].txt
c:\program files\infowatch\devicemonitor\client\logs\detours\hookapidetourslogverbose_[lib.exe__8376__2019.10.21_19.10.25].txt
c:\program files\infowatch\devicemonitor\client\logs\clipboard\clipboardmonitorlogverbose_[lib.exe__8376__2019.10.21_19.10.25].txt
c:\program files\infowatch\devicemonitor\client\logs\copymove\copymovelogverbose_[lib.exe__8376__2019.10.21_19.10.25].txt
c:\program files\infowatch\devicemonitor\client\logs\mtp\mtplogverbose_[lib.exe_8376__2019.10.21_19.10.25].txt
c:\program files\infowatch\devicemonitor\client\logs\soundcapture\soundcapturelogverbose_[lib.exe__8376__2019.10.21_19.10.25].txt
c:\program files\infowatch\devicemonitor\client\logs\print\printlogverbose_[link.exe__10376__2019.10.21_19.10.25].txt
c:\program files\infowatch\devicemonitor\client\logs\detours\hookapidetourslogverbose_[link.exe__10376__2019.10.21_19.10.25].txt
c:\program files\infowatch\devicemonitor\client\logs\clipboard\clipboardmonitorlogverbose_[link.exe__10376__2019.10.21_19.10.25].txt
c:\program files\infowatch\devicemonitor\client\logs\copymove\copymovelogverbose_[link.exe__10376__2019.10.21_19.10.25].txt
c:\program files\infowatch\devicemonitor\client\logs\mtp\mtplogverbose_[link.exe_10376__2019.10.21_19.10.25].txt
c:\program files\infowatch\devicemonitor\client\logs\soundcapture\soundcapturelogverbose_[link.exe__10376__2019.10.21_19.10.25].txt
d:\projects\textgames\tadsterp\skif\build\core\live555\usageenvironment\debug\usageenvironment.lib
d:\projects\textgames\tadsterp\skif\build\core\live555\usageenvironment\usageenvironment.dir\debug\hashtable.obj
d:\projects\textgames\tadsterp\skif\build\core\live555\usageenvironment\usageenvironment.dir\debug\strdup.obj
d:\projects\textgames\tadsterp\skif\build\core\live555\usageenvironment\usageenvironment.dir\debug\usageenvironment.obj
d:\projects\textgames\tadsterp\skif\build\core\live555\usageenvironment\debug\usageenvironment.pdb
d:\projects\textgames\tadsterp\skif\build\core\live555\usageenvironment\usageenvironment.dir\debug\usageenvironment.tlog\cl.command.1.tlog
d:\projects\textgames\tadsterp\skif\build\core\live555\usageenvironment\usageenvironment.dir\debug\usageenvironment.tlog\cl.read.1.tlog
d:\projects\textgames\tadsterp\skif\build\core\live555\usageenvironment\usageenvironment.dir\debug\usageenvironment.tlog\cl.write.1.tlog
d:\projects\textgames\tadsterp\skif\build\core\live555\usageenvironment\usageenvironment.dir\debug\usageenvironment.tlog\custombuild.command.1.tlog
d:\projects\textgames\tadsterp\skif\build\core\live555\usageenvironment\usageenvironment.dir\debug\usageenvironment.tlog\custombuild.read.1.tlog
d:\projects\textgames\tadsterp\skif\build\core\live555\usageenvironment\usageenvironment.dir\debug\usageenvironment.tlog\custombuild.write.1.tlog
d:\projects\textgames\tadsterp\skif\build\core\live555\usageenvironment\usageenvironment.dir\debug\usageenvironment.tlog\lib.command.1.tlog
d:\projects\textgames\tadsterp\skif\build\core\live555\usageenvironment\usageenvironment.dir\debug\usageenvironment.tlog\lib.read.1.tlog
d:\projects\textgames\tadsterp\skif\build\core\live555\usageenvironment\usageenvironment.dir\debug\usageenvironment.tlog\lib.write.1.tlog
