  Building Custom Rule D:/Projects/TextGames/TadsTerp/skif/core/live555/liveMedia/CMakeLists.txt
  CMake does not need to re-run because D:/Projects/TextGames/TadsTerp/skif/build/core/live555/liveMedia/CMakeFiles/generate.stamp is up-to-date.
  rtcp_from_spec.c
  AC3AudioFileServerMediaSubsession.cpp
  AC3AudioRTPSink.cpp
  AC3AudioRTPSource.cpp
  AC3AudioStreamFramer.cpp
  ADTSAudioFileServerMediaSubsession.cpp
  ADTSAudioFileSource.cpp
D:\Projects\TextGames\TadsTerp\skif\core\live555\liveMedia\ADTSAudioFileSource.cpp(108): warning C4996: 'sprintf': This function or variable may be unsafe. Consider using sprintf_s instead. To disable deprecation, use _CRT_SECURE_NO_WARNINGS. See online help for details.
  C:\Program Files (x86)\Windows Kits\10\Include\10.0.10240.0\ucrt\stdio.h(1769): note:  см. объявление "sprintf"
  AMRAudioFileServerMediaSubsession.cpp
  AMRAudioFileSink.cpp
D:\Projects\TextGames\TadsTerp\skif\core\live555\liveMedia\AMRAudioFileSink.cpp(76): warning C4996: 'sprintf': This function or variable may be unsafe. Consider using sprintf_s instead. To disable deprecation, use _CRT_SECURE_NO_WARNINGS. See online help for details.
  C:\Program Files (x86)\Windows Kits\10\Include\10.0.10240.0\ucrt\stdio.h(1769): note:  см. объявление "sprintf"
  AMRAudioFileSource.cpp
  AMRAudioRTPSink.cpp
D:\Projects\TextGames\TadsTerp\skif\core\live555\liveMedia\AMRAudioRTPSink.cpp(130): warning C4996: 'sprintf': This function or variable may be unsafe. Consider using sprintf_s instead. To disable deprecation, use _CRT_SECURE_NO_WARNINGS. See online help for details.
  C:\Program Files (x86)\Windows Kits\10\Include\10.0.10240.0\ucrt\stdio.h(1769): note:  см. объявление "sprintf"
  AMRAudioRTPSource.cpp
  AMRAudioSource.cpp
  AudioInputDevice.cpp
  AudioRTPSink.cpp
  AVIFileSink.cpp
  Base64.cpp
  BasicUDPSink.cpp
  BasicUDPSource.cpp
  BitVector.cpp
  ByteStreamFileSource.cpp
  Создание кода...
  Компиляция...
  ByteStreamMemoryBufferSource.cpp
  ByteStreamMultiFileSource.cpp
  DeviceSource.cpp
  DigestAuthentication.cpp
D:\Projects\TextGames\TadsTerp\skif\core\live555\liveMedia\DigestAuthentication.cpp(112): warning C4996: 'strncpy': This function or variable may be unsafe. Consider using strncpy_s instead. To disable deprecation, use _CRT_SECURE_NO_WARNINGS. See online help for details.
  C:\Program Files (x86)\Windows Kits\10\Include\10.0.10240.0\ucrt\string.h(346): note:  см. объявление "strncpy"
D:\Projects\TextGames\TadsTerp\skif\core\live555\liveMedia\DigestAuthentication.cpp(118): warning C4996: 'sprintf': This function or variable may be unsafe. Consider using sprintf_s instead. To disable deprecation, use _CRT_SECURE_NO_WARNINGS. See online help for details.
  C:\Program Files (x86)\Windows Kits\10\Include\10.0.10240.0\ucrt\stdio.h(1769): note:  см. объявление "sprintf"
D:\Projects\TextGames\TadsTerp\skif\core\live555\liveMedia\DigestAuthentication.cpp(125): warning C4996: 'sprintf': This function or variable may be unsafe. Consider using sprintf_s instead. To disable deprecation, use _CRT_SECURE_NO_WARNINGS. See online help for details.
  C:\Program Files (x86)\Windows Kits\10\Include\10.0.10240.0\ucrt\stdio.h(1769): note:  см. объявление "sprintf"
D:\Projects\TextGames\TadsTerp\skif\core\live555\liveMedia\DigestAuthentication.cpp(133): warning C4996: 'sprintf': This function or variable may be unsafe. Consider using sprintf_s instead. To disable deprecation, use _CRT_SECURE_NO_WARNINGS. See online help for details.
  C:\Program Files (x86)\Windows Kits\10\Include\10.0.10240.0\ucrt\stdio.h(1769): note:  см. объявление "sprintf"
  DVVideoFileServerMediaSubsession.cpp
  DVVideoRTPSink.cpp
D:\Projects\TextGames\TadsTerp\skif\core\live555\liveMedia\DVVideoRTPSink.cpp(92): warning C4996: 'sprintf': This function or variable may be unsafe. Consider using sprintf_s instead. To disable deprecation, use _CRT_SECURE_NO_WARNINGS. See online help for details.
  C:\Program Files (x86)\Windows Kits\10\Include\10.0.10240.0\ucrt\stdio.h(1769): note:  см. объявление "sprintf"
  DVVideoRTPSource.cpp
  DVVideoStreamFramer.cpp
  EBMLNumber.cpp
D:\Projects\TextGames\TadsTerp\skif\core\live555\liveMedia\EBMLNumber.cpp(35): warning C4996: 'sprintf': This function or variable may be unsafe. Consider using sprintf_s instead. To disable deprecation, use _CRT_SECURE_NO_WARNINGS. See online help for details.
  C:\Program Files (x86)\Windows Kits\10\Include\10.0.10240.0\ucrt\stdio.h(1769): note:  см. объявление "sprintf"
  FileServerMediaSubsession.cpp
  FileSink.cpp
D:\Projects\TextGames\TadsTerp\skif\core\live555\liveMedia\FileSink.cpp(100): warning C4996: 'sprintf': This function or variable may be unsafe. Consider using sprintf_s instead. To disable deprecation, use _CRT_SECURE_NO_WARNINGS. See online help for details.
  C:\Program Files (x86)\Windows Kits\10\Include\10.0.10240.0\ucrt\stdio.h(1769): note:  см. объявление "sprintf"
D:\Projects\TextGames\TadsTerp\skif\core\live555\liveMedia\FileSink.cpp(103): warning C4996: 'sprintf': This function or variable may be unsafe. Consider using sprintf_s instead. To disable deprecation, use _CRT_SECURE_NO_WARNINGS. See online help for details.
  C:\Program Files (x86)\Windows Kits\10\Include\10.0.10240.0\ucrt\stdio.h(1769): note:  см. объявление "sprintf"
  FramedFileSource.cpp
  FramedFilter.cpp
  FramedSource.cpp
  GenericMediaServer.cpp
D:\Projects\TextGames\TadsTerp\skif\core\live555\liveMedia\GenericMediaServer.cpp(272): warning C4996: 'sprintf': This function or variable may be unsafe. Consider using sprintf_s instead. To disable deprecation, use _CRT_SECURE_NO_WARNINGS. See online help for details.
  C:\Program Files (x86)\Windows Kits\10\Include\10.0.10240.0\ucrt\stdio.h(1769): note:  см. объявление "sprintf"
D:\Projects\TextGames\TadsTerp\skif\core\live555\liveMedia\GenericMediaServer.cpp(326): warning C4996: '_snprintf': This function or variable may be unsafe. Consider using _snprintf_s instead. To disable deprecation, use _CRT_SECURE_NO_WARNINGS. See online help for details.
  C:\Program Files (x86)\Windows Kits\10\Include\10.0.10240.0\ucrt\stdio.h(1952): note:  см. объявление "_snprintf"
D:\Projects\TextGames\TadsTerp\skif\core\live555\liveMedia\GenericMediaServer.cpp(340): warning C4996: '_snprintf': This function or variable may be unsafe. Consider using _snprintf_s instead. To disable deprecation, use _CRT_SECURE_NO_WARNINGS. See online help for details.
  C:\Program Files (x86)\Windows Kits\10\Include\10.0.10240.0\ucrt\stdio.h(1952): note:  см. объявление "_snprintf"
  GSMAudioRTPSink.cpp
  H261VideoRTPSource.cpp
  H263plusVideoFileServerMediaSubsession.cpp
  H263plusVideoRTPSink.cpp
  H263plusVideoRTPSource.cpp
  Создание кода...
  Компиляция...
  H263plusVideoStreamFramer.cpp
  H263plusVideoStreamParser.cpp
  H264or5VideoFileSink.cpp
  H264or5VideoRTPSink.cpp
  H264or5VideoStreamDiscreteFramer.cpp
  H264or5VideoStreamFramer.cpp
D:\Projects\TextGames\TadsTerp\skif\core\live555\liveMedia\H264or5VideoStreamFramer.cpp(670): warning C4018: <: несоответствие типов со знаком и без знака
  H264VideoFileServerMediaSubsession.cpp
  H264VideoFileSink.cpp
  H264VideoRTPSink.cpp
D:\Projects\TextGames\TadsTerp\skif\core\live555\liveMedia\H264VideoRTPSink.cpp(121): warning C4996: 'sprintf': This function or variable may be unsafe. Consider using sprintf_s instead. To disable deprecation, use _CRT_SECURE_NO_WARNINGS. See online help for details.
  C:\Program Files (x86)\Windows Kits\10\Include\10.0.10240.0\ucrt\stdio.h(1769): note:  см. объявление "sprintf"
  H264VideoRTPSource.cpp
  H264VideoStreamDiscreteFramer.cpp
  H264VideoStreamFramer.cpp
  H265VideoFileServerMediaSubsession.cpp
  H265VideoFileSink.cpp
  H265VideoRTPSink.cpp
D:\Projects\TextGames\TadsTerp\skif\core\live555\liveMedia\H265VideoRTPSink.cpp(138): warning C4996: 'sprintf': This function or variable may be unsafe. Consider using sprintf_s instead. To disable deprecation, use _CRT_SECURE_NO_WARNINGS. See online help for details.
  C:\Program Files (x86)\Windows Kits\10\Include\10.0.10240.0\ucrt\stdio.h(1769): note:  см. объявление "sprintf"
D:\Projects\TextGames\TadsTerp\skif\core\live555\liveMedia\H265VideoRTPSink.cpp(166): warning C4996: 'sprintf': This function or variable may be unsafe. Consider using sprintf_s instead. To disable deprecation, use _CRT_SECURE_NO_WARNINGS. See online help for details.
  C:\Program Files (x86)\Windows Kits\10\Include\10.0.10240.0\ucrt\stdio.h(1769): note:  см. объявление "sprintf"
  H265VideoRTPSource.cpp
  H265VideoStreamDiscreteFramer.cpp
  H265VideoStreamFramer.cpp
  InputFile.cpp
D:\Projects\TextGames\TadsTerp\skif\core\live555\liveMedia\InputFile.cpp(34): warning C4996: 'fopen': This function or variable may be unsafe. Consider using fopen_s instead. To disable deprecation, use _CRT_SECURE_NO_WARNINGS. See online help for details.
  C:\Program Files (x86)\Windows Kits\10\Include\10.0.10240.0\ucrt\stdio.h(205): note:  см. объявление "fopen"
  JPEGVideoRTPSink.cpp
  Создание кода...
  Компиляция...
  JPEGVideoRTPSource.cpp
  JPEGVideoSource.cpp
  Locale.cpp
  MatroskaDemuxedTrack.cpp
  MatroskaFile.cpp
D:\Projects\TextGames\TadsTerp\skif\core\live555\liveMedia\MatroskaFile.cpp(598): warning C4996: 'sprintf': This function or variable may be unsafe. Consider using sprintf_s instead. To disable deprecation, use _CRT_SECURE_NO_WARNINGS. See online help for details.
  C:\Program Files (x86)\Windows Kits\10\Include\10.0.10240.0\ucrt\stdio.h(1769): note:  см. объявление "sprintf"
D:\Projects\TextGames\TadsTerp\skif\core\live555\liveMedia\MatroskaFile.cpp(692): warning C4996: 'sprintf': This function or variable may be unsafe. Consider using sprintf_s instead. To disable deprecation, use _CRT_SECURE_NO_WARNINGS. See online help for details.
  C:\Program Files (x86)\Windows Kits\10\Include\10.0.10240.0\ucrt\stdio.h(1769): note:  см. объявление "sprintf"
  MatroskaFileParser.cpp
  MatroskaFileServerDemux.cpp
  MatroskaFileServerMediaSubsession.cpp
  Media.cpp
D:\Projects\TextGames\TadsTerp\skif\core\live555\liveMedia\Media.cpp(154): warning C4996: 'sprintf': This function or variable may be unsafe. Consider using sprintf_s instead. To disable deprecation, use _CRT_SECURE_NO_WARNINGS. See online help for details.
  C:\Program Files (x86)\Windows Kits\10\Include\10.0.10240.0\ucrt\stdio.h(1769): note:  см. объявление "sprintf"
  MediaSession.cpp
D:\Projects\TextGames\TadsTerp\skif\core\live555\liveMedia\MediaSession.cpp(138): warning C4996: 'sscanf': This function or variable may be unsafe. Consider using sscanf_s instead. To disable deprecation, use _CRT_SECURE_NO_WARNINGS. See online help for details.
  C:\Program Files (x86)\Windows Kits\10\Include\10.0.10240.0\ucrt\stdio.h(2254): note:  см. объявление "sscanf"
D:\Projects\TextGames\TadsTerp\skif\core\live555\liveMedia\MediaSession.cpp(140): warning C4996: 'sscanf': This function or variable may be unsafe. Consider using sscanf_s instead. To disable deprecation, use _CRT_SECURE_NO_WARNINGS. See online help for details.
  C:\Program Files (x86)\Windows Kits\10\Include\10.0.10240.0\ucrt\stdio.h(2254): note:  см. объявление "sscanf"
D:\Projects\TextGames\TadsTerp\skif\core\live555\liveMedia\MediaSession.cpp(144): warning C4996: 'sscanf': This function or variable may be unsafe. Consider using sscanf_s instead. To disable deprecation, use _CRT_SECURE_NO_WARNINGS. See online help for details.
  C:\Program Files (x86)\Windows Kits\10\Include\10.0.10240.0\ucrt\stdio.h(2254): note:  см. объявление "sscanf"
D:\Projects\TextGames\TadsTerp\skif\core\live555\liveMedia\MediaSession.cpp(146): warning C4996: 'sscanf': This function or variable may be unsafe. Consider using sscanf_s instead. To disable deprecation, use _CRT_SECURE_NO_WARNINGS. See online help for details.
  C:\Program Files (x86)\Windows Kits\10\Include\10.0.10240.0\ucrt\stdio.h(2254): note:  см. объявление "sscanf"
D:\Projects\TextGames\TadsTerp\skif\core\live555\liveMedia\MediaSession.cpp(148): warning C4996: 'sscanf': This function or variable may be unsafe. Consider using sscanf_s instead. To disable deprecation, use _CRT_SECURE_NO_WARNINGS. See online help for details.
  C:\Program Files (x86)\Windows Kits\10\Include\10.0.10240.0\ucrt\stdio.h(2254): note:  см. объявление "sscanf"
D:\Projects\TextGames\TadsTerp\skif\core\live555\liveMedia\MediaSession.cpp(230): warning C4996: 'sprintf': This function or variable may be unsafe. Consider using sprintf_s instead. To disable deprecation, use _CRT_SECURE_NO_WARNINGS. See online help for details.
  C:\Program Files (x86)\Windows Kits\10\Include\10.0.10240.0\ucrt\stdio.h(1769): note:  см. объявление "sprintf"
D:\Projects\TextGames\TadsTerp\skif\core\live555\liveMedia\MediaSession.cpp(281): warning C4996: 'sscanf': This function or variable may be unsafe. Consider using sscanf_s instead. To disable deprecation, use _CRT_SECURE_NO_WARNINGS. See online help for details.
  C:\Program Files (x86)\Windows Kits\10\Include\10.0.10240.0\ucrt\stdio.h(2254): note:  см. объявление "sscanf"
D:\Projects\TextGames\TadsTerp\skif\core\live555\liveMedia\MediaSession.cpp(295): warning C4996: 'sscanf': This function or variable may be unsafe. Consider using sscanf_s instead. To disable deprecation, use _CRT_SECURE_NO_WARNINGS. See online help for details.
  C:\Program Files (x86)\Windows Kits\10\Include\10.0.10240.0\ucrt\stdio.h(2254): note:  см. объявление "sscanf"
D:\Projects\TextGames\TadsTerp\skif\core\live555\liveMedia\MediaSession.cpp(309): warning C4996: 'sscanf': This function or variable may be unsafe. Consider using sscanf_s instead. To disable deprecation, use _CRT_SECURE_NO_WARNINGS. See online help for details.
  C:\Program Files (x86)\Windows Kits\10\Include\10.0.10240.0\ucrt\stdio.h(2254): note:  см. объявление "sscanf"
D:\Projects\TextGames\TadsTerp\skif\core\live555\liveMedia\MediaSession.cpp(337): warning C4996: 'sscanf': This function or variable may be unsafe. Consider using sscanf_s instead. To disable deprecation, use _CRT_SECURE_NO_WARNINGS. See online help for details.
  C:\Program Files (x86)\Windows Kits\10\Include\10.0.10240.0\ucrt\stdio.h(2254): note:  см. объявление "sscanf"
D:\Projects\TextGames\TadsTerp\skif\core\live555\liveMedia\MediaSession.cpp(352): warning C4996: 'sscanf': This function or variable may be unsafe. Consider using sscanf_s instead. To disable deprecation, use _CRT_SECURE_NO_WARNINGS. See online help for details.
  C:\Program Files (x86)\Windows Kits\10\Include\10.0.10240.0\ucrt\stdio.h(2254): note:  см. объявление "sscanf"
D:\Projects\TextGames\TadsTerp\skif\core\live555\liveMedia\MediaSession.cpp(362): warning C4996: 'sscanf': This function or variable may be unsafe. Consider using sscanf_s instead. To disable deprecation, use _CRT_SECURE_NO_WARNINGS. See online help for details.
  C:\Program Files (x86)\Windows Kits\10\Include\10.0.10240.0\ucrt\stdio.h(2254): note:  см. объявление "sscanf"
D:\Projects\TextGames\TadsTerp\skif\core\live555\liveMedia\MediaSession.cpp(369): warning C4996: 'sscanf': This function or variable may be unsafe. Consider using sscanf_s instead. To disable deprecation, use _CRT_SECURE_NO_WARNINGS. See online help for details.
  C:\Program Files (x86)\Windows Kits\10\Include\10.0.10240.0\ucrt\stdio.h(2254): note:  см. объявление "sscanf"
D:\Projects\TextGames\TadsTerp\skif\core\live555\liveMedia\MediaSession.cpp(415): warning C4996: 'sscanf': This function or variable may be unsafe. Consider using sscanf_s instead. To disable deprecation, use _CRT_SECURE_NO_WARNINGS. See online help for details.
  C:\Program Files (x86)\Windows Kits\10\Include\10.0.10240.0\ucrt\stdio.h(2254): note:  см. объявление "sscanf"
D:\Projects\TextGames\TadsTerp\skif\core\live555\liveMedia\MediaSession.cpp(1013): warning C4996: 'sscanf': This function or variable may be unsafe. Consider using sscanf_s instead. To disable deprecation, use _CRT_SECURE_NO_WARNINGS. See online help for details.
  C:\Program Files (x86)\Windows Kits\10\Include\10.0.10240.0\ucrt\stdio.h(2254): note:  см. объявление "sscanf"
D:\Projects\TextGames\TadsTerp\skif\core\live555\liveMedia\MediaSession.cpp(1026): warning C4996: 'sscanf': This function or variable may be unsafe. Consider using sscanf_s instead. To disable deprecation, use _CRT_SECURE_NO_WARNINGS. See online help for details.
  C:\Program Files (x86)\Windows Kits\10\Include\10.0.10240.0\ucrt\stdio.h(2254): note:  см. объявление "sscanf"
D:\Projects\TextGames\TadsTerp\skif\core\live555\liveMedia\MediaSession.cpp(1029): warning C4996: 'sscanf': This function or variable may be unsafe. Consider using sscanf_s instead. To disable deprecation, use _CRT_SECURE_NO_WARNINGS. See online help for details.
  C:\Program Files (x86)\Windows Kits\10\Include\10.0.10240.0\ucrt\stdio.h(2254): note:  см. объявление "sscanf"
D:\Projects\TextGames\TadsTerp\skif\core\live555\liveMedia\MediaSession.cpp(1031): warning C4996: 'sscanf': This function or variable may be unsafe. Consider using sscanf_s instead. To disable deprecation, use _CRT_SECURE_NO_WARNINGS. See online help for details.
  C:\Program Files (x86)\Windows Kits\10\Include\10.0.10240.0\ucrt\stdio.h(2254): note:  см. объявление "sscanf"
D:\Projects\TextGames\TadsTerp\skif\core\live555\liveMedia\MediaSession.cpp(1066): warning C4996: 'sscanf': This function or variable may be unsafe. Consider using sscanf_s instead. To disable deprecation, use _CRT_SECURE_NO_WARNINGS. See online help for details.
  C:\Program Files (x86)\Windows Kits\10\Include\10.0.10240.0\ucrt\stdio.h(2254): note:  см. объявление "sscanf"
D:\Projects\TextGames\TadsTerp\skif\core\live555\liveMedia\MediaSession.cpp(1120): warning C4996: 'sscanf': This function or variable may be unsafe. Consider using sscanf_s instead. To disable deprecation, use _CRT_SECURE_NO_WARNINGS. See online help for details.
  C:\Program Files (x86)\Windows Kits\10\Include\10.0.10240.0\ucrt\stdio.h(2254): note:  см. объявление "sscanf"
D:\Projects\TextGames\TadsTerp\skif\core\live555\liveMedia\MediaSession.cpp(1157): warning C4996: 'sscanf': This function or variable may be unsafe. Consider using sscanf_s instead. To disable deprecation, use _CRT_SECURE_NO_WARNINGS. See online help for details.
  C:\Program Files (x86)\Windows Kits\10\Include\10.0.10240.0\ucrt\stdio.h(2254): note:  см. объявление "sscanf"
D:\Projects\TextGames\TadsTerp\skif\core\live555\liveMedia\MediaSession.cpp(1172): warning C4996: 'sscanf': This function or variable may be unsafe. Consider using sscanf_s instead. To disable deprecation, use _CRT_SECURE_NO_WARNINGS. See online help for details.
  C:\Program Files (x86)\Windows Kits\10\Include\10.0.10240.0\ucrt\stdio.h(2254): note:  см. объявление "sscanf"
D:\Projects\TextGames\TadsTerp\skif\core\live555\liveMedia\MediaSession.cpp(1175): warning C4996: 'sscanf': This function or variable may be unsafe. Consider using sscanf_s instead. To disable deprecation, use _CRT_SECURE_NO_WARNINGS. See online help for details.
  C:\Program Files (x86)\Windows Kits\10\Include\10.0.10240.0\ucrt\stdio.h(2254): note:  см. объявление "sscanf"
D:\Projects\TextGames\TadsTerp\skif\core\live555\liveMedia\MediaSession.cpp(1369): warning C4996: 'sprintf': This function or variable may be unsafe. Consider using sprintf_s instead. To disable deprecation, use _CRT_SECURE_NO_WARNINGS. See online help for details.
  C:\Program Files (x86)\Windows Kits\10\Include\10.0.10240.0\ucrt\stdio.h(1769): note:  см. объявление "sprintf"
D:\Projects\TextGames\TadsTerp\skif\core\live555\liveMedia\MediaSession.cpp(1416): warning C4996: 'sprintf': This function or variable may be unsafe. Consider using sprintf_s instead. To disable deprecation, use _CRT_SECURE_NO_WARNINGS. See online help for details.
  C:\Program Files (x86)\Windows Kits\10\Include\10.0.10240.0\ucrt\stdio.h(1769): note:  см. объявление "sprintf"
D:\Projects\TextGames\TadsTerp\skif\core\live555\liveMedia\MediaSession.cpp(1450): warning C4996: 'sscanf': This function or variable may be unsafe. Consider using sscanf_s instead. To disable deprecation, use _CRT_SECURE_NO_WARNINGS. See online help for details.
  C:\Program Files (x86)\Windows Kits\10\Include\10.0.10240.0\ucrt\stdio.h(2254): note:  см. объявление "sscanf"
  MediaSink.cpp
  MediaSource.cpp
  MP3ADU.cpp
  MP3ADUdescriptor.cpp
  MP3ADUinterleaving.cpp
  MP3ADURTPSink.cpp
  MP3ADURTPSource.cpp
  MP3ADUTranscoder.cpp
D:\Projects\TextGames\TadsTerp\skif\core\live555\liveMedia\MP3ADUTranscoder.cpp(56): warning C4996: 'sprintf': This function or variable may be unsafe. Consider using sprintf_s instead. To disable deprecation, use _CRT_SECURE_NO_WARNINGS. See online help for details.
  C:\Program Files (x86)\Windows Kits\10\Include\10.0.10240.0\ucrt\stdio.h(1769): note:  см. объявление "sprintf"
  MP3AudioFileServerMediaSubsession.cpp
  MP3AudioMatroskaFileServerMediaSubsession.cpp
  Создание кода...
  Компиляция...
  MP3FileSource.cpp
D:\Projects\TextGames\TadsTerp\skif\core\live555\liveMedia\MP3FileSource.cpp(144): warning C4996: 'sprintf': This function or variable may be unsafe. Consider using sprintf_s instead. To disable deprecation, use _CRT_SECURE_NO_WARNINGS. See online help for details.
  C:\Program Files (x86)\Windows Kits\10\Include\10.0.10240.0\ucrt\stdio.h(1769): note:  см. объявление "sprintf"
  MP3Internals.cpp
  MP3InternalsHuffman.cpp
D:\Projects\TextGames\TadsTerp\skif\core\live555\liveMedia\MP3InternalsHuffman.cpp(305): warning C4996: 'sscanf': This function or variable may be unsafe. Consider using sscanf_s instead. To disable deprecation, use _CRT_SECURE_NO_WARNINGS. See online help for details.
  C:\Program Files (x86)\Windows Kits\10\Include\10.0.10240.0\ucrt\stdio.h(2254): note:  см. объявление "sscanf"
D:\Projects\TextGames\TadsTerp\skif\core\live555\liveMedia\MP3InternalsHuffman.cpp(353): warning C4996: 'sscanf': This function or variable may be unsafe. Consider using sscanf_s instead. To disable deprecation, use _CRT_SECURE_NO_WARNINGS. See online help for details.
  C:\Program Files (x86)\Windows Kits\10\Include\10.0.10240.0\ucrt\stdio.h(2254): note:  см. объявление "sscanf"
D:\Projects\TextGames\TadsTerp\skif\core\live555\liveMedia\MP3InternalsHuffman.cpp(365): warning C4996: 'sscanf': This function or variable may be unsafe. Consider using sscanf_s instead. To disable deprecation, use _CRT_SECURE_NO_WARNINGS. See online help for details.
  C:\Program Files (x86)\Windows Kits\10\Include\10.0.10240.0\ucrt\stdio.h(2254): note:  см. объявление "sscanf"
D:\Projects\TextGames\TadsTerp\skif\core\live555\liveMedia\MP3InternalsHuffman.cpp(376): warning C4996: 'sscanf': This function or variable may be unsafe. Consider using sscanf_s instead. To disable deprecation, use _CRT_SECURE_NO_WARNINGS. See online help for details.
  C:\Program Files (x86)\Windows Kits\10\Include\10.0.10240.0\ucrt\stdio.h(2254): note:  см. объявление "sscanf"
  MP3InternalsHuffmanTable.cpp
  MP3StreamState.cpp
D:\Projects\TextGames\TadsTerp\skif\core\live555\liveMedia\MP3StreamState.cpp(186): warning C4996: '_snprintf': This function or variable may be unsafe. Consider using _snprintf_s instead. To disable deprecation, use _CRT_SECURE_NO_WARNINGS. See online help for details.
  C:\Program Files (x86)\Windows Kits\10\Include\10.0.10240.0\ucrt\stdio.h(1952): note:  см. объявление "_snprintf"
  MP3Transcoder.cpp
  MPEG1or2AudioRTPSink.cpp
  MPEG1or2AudioRTPSource.cpp
  MPEG1or2AudioStreamFramer.cpp
  MPEG1or2Demux.cpp
  MPEG1or2DemuxedElementaryStream.cpp
  MPEG1or2DemuxedServerMediaSubsession.cpp
  MPEG1or2FileServerDemux.cpp
  MPEG1or2VideoFileServerMediaSubsession.cpp
  MPEG1or2VideoRTPSink.cpp
  MPEG1or2VideoRTPSource.cpp
  MPEG1or2VideoStreamDiscreteFramer.cpp
  MPEG1or2VideoStreamFramer.cpp
  MPEG2IndexFromTransportStream.cpp
  MPEG2TransportFileServerMediaSubsession.cpp
  Создание кода...
  Компиляция...
  MPEG2TransportStreamFramer.cpp
  MPEG2TransportStreamFromESSource.cpp
  MPEG2TransportStreamFromPESSource.cpp
  MPEG2TransportStreamIndexFile.cpp
  MPEG2TransportStreamMultiplexor.cpp
  MPEG2TransportStreamTrickModeFilter.cpp
  MPEG2TransportUDPServerMediaSubsession.cpp
  MPEG4ESVideoRTPSink.cpp
D:\Projects\TextGames\TadsTerp\skif\core\live555\liveMedia\MPEG4ESVideoRTPSink.cpp(130): warning C4996: 'sprintf': This function or variable may be unsafe. Consider using sprintf_s instead. To disable deprecation, use _CRT_SECURE_NO_WARNINGS. See online help for details.
  C:\Program Files (x86)\Windows Kits\10\Include\10.0.10240.0\ucrt\stdio.h(1769): note:  см. объявление "sprintf"
D:\Projects\TextGames\TadsTerp\skif\core\live555\liveMedia\MPEG4ESVideoRTPSink.cpp(133): warning C4996: 'sprintf': This function or variable may be unsafe. Consider using sprintf_s instead. To disable deprecation, use _CRT_SECURE_NO_WARNINGS. See online help for details.
  C:\Program Files (x86)\Windows Kits\10\Include\10.0.10240.0\ucrt\stdio.h(1769): note:  см. объявление "sprintf"
D:\Projects\TextGames\TadsTerp\skif\core\live555\liveMedia\MPEG4ESVideoRTPSink.cpp(136): warning C4996: 'sprintf': This function or variable may be unsafe. Consider using sprintf_s instead. To disable deprecation, use _CRT_SECURE_NO_WARNINGS. See online help for details.
  C:\Program Files (x86)\Windows Kits\10\Include\10.0.10240.0\ucrt\stdio.h(1769): note:  см. объявление "sprintf"
  MPEG4ESVideoRTPSource.cpp
  MPEG4GenericRTPSink.cpp
D:\Projects\TextGames\TadsTerp\skif\core\live555\liveMedia\MPEG4GenericRTPSink.cpp(65): warning C4996: 'sprintf': This function or variable may be unsafe. Consider using sprintf_s instead. To disable deprecation, use _CRT_SECURE_NO_WARNINGS. See online help for details.
  C:\Program Files (x86)\Windows Kits\10\Include\10.0.10240.0\ucrt\stdio.h(1769): note:  см. объявление "sprintf"
  MPEG4GenericRTPSource.cpp
D:\Projects\TextGames\TadsTerp\skif\core\live555\liveMedia\MPEG4GenericRTPSource.cpp(91): warning C4996: 'sprintf': This function or variable may be unsafe. Consider using sprintf_s instead. To disable deprecation, use _CRT_SECURE_NO_WARNINGS. See online help for details.
  C:\Program Files (x86)\Windows Kits\10\Include\10.0.10240.0\ucrt\stdio.h(1769): note:  см. объявление "sprintf"
  MPEG4LATMAudioRTPSink.cpp
D:\Projects\TextGames\TadsTerp\skif\core\live555\liveMedia\MPEG4LATMAudioRTPSink.cpp(42): warning C4996: 'sprintf': This function or variable may be unsafe. Consider using sprintf_s instead. To disable deprecation, use _CRT_SECURE_NO_WARNINGS. See online help for details.
  C:\Program Files (x86)\Windows Kits\10\Include\10.0.10240.0\ucrt\stdio.h(1769): note:  см. объявление "sprintf"
  MPEG4LATMAudioRTPSource.cpp
  MPEG4VideoFileServerMediaSubsession.cpp
  MPEG4VideoStreamDiscreteFramer.cpp
  MPEG4VideoStreamFramer.cpp
D:\Projects\TextGames\TadsTerp\skif\core\live555\liveMedia\MPEG4VideoStreamFramer.cpp(432): warning C4996: 'sprintf': This function or variable may be unsafe. Consider using sprintf_s instead. To disable deprecation, use _CRT_SECURE_NO_WARNINGS. See online help for details.
  C:\Program Files (x86)\Windows Kits\10\Include\10.0.10240.0\ucrt\stdio.h(1769): note:  см. объявление "sprintf"
  MPEGVideoStreamFramer.cpp
  MPEGVideoStreamParser.cpp
  MultiFramedRTPSink.cpp
  MultiFramedRTPSource.cpp
  Создание кода...
  Компиляция...
  OggDemuxedTrack.cpp
  OggFile.cpp
  OggFileParser.cpp
  OggFileServerDemux.cpp
  OggFileServerMediaSubsession.cpp
  OggFileSink.cpp
D:\Projects\TextGames\TadsTerp\skif\core\live555\liveMedia\OggFileSink.cpp(229): warning C4334: <<: результат 32-разрядного смещения неявно преобразуется в 64-разрядное значение (предполагалось 64-разрядное смещение?)
  OnDemandServerMediaSubsession.cpp
D:\Projects\TextGames\TadsTerp\skif\core\live555\liveMedia\OnDemandServerMediaSubsession.cpp(455): warning C4996: 'sprintf': This function or variable may be unsafe. Consider using sprintf_s instead. To disable deprecation, use _CRT_SECURE_NO_WARNINGS. See online help for details.
  C:\Program Files (x86)\Windows Kits\10\Include\10.0.10240.0\ucrt\stdio.h(1769): note:  см. объявление "sprintf"
  ourMD5.cpp
  OutputFile.cpp
D:\Projects\TextGames\TadsTerp\skif\core\live555\liveMedia\OutputFile.cpp(47): warning C4996: 'fopen': This function or variable may be unsafe. Consider using fopen_s instead. To disable deprecation, use _CRT_SECURE_NO_WARNINGS. See online help for details.
  C:\Program Files (x86)\Windows Kits\10\Include\10.0.10240.0\ucrt\stdio.h(205): note:  см. объявление "fopen"
  PassiveServerMediaSubsession.cpp
D:\Projects\TextGames\TadsTerp\skif\core\live555\liveMedia\PassiveServerMediaSubsession.cpp(108): warning C4996: 'sprintf': This function or variable may be unsafe. Consider using sprintf_s instead. To disable deprecation, use _CRT_SECURE_NO_WARNINGS. See online help for details.
  C:\Program Files (x86)\Windows Kits\10\Include\10.0.10240.0\ucrt\stdio.h(1769): note:  см. объявление "sprintf"
  ProxyServerMediaSession.cpp
  QCELPAudioRTPSource.cpp
  QuickTimeFileSink.cpp
D:\Projects\TextGames\TadsTerp\skif\core\live555\liveMedia\QuickTimeFileSink.cpp(2185): warning C4996: 'sprintf': This function or variable may be unsafe. Consider using sprintf_s instead. To disable deprecation, use _CRT_SECURE_NO_WARNINGS. See online help for details.
  C:\Program Files (x86)\Windows Kits\10\Include\10.0.10240.0\ucrt\stdio.h(1769): note:  см. объявление "sprintf"
D:\Projects\TextGames\TadsTerp\skif\core\live555\liveMedia\QuickTimeFileSink.cpp(2213): warning C4996: 'sscanf': This function or variable may be unsafe. Consider using sscanf_s instead. To disable deprecation, use _CRT_SECURE_NO_WARNINGS. See online help for details.
  C:\Program Files (x86)\Windows Kits\10\Include\10.0.10240.0\ucrt\stdio.h(2254): note:  см. объявление "sscanf"
D:\Projects\TextGames\TadsTerp\skif\core\live555\liveMedia\QuickTimeFileSink.cpp(2219): warning C4996: 'sprintf': This function or variable may be unsafe. Consider using sprintf_s instead. To disable deprecation, use _CRT_SECURE_NO_WARNINGS. See online help for details.
  C:\Program Files (x86)\Windows Kits\10\Include\10.0.10240.0\ucrt\stdio.h(1769): note:  см. объявление "sprintf"
D:\Projects\TextGames\TadsTerp\skif\core\live555\liveMedia\QuickTimeFileSink.cpp(2235): warning C4996: 'sprintf': This function or variable may be unsafe. Consider using sprintf_s instead. To disable deprecation, use _CRT_SECURE_NO_WARNINGS. See online help for details.
  C:\Program Files (x86)\Windows Kits\10\Include\10.0.10240.0\ucrt\stdio.h(1769): note:  см. объявление "sprintf"
D:\Projects\TextGames\TadsTerp\skif\core\live555\liveMedia\QuickTimeFileSink.cpp(2328): warning C4996: 'sprintf': This function or variable may be unsafe. Consider using sprintf_s instead. To disable deprecation, use _CRT_SECURE_NO_WARNINGS. See online help for details.
  C:\Program Files (x86)\Windows Kits\10\Include\10.0.10240.0\ucrt\stdio.h(1769): note:  см. объявление "sprintf"
  QuickTimeGenericRTPSource.cpp
  RTCP.cpp
D:\Projects\TextGames\TadsTerp\skif\core\live555\liveMedia\RTCP.cpp(361): warning C4996: '_snprintf': This function or variable may be unsafe. Consider using _snprintf_s instead. To disable deprecation, use _CRT_SECURE_NO_WARNINGS. See online help for details.
  C:\Program Files (x86)\Windows Kits\10\Include\10.0.10240.0\ucrt\stdio.h(1952): note:  см. объявление "_snprintf"
  RTPInterface.cpp
  RTPSink.cpp
D:\Projects\TextGames\TadsTerp\skif\core\live555\liveMedia\RTPSink.cpp(141): warning C4996: 'sprintf': This function or variable may be unsafe. Consider using sprintf_s instead. To disable deprecation, use _CRT_SECURE_NO_WARNINGS. See online help for details.
  C:\Program Files (x86)\Windows Kits\10\Include\10.0.10240.0\ucrt\stdio.h(1769): note:  см. объявление "sprintf"
D:\Projects\TextGames\TadsTerp\skif\core\live555\liveMedia\RTPSink.cpp(150): warning C4996: 'sprintf': This function or variable may be unsafe. Consider using sprintf_s instead. To disable deprecation, use _CRT_SECURE_NO_WARNINGS. See online help for details.
  C:\Program Files (x86)\Windows Kits\10\Include\10.0.10240.0\ucrt\stdio.h(1769): note:  см. объявление "sprintf"
  RTPSource.cpp
  RTSPClient.cpp
D:\Projects\TextGames\TadsTerp\skif\core\live555\liveMedia\RTSPClient.cpp(134): warning C4996: 'sprintf': This function or variable may be unsafe. Consider using sprintf_s instead. To disable deprecation, use _CRT_SECURE_NO_WARNINGS. See online help for details.
  C:\Program Files (x86)\Windows Kits\10\Include\10.0.10240.0\ucrt\stdio.h(1769): note:  см. объявление "sprintf"
D:\Projects\TextGames\TadsTerp\skif\core\live555\liveMedia\RTSPClient.cpp(152): warning C4996: 'sprintf': This function or variable may be unsafe. Consider using sprintf_s instead. To disable deprecation, use _CRT_SECURE_NO_WARNINGS. See online help for details.
  C:\Program Files (x86)\Windows Kits\10\Include\10.0.10240.0\ucrt\stdio.h(1769): note:  см. объявление "sprintf"
D:\Projects\TextGames\TadsTerp\skif\core\live555\liveMedia\RTSPClient.cpp(232): warning C4996: 'sscanf': This function or variable may be unsafe. Consider using sscanf_s instead. To disable deprecation, use _CRT_SECURE_NO_WARNINGS. See online help for details.
  C:\Program Files (x86)\Windows Kits\10\Include\10.0.10240.0\ucrt\stdio.h(2254): note:  см. объявление "sscanf"
D:\Projects\TextGames\TadsTerp\skif\core\live555\liveMedia\RTSPClient.cpp(320): warning C4996: 'sscanf': This function or variable may be unsafe. Consider using sscanf_s instead. To disable deprecation, use _CRT_SECURE_NO_WARNINGS. See online help for details.
  C:\Program Files (x86)\Windows Kits\10\Include\10.0.10240.0\ucrt\stdio.h(2254): note:  см. объявление "sscanf"
D:\Projects\TextGames\TadsTerp\skif\core\live555\liveMedia\RTSPClient.cpp(349): warning C4996: 'sprintf': This function or variable may be unsafe. Consider using sprintf_s instead. To disable deprecation, use _CRT_SECURE_NO_WARNINGS. See online help for details.
  C:\Program Files (x86)\Windows Kits\10\Include\10.0.10240.0\ucrt\stdio.h(1769): note:  см. объявление "sprintf"
D:\Projects\TextGames\TadsTerp\skif\core\live555\liveMedia\RTSPClient.cpp(391): warning C4996: 'sprintf': This function or variable may be unsafe. Consider using sprintf_s instead. To disable deprecation, use _CRT_SECURE_NO_WARNINGS. See online help for details.
  C:\Program Files (x86)\Windows Kits\10\Include\10.0.10240.0\ucrt\stdio.h(1769): note:  см. объявление "sprintf"
D:\Projects\TextGames\TadsTerp\skif\core\live555\liveMedia\RTSPClient.cpp(488): warning C4996: 'sprintf': This function or variable may be unsafe. Consider using sprintf_s instead. To disable deprecation, use _CRT_SECURE_NO_WARNINGS. See online help for details.
  C:\Program Files (x86)\Windows Kits\10\Include\10.0.10240.0\ucrt\stdio.h(1769): note:  см. объявление "sprintf"
D:\Projects\TextGames\TadsTerp\skif\core\live555\liveMedia\RTSPClient.cpp(512): warning C4996: 'sprintf': This function or variable may be unsafe. Consider using sprintf_s instead. To disable deprecation, use _CRT_SECURE_NO_WARNINGS. See online help for details.
  C:\Program Files (x86)\Windows Kits\10\Include\10.0.10240.0\ucrt\stdio.h(1769): note:  см. объявление "sprintf"
D:\Projects\TextGames\TadsTerp\skif\core\live555\liveMedia\RTSPClient.cpp(540): warning C4996: 'sprintf': This function or variable may be unsafe. Consider using sprintf_s instead. To disable deprecation, use _CRT_SECURE_NO_WARNINGS. See online help for details.
  C:\Program Files (x86)\Windows Kits\10\Include\10.0.10240.0\ucrt\stdio.h(1769): note:  см. объявление "sprintf"
D:\Projects\TextGames\TadsTerp\skif\core\live555\liveMedia\RTSPClient.cpp(571): warning C4996: 'sprintf': This function or variable may be unsafe. Consider using sprintf_s instead. To disable deprecation, use _CRT_SECURE_NO_WARNINGS. See online help for details.
  C:\Program Files (x86)\Windows Kits\10\Include\10.0.10240.0\ucrt\stdio.h(1769): note:  см. объявление "sprintf"
D:\Projects\TextGames\TadsTerp\skif\core\live555\liveMedia\RTSPClient.cpp(585): warning C4996: 'sprintf': This function or variable may be unsafe. Consider using sprintf_s instead. To disable deprecation, use _CRT_SECURE_NO_WARNINGS. See online help for details.
  C:\Program Files (x86)\Windows Kits\10\Include\10.0.10240.0\ucrt\stdio.h(1769): note:  см. объявление "sprintf"
D:\Projects\TextGames\TadsTerp\skif\core\live555\liveMedia\RTSPClient.cpp(598): warning C4996: 'sprintf': This function or variable may be unsafe. Consider using sprintf_s instead. To disable deprecation, use _CRT_SECURE_NO_WARNINGS. See online help for details.
  C:\Program Files (x86)\Windows Kits\10\Include\10.0.10240.0\ucrt\stdio.h(1769): note:  см. объявление "sprintf"
D:\Projects\TextGames\TadsTerp\skif\core\live555\liveMedia\RTSPClient.cpp(612): warning C4996: '_snprintf': This function or variable may be unsafe. Consider using _snprintf_s instead. To disable deprecation, use _CRT_SECURE_NO_WARNINGS. See online help for details.
  C:\Program Files (x86)\Windows Kits\10\Include\10.0.10240.0\ucrt\stdio.h(1952): note:  см. объявление "_snprintf"
D:\Projects\TextGames\TadsTerp\skif\core\live555\liveMedia\RTSPClient.cpp(615): warning C4996: '_snprintf': This function or variable may be unsafe. Consider using _snprintf_s instead. To disable deprecation, use _CRT_SECURE_NO_WARNINGS. See online help for details.
  C:\Program Files (x86)\Windows Kits\10\Include\10.0.10240.0\ucrt\stdio.h(1952): note:  см. объявление "_snprintf"
D:\Projects\TextGames\TadsTerp\skif\core\live555\liveMedia\RTSPClient.cpp(626): warning C4996: 'sprintf': This function or variable may be unsafe. Consider using sprintf_s instead. To disable deprecation, use _CRT_SECURE_NO_WARNINGS. See online help for details.
  C:\Program Files (x86)\Windows Kits\10\Include\10.0.10240.0\ucrt\stdio.h(1769): note:  см. объявление "sprintf"
D:\Projects\TextGames\TadsTerp\skif\core\live555\liveMedia\RTSPClient.cpp(630): warning C4996: 'sprintf': This function or variable may be unsafe. Consider using sprintf_s instead. To disable deprecation, use _CRT_SECURE_NO_WARNINGS. See online help for details.
  C:\Program Files (x86)\Windows Kits\10\Include\10.0.10240.0\ucrt\stdio.h(1769): note:  см. объявление "sprintf"
D:\Projects\TextGames\TadsTerp\skif\core\live555\liveMedia\RTSPClient.cpp(672): warning C4996: 'sprintf': This function or variable may be unsafe. Consider using sprintf_s instead. To disable deprecation, use _CRT_SECURE_NO_WARNINGS. See online help for details.
  C:\Program Files (x86)\Windows Kits\10\Include\10.0.10240.0\ucrt\stdio.h(1769): note:  см. объявление "sprintf"
D:\Projects\TextGames\TadsTerp\skif\core\live555\liveMedia\RTSPClient.cpp(702): warning C4996: 'sprintf': This function or variable may be unsafe. Consider using sprintf_s instead. To disable deprecation, use _CRT_SECURE_NO_WARNINGS. See online help for details.
  C:\Program Files (x86)\Windows Kits\10\Include\10.0.10240.0\ucrt\stdio.h(1769): note:  см. объявление "sprintf"
D:\Projects\TextGames\TadsTerp\skif\core\live555\liveMedia\RTSPClient.cpp(715): warning C4996: 'sprintf': This function or variable may be unsafe. Consider using sprintf_s instead. To disable deprecation, use _CRT_SECURE_NO_WARNINGS. See online help for details.
  C:\Program Files (x86)\Windows Kits\10\Include\10.0.10240.0\ucrt\stdio.h(1769): note:  см. объявление "sprintf"
D:\Projects\TextGames\TadsTerp\skif\core\live555\liveMedia\RTSPClient.cpp(757): warning C4996: 'sprintf': This function or variable may be unsafe. Consider using sprintf_s instead. To disable deprecation, use _CRT_SECURE_NO_WARNINGS. See online help for details.
  C:\Program Files (x86)\Windows Kits\10\Include\10.0.10240.0\ucrt\stdio.h(1769): note:  см. объявление "sprintf"
D:\Projects\TextGames\TadsTerp\skif\core\live555\liveMedia\RTSPClient.cpp(774): warning C4996: 'sprintf': This function or variable may be unsafe. Consider using sprintf_s instead. To disable deprecation, use _CRT_SECURE_NO_WARNINGS. See online help for details.
  C:\Program Files (x86)\Windows Kits\10\Include\10.0.10240.0\ucrt\stdio.h(1769): note:  см. объявление "sprintf"
D:\Projects\TextGames\TadsTerp\skif\core\live555\liveMedia\RTSPClient.cpp(799): warning C4996: 'sprintf': This function or variable may be unsafe. Consider using sprintf_s instead. To disable deprecation, use _CRT_SECURE_NO_WARNINGS. See online help for details.
  C:\Program Files (x86)\Windows Kits\10\Include\10.0.10240.0\ucrt\stdio.h(1769): note:  см. объявление "sprintf"
D:\Projects\TextGames\TadsTerp\skif\core\live555\liveMedia\RTSPClient.cpp(815): warning C4996: 'sprintf': This function or variable may be unsafe. Consider using sprintf_s instead. To disable deprecation, use _CRT_SECURE_NO_WARNINGS. See online help for details.
  C:\Program Files (x86)\Windows Kits\10\Include\10.0.10240.0\ucrt\stdio.h(1769): note:  см. объявление "sprintf"
D:\Projects\TextGames\TadsTerp\skif\core\live555\liveMedia\RTSPClient.cpp(925): warning C4996: 'sprintf': This function or variable may be unsafe. Consider using sprintf_s instead. To disable deprecation, use _CRT_SECURE_NO_WARNINGS. See online help for details.
  C:\Program Files (x86)\Windows Kits\10\Include\10.0.10240.0\ucrt\stdio.h(1769): note:  см. объявление "sprintf"
D:\Projects\TextGames\TadsTerp\skif\core\live555\liveMedia\RTSPClient.cpp(934): warning C4996: 'sprintf': This function or variable may be unsafe. Consider using sprintf_s instead. To disable deprecation, use _CRT_SECURE_NO_WARNINGS. See online help for details.
  C:\Program Files (x86)\Windows Kits\10\Include\10.0.10240.0\ucrt\stdio.h(1769): note:  см. объявление "sprintf"
D:\Projects\TextGames\TadsTerp\skif\core\live555\liveMedia\RTSPClient.cpp(939): warning C4996: 'sprintf': This function or variable may be unsafe. Consider using sprintf_s instead. To disable deprecation, use _CRT_SECURE_NO_WARNINGS. See online help for details.
  C:\Program Files (x86)\Windows Kits\10\Include\10.0.10240.0\ucrt\stdio.h(1769): note:  см. объявление "sprintf"
D:\Projects\TextGames\TadsTerp\skif\core\live555\liveMedia\RTSPClient.cpp(965): warning C4996: 'sprintf': This function or variable may be unsafe. Consider using sprintf_s instead. To disable deprecation, use _CRT_SECURE_NO_WARNINGS. See online help for details.
  C:\Program Files (x86)\Windows Kits\10\Include\10.0.10240.0\ucrt\stdio.h(1769): note:  см. объявление "sprintf"
D:\Projects\TextGames\TadsTerp\skif\core\live555\liveMedia\RTSPClient.cpp(987): warning C4996: 'sscanf': This function or variable may be unsafe. Consider using sscanf_s instead. To disable deprecation, use _CRT_SECURE_NO_WARNINGS. See online help for details.
  C:\Program Files (x86)\Windows Kits\10\Include\10.0.10240.0\ucrt\stdio.h(2254): note:  см. объявление "sscanf"
D:\Projects\TextGames\TadsTerp\skif\core\live555\liveMedia\RTSPClient.cpp(988): warning C4996: 'sscanf': This function or variable may be unsafe. Consider using sscanf_s instead. To disable deprecation, use _CRT_SECURE_NO_WARNINGS. See online help for details.
  C:\Program Files (x86)\Windows Kits\10\Include\10.0.10240.0\ucrt\stdio.h(2254): note:  см. объявление "sscanf"
D:\Projects\TextGames\TadsTerp\skif\core\live555\liveMedia\RTSPClient.cpp(1021): warning C4996: '_snprintf': This function or variable may be unsafe. Consider using _snprintf_s instead. To disable deprecation, use _CRT_SECURE_NO_WARNINGS. See online help for details.
  C:\Program Files (x86)\Windows Kits\10\Include\10.0.10240.0\ucrt\stdio.h(1952): note:  см. объявление "_snprintf"
D:\Projects\TextGames\TadsTerp\skif\core\live555\liveMedia\RTSPClient.cpp(1062): warning C4996: 'sscanf': This function or variable may be unsafe. Consider using sscanf_s instead. To disable deprecation, use _CRT_SECURE_NO_WARNINGS. See online help for details.
  C:\Program Files (x86)\Windows Kits\10\Include\10.0.10240.0\ucrt\stdio.h(2254): note:  см. объявление "sscanf"
D:\Projects\TextGames\TadsTerp\skif\core\live555\liveMedia\RTSPClient.cpp(1063): warning C4996: 'sscanf': This function or variable may be unsafe. Consider using sscanf_s instead. To disable deprecation, use _CRT_SECURE_NO_WARNINGS. See online help for details.
  C:\Program Files (x86)\Windows Kits\10\Include\10.0.10240.0\ucrt\stdio.h(2254): note:  см. объявление "sscanf"
D:\Projects\TextGames\TadsTerp\skif\core\live555\liveMedia\RTSPClient.cpp(1065): warning C4996: 'sscanf': This function or variable may be unsafe. Consider using sscanf_s instead. To disable deprecation, use _CRT_SECURE_NO_WARNINGS. See online help for details.
  C:\Program Files (x86)\Windows Kits\10\Include\10.0.10240.0\ucrt\stdio.h(2254): note:  см. объявление "sscanf"
D:\Projects\TextGames\TadsTerp\skif\core\live555\liveMedia\RTSPClient.cpp(1070): warning C4996: 'sscanf': This function or variable may be unsafe. Consider using sscanf_s instead. To disable deprecation, use _CRT_SECURE_NO_WARNINGS. See online help for details.
  C:\Program Files (x86)\Windows Kits\10\Include\10.0.10240.0\ucrt\stdio.h(2254): note:  см. объявление "sscanf"
D:\Projects\TextGames\TadsTerp\skif\core\live555\liveMedia\RTSPClient.cpp(1079): warning C4996: 'sscanf': This function or variable may be unsafe. Consider using sscanf_s instead. To disable deprecation, use _CRT_SECURE_NO_WARNINGS. See online help for details.
  C:\Program Files (x86)\Windows Kits\10\Include\10.0.10240.0\ucrt\stdio.h(2254): note:  см. объявление "sscanf"
D:\Projects\TextGames\TadsTerp\skif\core\live555\liveMedia\RTSPClient.cpp(1080): warning C4996: 'sscanf': This function or variable may be unsafe. Consider using sscanf_s instead. To disable deprecation, use _CRT_SECURE_NO_WARNINGS. See online help for details.
  C:\Program Files (x86)\Windows Kits\10\Include\10.0.10240.0\ucrt\stdio.h(2254): note:  см. объявление "sscanf"
D:\Projects\TextGames\TadsTerp\skif\core\live555\liveMedia\RTSPClient.cpp(1120): warning C4996: 'sscanf': This function or variable may be unsafe. Consider using sscanf_s instead. To disable deprecation, use _CRT_SECURE_NO_WARNINGS. See online help for details.
  C:\Program Files (x86)\Windows Kits\10\Include\10.0.10240.0\ucrt\stdio.h(2254): note:  см. объявление "sscanf"
D:\Projects\TextGames\TadsTerp\skif\core\live555\liveMedia\RTSPClient.cpp(1125): warning C4996: 'sscanf': This function or variable may be unsafe. Consider using sscanf_s instead. To disable deprecation, use _CRT_SECURE_NO_WARNINGS. See online help for details.
  C:\Program Files (x86)\Windows Kits\10\Include\10.0.10240.0\ucrt\stdio.h(2254): note:  см. объявление "sscanf"
D:\Projects\TextGames\TadsTerp\skif\core\live555\liveMedia\RTSPClient.cpp(1136): warning C4996: 'sscanf': This function or variable may be unsafe. Consider using sscanf_s instead. To disable deprecation, use _CRT_SECURE_NO_WARNINGS. See online help for details.
  C:\Program Files (x86)\Windows Kits\10\Include\10.0.10240.0\ucrt\stdio.h(2254): note:  см. объявление "sscanf"
D:\Projects\TextGames\TadsTerp\skif\core\live555\liveMedia\RTSPClient.cpp(1137): warning C4996: 'sscanf': This function or variable may be unsafe. Consider using sscanf_s instead. To disable deprecation, use _CRT_SECURE_NO_WARNINGS. See online help for details.
  C:\Program Files (x86)\Windows Kits\10\Include\10.0.10240.0\ucrt\stdio.h(2254): note:  см. объявление "sscanf"
D:\Projects\TextGames\TadsTerp\skif\core\live555\liveMedia\RTSPClient.cpp(1139): warning C4996: 'sscanf': This function or variable may be unsafe. Consider using sscanf_s instead. To disable deprecation, use _CRT_SECURE_NO_WARNINGS. See online help for details.
  C:\Program Files (x86)\Windows Kits\10\Include\10.0.10240.0\ucrt\stdio.h(2254): note:  см. объявление "sscanf"
D:\Projects\TextGames\TadsTerp\skif\core\live555\liveMedia\RTSPClient.cpp(1160): warning C4996: 'sscanf': This function or variable may be unsafe. Consider using sscanf_s instead. To disable deprecation, use _CRT_SECURE_NO_WARNINGS. See online help for details.
  C:\Program Files (x86)\Windows Kits\10\Include\10.0.10240.0\ucrt\stdio.h(2254): note:  см. объявление "sscanf"
D:\Projects\TextGames\TadsTerp\skif\core\live555\liveMedia\RTSPClient.cpp(1170): warning C4996: 'sscanf': This function or variable may be unsafe. Consider using sscanf_s instead. To disable deprecation, use _CRT_SECURE_NO_WARNINGS. See online help for details.
  C:\Program Files (x86)\Windows Kits\10\Include\10.0.10240.0\ucrt\stdio.h(2254): note:  см. объявление "sscanf"
D:\Projects\TextGames\TadsTerp\skif\core\live555\liveMedia\RTSPClient.cpp(1342): warning C4996: 'sscanf': This function or variable may be unsafe. Consider using sscanf_s instead. To disable deprecation, use _CRT_SECURE_NO_WARNINGS. See online help for details.
  C:\Program Files (x86)\Windows Kits\10\Include\10.0.10240.0\ucrt\stdio.h(2254): note:  см. объявление "sscanf"
D:\Projects\TextGames\TadsTerp\skif\core\live555\liveMedia\RTSPClient.cpp(1346): warning C4996: 'sscanf': This function or variable may be unsafe. Consider using sscanf_s instead. To disable deprecation, use _CRT_SECURE_NO_WARNINGS. See online help for details.
  C:\Program Files (x86)\Windows Kits\10\Include\10.0.10240.0\ucrt\stdio.h(2254): note:  см. объявление "sscanf"
D:\Projects\TextGames\TadsTerp\skif\core\live555\liveMedia\RTSPClient.cpp(1349): warning C4996: 'sscanf': This function or variable may be unsafe. Consider using sscanf_s instead. To disable deprecation, use _CRT_SECURE_NO_WARNINGS. See online help for details.
  C:\Program Files (x86)\Windows Kits\10\Include\10.0.10240.0\ucrt\stdio.h(2254): note:  см. объявление "sscanf"
D:\Projects\TextGames\TadsTerp\skif\core\live555\liveMedia\RTSPClient.cpp(1659): warning C4996: 'strncpy': This function or variable may be unsafe. Consider using strncpy_s instead. To disable deprecation, use _CRT_SECURE_NO_WARNINGS. See online help for details.
  C:\Program Files (x86)\Windows Kits\10\Include\10.0.10240.0\ucrt\string.h(346): note:  см. объявление "strncpy"
D:\Projects\TextGames\TadsTerp\skif\core\live555\liveMedia\RTSPClient.cpp(1690): warning C4996: 'sscanf': This function or variable may be unsafe. Consider using sscanf_s instead. To disable deprecation, use _CRT_SECURE_NO_WARNINGS. See online help for details.
  C:\Program Files (x86)\Windows Kits\10\Include\10.0.10240.0\ucrt\stdio.h(2254): note:  см. объявление "sscanf"
D:\Projects\TextGames\TadsTerp\skif\core\live555\liveMedia\RTSPClient.cpp(1714): warning C4996: 'sscanf': This function or variable may be unsafe. Consider using sscanf_s instead. To disable deprecation, use _CRT_SECURE_NO_WARNINGS. See online help for details.
  C:\Program Files (x86)\Windows Kits\10\Include\10.0.10240.0\ucrt\stdio.h(2254): note:  см. объявление "sscanf"
D:\Projects\TextGames\TadsTerp\skif\core\live555\liveMedia\RTSPClient.cpp(1758): warning C4996: 'sprintf': This function or variable may be unsafe. Consider using sprintf_s instead. To disable deprecation, use _CRT_SECURE_NO_WARNINGS. See online help for details.
  C:\Program Files (x86)\Windows Kits\10\Include\10.0.10240.0\ucrt\stdio.h(1769): note:  см. объявление "sprintf"
D:\Projects\TextGames\TadsTerp\skif\core\live555\liveMedia\RTSPClient.cpp(1786): warning C4996: 'sprintf': This function or variable may be unsafe. Consider using sprintf_s instead. To disable deprecation, use _CRT_SECURE_NO_WARNINGS. See online help for details.
  C:\Program Files (x86)\Windows Kits\10\Include\10.0.10240.0\ucrt\stdio.h(1769): note:  см. объявление "sprintf"
  RTSPCommon.cpp
D:\Projects\TextGames\TadsTerp\skif\core\live555\liveMedia\RTSPCommon.cpp(203): warning C4996: 'sscanf': This function or variable may be unsafe. Consider using sscanf_s instead. To disable deprecation, use _CRT_SECURE_NO_WARNINGS. See online help for details.
  C:\Program Files (x86)\Windows Kits\10\Include\10.0.10240.0\ucrt\stdio.h(2254): note:  см. объявление "sscanf"
D:\Projects\TextGames\TadsTerp\skif\core\live555\liveMedia\RTSPCommon.cpp(221): warning C4996: 'sscanf': This function or variable may be unsafe. Consider using sscanf_s instead. To disable deprecation, use _CRT_SECURE_NO_WARNINGS. See online help for details.
  C:\Program Files (x86)\Windows Kits\10\Include\10.0.10240.0\ucrt\stdio.h(2254): note:  см. объявление "sscanf"
D:\Projects\TextGames\TadsTerp\skif\core\live555\liveMedia\RTSPCommon.cpp(224): warning C4996: 'sscanf': This function or variable may be unsafe. Consider using sscanf_s instead. To disable deprecation, use _CRT_SECURE_NO_WARNINGS. See online help for details.
  C:\Program Files (x86)\Windows Kits\10\Include\10.0.10240.0\ucrt\stdio.h(2254): note:  см. объявление "sscanf"
D:\Projects\TextGames\TadsTerp\skif\core\live555\liveMedia\RTSPCommon.cpp(233): warning C4996: 'sscanf': This function or variable may be unsafe. Consider using sscanf_s instead. To disable deprecation, use _CRT_SECURE_NO_WARNINGS. See online help for details.
  C:\Program Files (x86)\Windows Kits\10\Include\10.0.10240.0\ucrt\stdio.h(2254): note:  см. объявление "sscanf"
D:\Projects\TextGames\TadsTerp\skif\core\live555\liveMedia\RTSPCommon.cpp(236): warning C4996: 'sscanf': This function or variable may be unsafe. Consider using sscanf_s instead. To disable deprecation, use _CRT_SECURE_NO_WARNINGS. See online help for details.
  C:\Program Files (x86)\Windows Kits\10\Include\10.0.10240.0\ucrt\stdio.h(2254): note:  см. объявление "sscanf"
D:\Projects\TextGames\TadsTerp\skif\core\live555\liveMedia\RTSPCommon.cpp(239): warning C4996: 'sscanf': This function or variable may be unsafe. Consider using sscanf_s instead. To disable deprecation, use _CRT_SECURE_NO_WARNINGS. See online help for details.
  C:\Program Files (x86)\Windows Kits\10\Include\10.0.10240.0\ucrt\stdio.h(2254): note:  см. объявление "sscanf"
D:\Projects\TextGames\TadsTerp\skif\core\live555\liveMedia\RTSPCommon.cpp(246): warning C4996: 'sscanf': This function or variable may be unsafe. Consider using sscanf_s instead. To disable deprecation, use _CRT_SECURE_NO_WARNINGS. See online help for details.
  C:\Program Files (x86)\Windows Kits\10\Include\10.0.10240.0\ucrt\stdio.h(2254): note:  см. объявление "sscanf"
D:\Projects\TextGames\TadsTerp\skif\core\live555\liveMedia\RTSPCommon.cpp(257): warning C4996: 'sscanf': This function or variable may be unsafe. Consider using sscanf_s instead. To disable deprecation, use _CRT_SECURE_NO_WARNINGS. See online help for details.
  C:\Program Files (x86)\Windows Kits\10\Include\10.0.10240.0\ucrt\stdio.h(2254): note:  см. объявление "sscanf"
D:\Projects\TextGames\TadsTerp\skif\core\live555\liveMedia\RTSPCommon.cpp(296): warning C4996: 'sscanf': This function or variable may be unsafe. Consider using sscanf_s instead. To disable deprecation, use _CRT_SECURE_NO_WARNINGS. See online help for details.
  C:\Program Files (x86)\Windows Kits\10\Include\10.0.10240.0\ucrt\stdio.h(2254): note:  см. объявление "sscanf"
D:\Projects\TextGames\TadsTerp\skif\core\live555\liveMedia\RTSPCommon.cpp(341): warning C4996: 'gmtime': This function or variable may be unsafe. Consider using gmtime_s instead. To disable deprecation, use _CRT_SECURE_NO_WARNINGS. See online help for details.
  C:\Program Files (x86)\Windows Kits\10\Include\10.0.10240.0\ucrt\time.h(495): note:  см. объявление "gmtime"
  Создание кода...
  Компиляция...
  RTSPRegisterSender.cpp
D:\Projects\TextGames\TadsTerp\skif\core\live555\liveMedia\RTSPRegisterSender.cpp(38): warning C4996: 'sprintf': This function or variable may be unsafe. Consider using sprintf_s instead. To disable deprecation, use _CRT_SECURE_NO_WARNINGS. See online help for details.
  C:\Program Files (x86)\Windows Kits\10\Include\10.0.10240.0\ucrt\stdio.h(1769): note:  см. объявление "sprintf"
D:\Projects\TextGames\TadsTerp\skif\core\live555\liveMedia\RTSPRegisterSender.cpp(122): warning C4996: 'sprintf': This function or variable may be unsafe. Consider using sprintf_s instead. To disable deprecation, use _CRT_SECURE_NO_WARNINGS. See online help for details.
  C:\Program Files (x86)\Windows Kits\10\Include\10.0.10240.0\ucrt\stdio.h(1769): note:  см. объявление "sprintf"
D:\Projects\TextGames\TadsTerp\skif\core\live555\liveMedia\RTSPRegisterSender.cpp(128): warning C4996: 'sprintf': This function or variable may be unsafe. Consider using sprintf_s instead. To disable deprecation, use _CRT_SECURE_NO_WARNINGS. See online help for details.
  C:\Program Files (x86)\Windows Kits\10\Include\10.0.10240.0\ucrt\stdio.h(1769): note:  см. объявление "sprintf"
D:\Projects\TextGames\TadsTerp\skif\core\live555\liveMedia\RTSPRegisterSender.cpp(202): warning C4996: 'sprintf': This function or variable may be unsafe. Consider using sprintf_s instead. To disable deprecation, use _CRT_SECURE_NO_WARNINGS. See online help for details.
  C:\Program Files (x86)\Windows Kits\10\Include\10.0.10240.0\ucrt\stdio.h(1769): note:  см. объявление "sprintf"
D:\Projects\TextGames\TadsTerp\skif\core\live555\liveMedia\RTSPRegisterSender.cpp(208): warning C4996: 'sprintf': This function or variable may be unsafe. Consider using sprintf_s instead. To disable deprecation, use _CRT_SECURE_NO_WARNINGS. See online help for details.
  C:\Program Files (x86)\Windows Kits\10\Include\10.0.10240.0\ucrt\stdio.h(1769): note:  см. объявление "sprintf"
  RTSPServer.cpp
D:\Projects\TextGames\TadsTerp\skif\core\live555\liveMedia\RTSPServer.cpp(62): warning C4996: 'sprintf': This function or variable may be unsafe. Consider using sprintf_s instead. To disable deprecation, use _CRT_SECURE_NO_WARNINGS. See online help for details.
  C:\Program Files (x86)\Windows Kits\10\Include\10.0.10240.0\ucrt\stdio.h(1769): note:  см. объявление "sprintf"
D:\Projects\TextGames\TadsTerp\skif\core\live555\liveMedia\RTSPServer.cpp(84): warning C4996: 'sprintf': This function or variable may be unsafe. Consider using sprintf_s instead. To disable deprecation, use _CRT_SECURE_NO_WARNINGS. See online help for details.
  C:\Program Files (x86)\Windows Kits\10\Include\10.0.10240.0\ucrt\stdio.h(1769): note:  см. объявление "sprintf"
D:\Projects\TextGames\TadsTerp\skif\core\live555\liveMedia\RTSPServer.cpp(86): warning C4996: 'sprintf': This function or variable may be unsafe. Consider using sprintf_s instead. To disable deprecation, use _CRT_SECURE_NO_WARNINGS. See online help for details.
  C:\Program Files (x86)\Windows Kits\10\Include\10.0.10240.0\ucrt\stdio.h(1769): note:  см. объявление "sprintf"
D:\Projects\TextGames\TadsTerp\skif\core\live555\liveMedia\RTSPServer.cpp(292): warning C4996: '_snprintf': This function or variable may be unsafe. Consider using _snprintf_s instead. To disable deprecation, use _CRT_SECURE_NO_WARNINGS. See online help for details.
  C:\Program Files (x86)\Windows Kits\10\Include\10.0.10240.0\ucrt\stdio.h(1952): note:  см. объявление "_snprintf"
D:\Projects\TextGames\TadsTerp\skif\core\live555\liveMedia\RTSPServer.cpp(323): warning C4996: 'strcat': This function or variable may be unsafe. Consider using strcat_s instead. To disable deprecation, use _CRT_SECURE_NO_WARNINGS. See online help for details.
  C:\Program Files (x86)\Windows Kits\10\Include\10.0.10240.0\ucrt\string.h(90): note:  см. объявление "strcat"
D:\Projects\TextGames\TadsTerp\skif\core\live555\liveMedia\RTSPServer.cpp(324): warning C4996: 'strcat': This function or variable may be unsafe. Consider using strcat_s instead. To disable deprecation, use _CRT_SECURE_NO_WARNINGS. See online help for details.
  C:\Program Files (x86)\Windows Kits\10\Include\10.0.10240.0\ucrt\string.h(90): note:  см. объявление "strcat"
D:\Projects\TextGames\TadsTerp\skif\core\live555\liveMedia\RTSPServer.cpp(326): warning C4996: 'strcat': This function or variable may be unsafe. Consider using strcat_s instead. To disable deprecation, use _CRT_SECURE_NO_WARNINGS. See online help for details.
  C:\Program Files (x86)\Windows Kits\10\Include\10.0.10240.0\ucrt\string.h(90): note:  см. объявление "strcat"
D:\Projects\TextGames\TadsTerp\skif\core\live555\liveMedia\RTSPServer.cpp(358): warning C4996: '_snprintf': This function or variable may be unsafe. Consider using _snprintf_s instead. To disable deprecation, use _CRT_SECURE_NO_WARNINGS. See online help for details.
  C:\Program Files (x86)\Windows Kits\10\Include\10.0.10240.0\ucrt\stdio.h(1952): note:  см. объявление "_snprintf"
D:\Projects\TextGames\TadsTerp\skif\core\live555\liveMedia\RTSPServer.cpp(408): warning C4996: '_snprintf': This function or variable may be unsafe. Consider using _snprintf_s instead. To disable deprecation, use _CRT_SECURE_NO_WARNINGS. See online help for details.
  C:\Program Files (x86)\Windows Kits\10\Include\10.0.10240.0\ucrt\stdio.h(1952): note:  см. объявление "_snprintf"
D:\Projects\TextGames\TadsTerp\skif\core\live555\liveMedia\RTSPServer.cpp(414): warning C4996: '_snprintf': This function or variable may be unsafe. Consider using _snprintf_s instead. To disable deprecation, use _CRT_SECURE_NO_WARNINGS. See online help for details.
  C:\Program Files (x86)\Windows Kits\10\Include\10.0.10240.0\ucrt\stdio.h(1952): note:  см. объявление "_snprintf"
D:\Projects\TextGames\TadsTerp\skif\core\live555\liveMedia\RTSPServer.cpp(485): warning C4996: '_snprintf': This function or variable may be unsafe. Consider using _snprintf_s instead. To disable deprecation, use _CRT_SECURE_NO_WARNINGS. See online help for details.
  C:\Program Files (x86)\Windows Kits\10\Include\10.0.10240.0\ucrt\stdio.h(1952): note:  см. объявление "_snprintf"
D:\Projects\TextGames\TadsTerp\skif\core\live555\liveMedia\RTSPServer.cpp(491): warning C4996: '_snprintf': This function or variable may be unsafe. Consider using _snprintf_s instead. To disable deprecation, use _CRT_SECURE_NO_WARNINGS. See online help for details.
  C:\Program Files (x86)\Windows Kits\10\Include\10.0.10240.0\ucrt\stdio.h(1952): note:  см. объявление "_snprintf"
D:\Projects\TextGames\TadsTerp\skif\core\live555\liveMedia\RTSPServer.cpp(501): warning C4996: '_snprintf': This function or variable may be unsafe. Consider using _snprintf_s instead. To disable deprecation, use _CRT_SECURE_NO_WARNINGS. See online help for details.
  C:\Program Files (x86)\Windows Kits\10\Include\10.0.10240.0\ucrt\stdio.h(1952): note:  см. объявление "_snprintf"
D:\Projects\TextGames\TadsTerp\skif\core\live555\liveMedia\RTSPServer.cpp(525): warning C4996: '_snprintf': This function or variable may be unsafe. Consider using _snprintf_s instead. To disable deprecation, use _CRT_SECURE_NO_WARNINGS. See online help for details.
  C:\Program Files (x86)\Windows Kits\10\Include\10.0.10240.0\ucrt\stdio.h(1952): note:  см. объявление "_snprintf"
D:\Projects\TextGames\TadsTerp\skif\core\live555\liveMedia\RTSPServer.cpp(774): warning C4996: 'strcat': This function or variable may be unsafe. Consider using strcat_s instead. To disable deprecation, use _CRT_SECURE_NO_WARNINGS. See online help for details.
  C:\Program Files (x86)\Windows Kits\10\Include\10.0.10240.0\ucrt\string.h(90): note:  см. объявление "strcat"
D:\Projects\TextGames\TadsTerp\skif\core\live555\liveMedia\RTSPServer.cpp(775): warning C4996: 'strcat': This function or variable may be unsafe. Consider using strcat_s instead. To disable deprecation, use _CRT_SECURE_NO_WARNINGS. See online help for details.
  C:\Program Files (x86)\Windows Kits\10\Include\10.0.10240.0\ucrt\string.h(90): note:  см. объявление "strcat"
D:\Projects\TextGames\TadsTerp\skif\core\live555\liveMedia\RTSPServer.cpp(777): warning C4996: 'strcat': This function or variable may be unsafe. Consider using strcat_s instead. To disable deprecation, use _CRT_SECURE_NO_WARNINGS. See online help for details.
  C:\Program Files (x86)\Windows Kits\10\Include\10.0.10240.0\ucrt\string.h(90): note:  см. объявление "strcat"
D:\Projects\TextGames\TadsTerp\skif\core\live555\liveMedia\RTSPServer.cpp(811): warning C4996: 'sscanf': This function or variable may be unsafe. Consider using sscanf_s instead. To disable deprecation, use _CRT_SECURE_NO_WARNINGS. See online help for details.
  C:\Program Files (x86)\Windows Kits\10\Include\10.0.10240.0\ucrt\stdio.h(2254): note:  см. объявление "sscanf"
D:\Projects\TextGames\TadsTerp\skif\core\live555\liveMedia\RTSPServer.cpp(1042): warning C4996: '_snprintf': This function or variable may be unsafe. Consider using _snprintf_s instead. To disable deprecation, use _CRT_SECURE_NO_WARNINGS. See online help for details.
  C:\Program Files (x86)\Windows Kits\10\Include\10.0.10240.0\ucrt\stdio.h(1952): note:  см. объявление "_snprintf"
D:\Projects\TextGames\TadsTerp\skif\core\live555\liveMedia\RTSPServer.cpp(1055): warning C4996: '_snprintf': This function or variable may be unsafe. Consider using _snprintf_s instead. To disable deprecation, use _CRT_SECURE_NO_WARNINGS. See online help for details.
  C:\Program Files (x86)\Windows Kits\10\Include\10.0.10240.0\ucrt\stdio.h(1952): note:  см. объявление "_snprintf"
D:\Projects\TextGames\TadsTerp\skif\core\live555\liveMedia\RTSPServer.cpp(1066): warning C4996: '_snprintf': This function or variable may be unsafe. Consider using _snprintf_s instead. To disable deprecation, use _CRT_SECURE_NO_WARNINGS. See online help for details.
  C:\Program Files (x86)\Windows Kits\10\Include\10.0.10240.0\ucrt\stdio.h(1952): note:  см. объявление "_snprintf"
D:\Projects\TextGames\TadsTerp\skif\core\live555\liveMedia\RTSPServer.cpp(1082): warning C4996: '_snprintf': This function or variable may be unsafe. Consider using _snprintf_s instead. To disable deprecation, use _CRT_SECURE_NO_WARNINGS. See online help for details.
  C:\Program Files (x86)\Windows Kits\10\Include\10.0.10240.0\ucrt\stdio.h(1952): note:  см. объявление "_snprintf"
D:\Projects\TextGames\TadsTerp\skif\core\live555\liveMedia\RTSPServer.cpp(1100): warning C4996: '_snprintf': This function or variable may be unsafe. Consider using _snprintf_s instead. To disable deprecation, use _CRT_SECURE_NO_WARNINGS. See online help for details.
  C:\Program Files (x86)\Windows Kits\10\Include\10.0.10240.0\ucrt\stdio.h(1952): note:  см. объявление "_snprintf"
D:\Projects\TextGames\TadsTerp\skif\core\live555\liveMedia\RTSPServer.cpp(1215): warning C4996: 'sscanf': This function or variable may be unsafe. Consider using sscanf_s instead. To disable deprecation, use _CRT_SECURE_NO_WARNINGS. See online help for details.
  C:\Program Files (x86)\Windows Kits\10\Include\10.0.10240.0\ucrt\stdio.h(2254): note:  см. объявление "sscanf"
D:\Projects\TextGames\TadsTerp\skif\core\live555\liveMedia\RTSPServer.cpp(1225): warning C4996: 'sscanf': This function or variable may be unsafe. Consider using sscanf_s instead. To disable deprecation, use _CRT_SECURE_NO_WARNINGS. See online help for details.
  C:\Program Files (x86)\Windows Kits\10\Include\10.0.10240.0\ucrt\stdio.h(2254): note:  см. объявление "sscanf"
D:\Projects\TextGames\TadsTerp\skif\core\live555\liveMedia\RTSPServer.cpp(1227): warning C4996: 'sscanf': This function or variable may be unsafe. Consider using sscanf_s instead. To disable deprecation, use _CRT_SECURE_NO_WARNINGS. See online help for details.
  C:\Program Files (x86)\Windows Kits\10\Include\10.0.10240.0\ucrt\stdio.h(2254): note:  см. объявление "sscanf"
D:\Projects\TextGames\TadsTerp\skif\core\live555\liveMedia\RTSPServer.cpp(1230): warning C4996: 'sscanf': This function or variable may be unsafe. Consider using sscanf_s instead. To disable deprecation, use _CRT_SECURE_NO_WARNINGS. See online help for details.
  C:\Program Files (x86)\Windows Kits\10\Include\10.0.10240.0\ucrt\stdio.h(2254): note:  см. объявление "sscanf"
D:\Projects\TextGames\TadsTerp\skif\core\live555\liveMedia\RTSPServer.cpp(1233): warning C4996: 'sscanf': This function or variable may be unsafe. Consider using sscanf_s instead. To disable deprecation, use _CRT_SECURE_NO_WARNINGS. See online help for details.
  C:\Program Files (x86)\Windows Kits\10\Include\10.0.10240.0\ucrt\stdio.h(2254): note:  см. объявление "sscanf"
D:\Projects\TextGames\TadsTerp\skif\core\live555\liveMedia\RTSPServer.cpp(1278): warning C4996: 'sprintf': This function or variable may be unsafe. Consider using sprintf_s instead. To disable deprecation, use _CRT_SECURE_NO_WARNINGS. See online help for details.
  C:\Program Files (x86)\Windows Kits\10\Include\10.0.10240.0\ucrt\stdio.h(1769): note:  см. объявление "sprintf"
D:\Projects\TextGames\TadsTerp\skif\core\live555\liveMedia\RTSPServer.cpp(1441): warning C4996: 'sprintf': This function or variable may be unsafe. Consider using sprintf_s instead. To disable deprecation, use _CRT_SECURE_NO_WARNINGS. See online help for details.
  C:\Program Files (x86)\Windows Kits\10\Include\10.0.10240.0\ucrt\stdio.h(1769): note:  см. объявление "sprintf"
D:\Projects\TextGames\TadsTerp\skif\core\live555\liveMedia\RTSPServer.cpp(1448): warning C4996: '_snprintf': This function or variable may be unsafe. Consider using _snprintf_s instead. To disable deprecation, use _CRT_SECURE_NO_WARNINGS. See online help for details.
  C:\Program Files (x86)\Windows Kits\10\Include\10.0.10240.0\ucrt\stdio.h(1952): note:  см. объявление "_snprintf"
D:\Projects\TextGames\TadsTerp\skif\core\live555\liveMedia\RTSPServer.cpp(1466): warning C4996: '_snprintf': This function or variable may be unsafe. Consider using _snprintf_s instead. To disable deprecation, use _CRT_SECURE_NO_WARNINGS. See online help for details.
  C:\Program Files (x86)\Windows Kits\10\Include\10.0.10240.0\ucrt\stdio.h(1952): note:  см. объявление "_snprintf"
D:\Projects\TextGames\TadsTerp\skif\core\live555\liveMedia\RTSPServer.cpp(1482): warning C4996: '_snprintf': This function or variable may be unsafe. Consider using _snprintf_s instead. To disable deprecation, use _CRT_SECURE_NO_WARNINGS. See online help for details.
  C:\Program Files (x86)\Windows Kits\10\Include\10.0.10240.0\ucrt\stdio.h(1952): note:  см. объявление "_snprintf"
D:\Projects\TextGames\TadsTerp\skif\core\live555\liveMedia\RTSPServer.cpp(1498): warning C4996: '_snprintf': This function or variable may be unsafe. Consider using _snprintf_s instead. To disable deprecation, use _CRT_SECURE_NO_WARNINGS. See online help for details.
  C:\Program Files (x86)\Windows Kits\10\Include\10.0.10240.0\ucrt\stdio.h(1952): note:  см. объявление "_snprintf"
D:\Projects\TextGames\TadsTerp\skif\core\live555\liveMedia\RTSPServer.cpp(1512): warning C4996: '_snprintf': This function or variable may be unsafe. Consider using _snprintf_s instead. To disable deprecation, use _CRT_SECURE_NO_WARNINGS. See online help for details.
  C:\Program Files (x86)\Windows Kits\10\Include\10.0.10240.0\ucrt\stdio.h(1952): note:  см. объявление "_snprintf"
D:\Projects\TextGames\TadsTerp\skif\core\live555\liveMedia\RTSPServer.cpp(1645): warning C4996: 'sprintf': This function or variable may be unsafe. Consider using sprintf_s instead. To disable deprecation, use _CRT_SECURE_NO_WARNINGS. See online help for details.
  C:\Program Files (x86)\Windows Kits\10\Include\10.0.10240.0\ucrt\stdio.h(1769): note:  см. объявление "sprintf"
D:\Projects\TextGames\TadsTerp\skif\core\live555\liveMedia\RTSPServer.cpp(1740): warning C4996: 'sprintf': This function or variable may be unsafe. Consider using sprintf_s instead. To disable deprecation, use _CRT_SECURE_NO_WARNINGS. See online help for details.
  C:\Program Files (x86)\Windows Kits\10\Include\10.0.10240.0\ucrt\stdio.h(1769): note:  см. объявление "sprintf"
D:\Projects\TextGames\TadsTerp\skif\core\live555\liveMedia\RTSPServer.cpp(1742): warning C4996: 'sprintf': This function or variable may be unsafe. Consider using sprintf_s instead. To disable deprecation, use _CRT_SECURE_NO_WARNINGS. See online help for details.
  C:\Program Files (x86)\Windows Kits\10\Include\10.0.10240.0\ucrt\stdio.h(1769): note:  см. объявление "sprintf"
D:\Projects\TextGames\TadsTerp\skif\core\live555\liveMedia\RTSPServer.cpp(1766): warning C4996: 'sprintf': This function or variable may be unsafe. Consider using sprintf_s instead. To disable deprecation, use _CRT_SECURE_NO_WARNINGS. See online help for details.
  C:\Program Files (x86)\Windows Kits\10\Include\10.0.10240.0\ucrt\stdio.h(1769): note:  см. объявление "sprintf"
D:\Projects\TextGames\TadsTerp\skif\core\live555\liveMedia\RTSPServer.cpp(1768): warning C4996: 'sprintf': This function or variable may be unsafe. Consider using sprintf_s instead. To disable deprecation, use _CRT_SECURE_NO_WARNINGS. See online help for details.
  C:\Program Files (x86)\Windows Kits\10\Include\10.0.10240.0\ucrt\stdio.h(1769): note:  см. объявление "sprintf"
D:\Projects\TextGames\TadsTerp\skif\core\live555\liveMedia\RTSPServer.cpp(1795): warning C4996: 'sprintf': This function or variable may be unsafe. Consider using sprintf_s instead. To disable deprecation, use _CRT_SECURE_NO_WARNINGS. See online help for details.
  C:\Program Files (x86)\Windows Kits\10\Include\10.0.10240.0\ucrt\stdio.h(1769): note:  см. объявление "sprintf"
D:\Projects\TextGames\TadsTerp\skif\core\live555\liveMedia\RTSPServer.cpp(1815): warning C4996: '_snprintf': This function or variable may be unsafe. Consider using _snprintf_s instead. To disable deprecation, use _CRT_SECURE_NO_WARNINGS. See online help for details.
  C:\Program Files (x86)\Windows Kits\10\Include\10.0.10240.0\ucrt\stdio.h(1952): note:  см. объявление "_snprintf"
  RTSPServerSupportingHTTPStreaming.cpp
D:\Projects\TextGames\TadsTerp\skif\core\live555\liveMedia\RTSPServerSupportingHTTPStreaming.cpp(72): warning C4996: 'gmtime': This function or variable may be unsafe. Consider using gmtime_s instead. To disable deprecation, use _CRT_SECURE_NO_WARNINGS. See online help for details.
  C:\Program Files (x86)\Windows Kits\10\Include\10.0.10240.0\ucrt\time.h(495): note:  см. объявление "gmtime"
D:\Projects\TextGames\TadsTerp\skif\core\live555\liveMedia\RTSPServerSupportingHTTPStreaming.cpp(87): warning C4996: 'sscanf': This function or variable may be unsafe. Consider using sscanf_s instead. To disable deprecation, use _CRT_SECURE_NO_WARNINGS. See online help for details.
  C:\Program Files (x86)\Windows Kits\10\Include\10.0.10240.0\ucrt\stdio.h(2254): note:  см. объявление "sscanf"
D:\Projects\TextGames\TadsTerp\skif\core\live555\liveMedia\RTSPServerSupportingHTTPStreaming.cpp(132): warning C4996: '_snprintf': This function or variable may be unsafe. Consider using _snprintf_s instead. To disable deprecation, use _CRT_SECURE_NO_WARNINGS. See online help for details.
  C:\Program Files (x86)\Windows Kits\10\Include\10.0.10240.0\ucrt\stdio.h(1952): note:  см. объявление "_snprintf"
D:\Projects\TextGames\TadsTerp\skif\core\live555\liveMedia\RTSPServerSupportingHTTPStreaming.cpp(210): warning C4996: 'sprintf': This function or variable may be unsafe. Consider using sprintf_s instead. To disable deprecation, use _CRT_SECURE_NO_WARNINGS. See online help for details.
  C:\Program Files (x86)\Windows Kits\10\Include\10.0.10240.0\ucrt\stdio.h(1769): note:  см. объявление "sprintf"
D:\Projects\TextGames\TadsTerp\skif\core\live555\liveMedia\RTSPServerSupportingHTTPStreaming.cpp(217): warning C4996: 'sprintf': This function or variable may be unsafe. Consider using sprintf_s instead. To disable deprecation, use _CRT_SECURE_NO_WARNINGS. See online help for details.
  C:\Program Files (x86)\Windows Kits\10\Include\10.0.10240.0\ucrt\stdio.h(1769): note:  см. объявление "sprintf"
D:\Projects\TextGames\TadsTerp\skif\core\live555\liveMedia\RTSPServerSupportingHTTPStreaming.cpp(224): warning C4996: 'sprintf': This function or variable may be unsafe. Consider using sprintf_s instead. To disable deprecation, use _CRT_SECURE_NO_WARNINGS. See online help for details.
  C:\Program Files (x86)\Windows Kits\10\Include\10.0.10240.0\ucrt\stdio.h(1769): note:  см. объявление "sprintf"
D:\Projects\TextGames\TadsTerp\skif\core\live555\liveMedia\RTSPServerSupportingHTTPStreaming.cpp(229): warning C4996: '_snprintf': This function or variable may be unsafe. Consider using _snprintf_s instead. To disable deprecation, use _CRT_SECURE_NO_WARNINGS. See online help for details.
  C:\Program Files (x86)\Windows Kits\10\Include\10.0.10240.0\ucrt\stdio.h(1952): note:  см. объявление "_snprintf"
  ServerMediaSession.cpp
D:\Projects\TextGames\TadsTerp\skif\core\live555\liveMedia\ServerMediaSession.cpp(74): warning C4996: 'sprintf': This function or variable may be unsafe. Consider using sprintf_s instead. To disable deprecation, use _CRT_SECURE_NO_WARNINGS. See online help for details.
  C:\Program Files (x86)\Windows Kits\10\Include\10.0.10240.0\ucrt\stdio.h(1769): note:  см. объявление "sprintf"
D:\Projects\TextGames\TadsTerp\skif\core\live555\liveMedia\ServerMediaSession.cpp(224): warning C4996: 'sprintf': This function or variable may be unsafe. Consider using sprintf_s instead. To disable deprecation, use _CRT_SECURE_NO_WARNINGS. See online help for details.
  C:\Program Files (x86)\Windows Kits\10\Include\10.0.10240.0\ucrt\stdio.h(1769): note:  см. объявление "sprintf"
D:\Projects\TextGames\TadsTerp\skif\core\live555\liveMedia\ServerMediaSession.cpp(252): warning C4996: 'sprintf': This function or variable may be unsafe. Consider using sprintf_s instead. To disable deprecation, use _CRT_SECURE_NO_WARNINGS. See online help for details.
  C:\Program Files (x86)\Windows Kits\10\Include\10.0.10240.0\ucrt\stdio.h(1769): note:  см. объявление "sprintf"
D:\Projects\TextGames\TadsTerp\skif\core\live555\liveMedia\ServerMediaSession.cpp(287): warning C4996: '_snprintf': This function or variable may be unsafe. Consider using _snprintf_s instead. To disable deprecation, use _CRT_SECURE_NO_WARNINGS. See online help for details.
  C:\Program Files (x86)\Windows Kits\10\Include\10.0.10240.0\ucrt\stdio.h(1952): note:  см. объявление "_snprintf"
D:\Projects\TextGames\TadsTerp\skif\core\live555\liveMedia\ServerMediaSession.cpp(310): warning C4996: '_snprintf': This function or variable may be unsafe. Consider using _snprintf_s instead. To disable deprecation, use _CRT_SECURE_NO_WARNINGS. See online help for details.
  C:\Program Files (x86)\Windows Kits\10\Include\10.0.10240.0\ucrt\stdio.h(1952): note:  см. объявление "_snprintf"
D:\Projects\TextGames\TadsTerp\skif\core\live555\liveMedia\ServerMediaSession.cpp(361): warning C4996: 'sprintf': This function or variable may be unsafe. Consider using sprintf_s instead. To disable deprecation, use _CRT_SECURE_NO_WARNINGS. See online help for details.
  C:\Program Files (x86)\Windows Kits\10\Include\10.0.10240.0\ucrt\stdio.h(1769): note:  см. объявление "sprintf"
D:\Projects\TextGames\TadsTerp\skif\core\live555\liveMedia\ServerMediaSession.cpp(434): warning C4996: 'sprintf': This function or variable may be unsafe. Consider using sprintf_s instead. To disable deprecation, use _CRT_SECURE_NO_WARNINGS. See online help for details.
  C:\Program Files (x86)\Windows Kits\10\Include\10.0.10240.0\ucrt\stdio.h(1769): note:  см. объявление "sprintf"
D:\Projects\TextGames\TadsTerp\skif\core\live555\liveMedia\ServerMediaSession.cpp(436): warning C4996: 'sprintf': This function or variable may be unsafe. Consider using sprintf_s instead. To disable deprecation, use _CRT_SECURE_NO_WARNINGS. See online help for details.
  C:\Program Files (x86)\Windows Kits\10\Include\10.0.10240.0\ucrt\stdio.h(1769): note:  см. объявление "sprintf"
D:\Projects\TextGames\TadsTerp\skif\core\live555\liveMedia\ServerMediaSession.cpp(453): warning C4996: 'sprintf': This function or variable may be unsafe. Consider using sprintf_s instead. To disable deprecation, use _CRT_SECURE_NO_WARNINGS. See online help for details.
  C:\Program Files (x86)\Windows Kits\10\Include\10.0.10240.0\ucrt\stdio.h(1769): note:  см. объявление "sprintf"
  SimpleRTPSink.cpp
  SimpleRTPSource.cpp
  SIPClient.cpp
D:\Projects\TextGames\TadsTerp\skif\core\live555\liveMedia\SIPClient.cpp(49): warning C4996: 'sprintf': This function or variable may be unsafe. Consider using sprintf_s instead. To disable deprecation, use _CRT_SECURE_NO_WARNINGS. See online help for details.
  C:\Program Files (x86)\Windows Kits\10\Include\10.0.10240.0\ucrt\stdio.h(1769): note:  см. объявление "sprintf"
D:\Projects\TextGames\TadsTerp\skif\core\live555\liveMedia\SIPClient.cpp(120): warning C4996: 'sprintf': This function or variable may be unsafe. Consider using sprintf_s instead. To disable deprecation, use _CRT_SECURE_NO_WARNINGS. See online help for details.
  C:\Program Files (x86)\Windows Kits\10\Include\10.0.10240.0\ucrt\stdio.h(1769): note:  см. объявление "sprintf"
D:\Projects\TextGames\TadsTerp\skif\core\live555\liveMedia\SIPClient.cpp(218): warning C4996: 'sprintf': This function or variable may be unsafe. Consider using sprintf_s instead. To disable deprecation, use _CRT_SECURE_NO_WARNINGS. See online help for details.
  C:\Program Files (x86)\Windows Kits\10\Include\10.0.10240.0\ucrt\stdio.h(1769): note:  см. объявление "sprintf"
D:\Projects\TextGames\TadsTerp\skif\core\live555\liveMedia\SIPClient.cpp(242): warning C4996: 'sprintf': This function or variable may be unsafe. Consider using sprintf_s instead. To disable deprecation, use _CRT_SECURE_NO_WARNINGS. See online help for details.
  C:\Program Files (x86)\Windows Kits\10\Include\10.0.10240.0\ucrt\stdio.h(1769): note:  см. объявление "sprintf"
D:\Projects\TextGames\TadsTerp\skif\core\live555\liveMedia\SIPClient.cpp(278): warning C4996: 'sprintf': This function or variable may be unsafe. Consider using sprintf_s instead. To disable deprecation, use _CRT_SECURE_NO_WARNINGS. See online help for details.
  C:\Program Files (x86)\Windows Kits\10\Include\10.0.10240.0\ucrt\stdio.h(1769): note:  см. объявление "sprintf"
D:\Projects\TextGames\TadsTerp\skif\core\live555\liveMedia\SIPClient.cpp(504): warning C4996: 'sscanf': This function or variable may be unsafe. Consider using sscanf_s instead. To disable deprecation, use _CRT_SECURE_NO_WARNINGS. See online help for details.
  C:\Program Files (x86)\Windows Kits\10\Include\10.0.10240.0\ucrt\stdio.h(2254): note:  см. объявление "sscanf"
D:\Projects\TextGames\TadsTerp\skif\core\live555\liveMedia\SIPClient.cpp(506): warning C4996: 'sscanf': This function or variable may be unsafe. Consider using sscanf_s instead. To disable deprecation, use _CRT_SECURE_NO_WARNINGS. See online help for details.
  C:\Program Files (x86)\Windows Kits\10\Include\10.0.10240.0\ucrt\stdio.h(2254): note:  см. объявление "sscanf"
D:\Projects\TextGames\TadsTerp\skif\core\live555\liveMedia\SIPClient.cpp(509): warning C4996: 'sscanf': This function or variable may be unsafe. Consider using sscanf_s instead. To disable deprecation, use _CRT_SECURE_NO_WARNINGS. See online help for details.
  C:\Program Files (x86)\Windows Kits\10\Include\10.0.10240.0\ucrt\stdio.h(2254): note:  см. объявление "sscanf"
D:\Projects\TextGames\TadsTerp\skif\core\live555\liveMedia\SIPClient.cpp(537): warning C4996: 'sscanf': This function or variable may be unsafe. Consider using sscanf_s instead. To disable deprecation, use _CRT_SECURE_NO_WARNINGS. See online help for details.
  C:\Program Files (x86)\Windows Kits\10\Include\10.0.10240.0\ucrt\stdio.h(2254): note:  см. объявление "sscanf"
D:\Projects\TextGames\TadsTerp\skif\core\live555\liveMedia\SIPClient.cpp(543): warning C4996: 'sscanf': This function or variable may be unsafe. Consider using sscanf_s instead. To disable deprecation, use _CRT_SECURE_NO_WARNINGS. See online help for details.
  C:\Program Files (x86)\Windows Kits\10\Include\10.0.10240.0\ucrt\stdio.h(2254): note:  см. объявление "sscanf"
D:\Projects\TextGames\TadsTerp\skif\core\live555\liveMedia\SIPClient.cpp(544): warning C4996: 'sscanf': This function or variable may be unsafe. Consider using sscanf_s instead. To disable deprecation, use _CRT_SECURE_NO_WARNINGS. See online help for details.
  C:\Program Files (x86)\Windows Kits\10\Include\10.0.10240.0\ucrt\stdio.h(2254): note:  см. объявление "sscanf"
D:\Projects\TextGames\TadsTerp\skif\core\live555\liveMedia\SIPClient.cpp(666): warning C4996: 'sprintf': This function or variable may be unsafe. Consider using sprintf_s instead. To disable deprecation, use _CRT_SECURE_NO_WARNINGS. See online help for details.
  C:\Program Files (x86)\Windows Kits\10\Include\10.0.10240.0\ucrt\stdio.h(1769): note:  см. объявление "sprintf"
D:\Projects\TextGames\TadsTerp\skif\core\live555\liveMedia\SIPClient.cpp(708): warning C4996: 'sprintf': This function or variable may be unsafe. Consider using sprintf_s instead. To disable deprecation, use _CRT_SECURE_NO_WARNINGS. See online help for details.
  C:\Program Files (x86)\Windows Kits\10\Include\10.0.10240.0\ucrt\stdio.h(1769): note:  см. объявление "sprintf"
D:\Projects\TextGames\TadsTerp\skif\core\live555\liveMedia\SIPClient.cpp(808): warning C4996: 'sscanf': This function or variable may be unsafe. Consider using sscanf_s instead. To disable deprecation, use _CRT_SECURE_NO_WARNINGS. See online help for details.
  C:\Program Files (x86)\Windows Kits\10\Include\10.0.10240.0\ucrt\stdio.h(2254): note:  см. объявление "sscanf"
D:\Projects\TextGames\TadsTerp\skif\core\live555\liveMedia\SIPClient.cpp(879): warning C4996: 'sprintf': This function or variable may be unsafe. Consider using sprintf_s instead. To disable deprecation, use _CRT_SECURE_NO_WARNINGS. See online help for details.
  C:\Program Files (x86)\Windows Kits\10\Include\10.0.10240.0\ucrt\stdio.h(1769): note:  см. объявление "sprintf"
D:\Projects\TextGames\TadsTerp\skif\core\live555\liveMedia\SIPClient.cpp(953): warning C4996: 'sscanf': This function or variable may be unsafe. Consider using sscanf_s instead. To disable deprecation, use _CRT_SECURE_NO_WARNINGS. See online help for details.
  C:\Program Files (x86)\Windows Kits\10\Include\10.0.10240.0\ucrt\stdio.h(2254): note:  см. объявление "sscanf"
  StreamParser.cpp
  StreamReplicator.cpp
  T140TextRTPSink.cpp
  TCPStreamSink.cpp
  TextRTPSink.cpp
  TheoraVideoRTPSink.cpp
D:\Projects\TextGames\TadsTerp\skif\core\live555\liveMedia\TheoraVideoRTPSink.cpp(105): warning C4996: 'sprintf': This function or variable may be unsafe. Consider using sprintf_s instead. To disable deprecation, use _CRT_SECURE_NO_WARNINGS. See online help for details.
  C:\Program Files (x86)\Windows Kits\10\Include\10.0.10240.0\ucrt\stdio.h(1769): note:  см. объявление "sprintf"
  TheoraVideoRTPSource.cpp
  uLawAudioFilter.cpp
  VideoRTPSink.cpp
  VorbisAudioRTPSink.cpp
D:\Projects\TextGames\TadsTerp\skif\core\live555\liveMedia\VorbisAudioRTPSink.cpp(114): warning C4996: 'sprintf': This function or variable may be unsafe. Consider using sprintf_s instead. To disable deprecation, use _CRT_SECURE_NO_WARNINGS. See online help for details.
  C:\Program Files (x86)\Windows Kits\10\Include\10.0.10240.0\ucrt\stdio.h(1769): note:  см. объявление "sprintf"
  VorbisAudioRTPSource.cpp
  VP8VideoRTPSink.cpp
  VP8VideoRTPSource.cpp
  Создание кода...
  Компиляция...
  VP9VideoRTPSink.cpp
  VP9VideoRTPSource.cpp
  WAVAudioFileServerMediaSubsession.cpp
  WAVAudioFileSource.cpp
D:\Projects\TextGames\TadsTerp\skif\core\live555\liveMedia\WAVAudioFileSource.cpp(154): warning C4996: 'sprintf': This function or variable may be unsafe. Consider using sprintf_s instead. To disable deprecation, use _CRT_SECURE_NO_WARNINGS. See online help for details.
  C:\Program Files (x86)\Windows Kits\10\Include\10.0.10240.0\ucrt\stdio.h(1769): note:  см. объявление "sprintf"
  Создание кода...
  liveMedia.vcxproj -> D:\Projects\TextGames\TadsTerp\skif\build\core\live555\liveMedia\Debug\liveMedia.lib
