d:\projects\textgames\tadsterp\skif\build\core\live555\livemedia\livemedia.dir\debug\livemedia.pdb
d:\projects\textgames\tadsterp\skif\build\core\live555\livemedia\cmakefiles\generate.stamp
c:\program files\infowatch\devicemonitor\client\logs\print\printlogverbose_[lib.exe__9724__2019.10.21_19.10.25].txt
c:\program files\infowatch\devicemonitor\client\logs\detours\hookapidetourslogverbose_[lib.exe__9724__2019.10.21_19.10.25].txt
c:\program files\infowatch\devicemonitor\client\logs\clipboard\clipboardmonitorlogverbose_[lib.exe__9724__2019.10.21_19.10.25].txt
c:\program files\infowatch\devicemonitor\client\logs\copymove\copymovelogverbose_[lib.exe__9724__2019.10.21_19.10.25].txt
c:\program files\infowatch\devicemonitor\client\logs\mtp\mtplogverbose_[lib.exe_9724__2019.10.21_19.10.25].txt
c:\program files\infowatch\devicemonitor\client\logs\soundcapture\soundcapturelogverbose_[lib.exe__9724__2019.10.21_19.10.25].txt
c:\program files\infowatch\devicemonitor\client\logs\print\printlogverbose_[link.exe__13016__2019.10.21_19.10.25].txt
c:\program files\infowatch\devicemonitor\client\logs\detours\hookapidetourslogverbose_[link.exe__13016__2019.10.21_19.10.25].txt
c:\program files\infowatch\devicemonitor\client\logs\clipboard\clipboardmonitorlogverbose_[link.exe__13016__2019.10.21_19.10.25].txt
c:\program files\infowatch\devicemonitor\client\logs\copymove\copymovelogverbose_[link.exe__13016__2019.10.21_19.10.25].txt
c:\program files\infowatch\devicemonitor\client\logs\mtp\mtplogverbose_[link.exe_13016__2019.10.21_19.10.25].txt
c:\program files\infowatch\devicemonitor\client\logs\soundcapture\soundcapturelogverbose_[link.exe__13016__2019.10.21_19.10.25].txt
d:\projects\textgames\tadsterp\skif\build\core\live555\livemedia\debug\livemedia.lib
d:\projects\textgames\tadsterp\skif\build\core\live555\livemedia\livemedia.dir\debug\ac3audiofileservermediasubsession.obj
d:\projects\textgames\tadsterp\skif\build\core\live555\livemedia\livemedia.dir\debug\ac3audiortpsink.obj
d:\projects\textgames\tadsterp\skif\build\core\live555\livemedia\livemedia.dir\debug\ac3audiortpsource.obj
d:\projects\textgames\tadsterp\skif\build\core\live555\livemedia\livemedia.dir\debug\ac3audiostreamframer.obj
d:\projects\textgames\tadsterp\skif\build\core\live555\livemedia\livemedia.dir\debug\adtsaudiofileservermediasubsession.obj
d:\projects\textgames\tadsterp\skif\build\core\live555\livemedia\livemedia.dir\debug\adtsaudiofilesource.obj
d:\projects\textgames\tadsterp\skif\build\core\live555\livemedia\livemedia.dir\debug\amraudiofileservermediasubsession.obj
d:\projects\textgames\tadsterp\skif\build\core\live555\livemedia\livemedia.dir\debug\amraudiofilesink.obj
d:\projects\textgames\tadsterp\skif\build\core\live555\livemedia\livemedia.dir\debug\amraudiofilesource.obj
d:\projects\textgames\tadsterp\skif\build\core\live555\livemedia\livemedia.dir\debug\amraudiortpsink.obj
d:\projects\textgames\tadsterp\skif\build\core\live555\livemedia\livemedia.dir\debug\amraudiortpsource.obj
d:\projects\textgames\tadsterp\skif\build\core\live555\livemedia\livemedia.dir\debug\amraudiosource.obj
d:\projects\textgames\tadsterp\skif\build\core\live555\livemedia\livemedia.dir\debug\audioinputdevice.obj
d:\projects\textgames\tadsterp\skif\build\core\live555\livemedia\livemedia.dir\debug\audiortpsink.obj
d:\projects\textgames\tadsterp\skif\build\core\live555\livemedia\livemedia.dir\debug\avifilesink.obj
d:\projects\textgames\tadsterp\skif\build\core\live555\livemedia\livemedia.dir\debug\base64.obj
d:\projects\textgames\tadsterp\skif\build\core\live555\livemedia\livemedia.dir\debug\basicudpsink.obj
d:\projects\textgames\tadsterp\skif\build\core\live555\livemedia\livemedia.dir\debug\basicudpsource.obj
d:\projects\textgames\tadsterp\skif\build\core\live555\livemedia\livemedia.dir\debug\bitvector.obj
d:\projects\textgames\tadsterp\skif\build\core\live555\livemedia\livemedia.dir\debug\bytestreamfilesource.obj
d:\projects\textgames\tadsterp\skif\build\core\live555\livemedia\livemedia.dir\debug\bytestreammemorybuffersource.obj
d:\projects\textgames\tadsterp\skif\build\core\live555\livemedia\livemedia.dir\debug\bytestreammultifilesource.obj
d:\projects\textgames\tadsterp\skif\build\core\live555\livemedia\livemedia.dir\debug\devicesource.obj
d:\projects\textgames\tadsterp\skif\build\core\live555\livemedia\livemedia.dir\debug\digestauthentication.obj
d:\projects\textgames\tadsterp\skif\build\core\live555\livemedia\livemedia.dir\debug\dvvideofileservermediasubsession.obj
d:\projects\textgames\tadsterp\skif\build\core\live555\livemedia\livemedia.dir\debug\dvvideortpsink.obj
d:\projects\textgames\tadsterp\skif\build\core\live555\livemedia\livemedia.dir\debug\dvvideortpsource.obj
d:\projects\textgames\tadsterp\skif\build\core\live555\livemedia\livemedia.dir\debug\dvvideostreamframer.obj
d:\projects\textgames\tadsterp\skif\build\core\live555\livemedia\livemedia.dir\debug\ebmlnumber.obj
d:\projects\textgames\tadsterp\skif\build\core\live555\livemedia\livemedia.dir\debug\fileservermediasubsession.obj
d:\projects\textgames\tadsterp\skif\build\core\live555\livemedia\livemedia.dir\debug\filesink.obj
d:\projects\textgames\tadsterp\skif\build\core\live555\livemedia\livemedia.dir\debug\framedfilesource.obj
d:\projects\textgames\tadsterp\skif\build\core\live555\livemedia\livemedia.dir\debug\framedfilter.obj
d:\projects\textgames\tadsterp\skif\build\core\live555\livemedia\livemedia.dir\debug\framedsource.obj
d:\projects\textgames\tadsterp\skif\build\core\live555\livemedia\livemedia.dir\debug\genericmediaserver.obj
d:\projects\textgames\tadsterp\skif\build\core\live555\livemedia\livemedia.dir\debug\gsmaudiortpsink.obj
d:\projects\textgames\tadsterp\skif\build\core\live555\livemedia\livemedia.dir\debug\h261videortpsource.obj
d:\projects\textgames\tadsterp\skif\build\core\live555\livemedia\livemedia.dir\debug\h263plusvideofileservermediasubsession.obj
d:\projects\textgames\tadsterp\skif\build\core\live555\livemedia\livemedia.dir\debug\h263plusvideortpsink.obj
d:\projects\textgames\tadsterp\skif\build\core\live555\livemedia\livemedia.dir\debug\h263plusvideortpsource.obj
d:\projects\textgames\tadsterp\skif\build\core\live555\livemedia\livemedia.dir\debug\h263plusvideostreamframer.obj
d:\projects\textgames\tadsterp\skif\build\core\live555\livemedia\livemedia.dir\debug\h263plusvideostreamparser.obj
d:\projects\textgames\tadsterp\skif\build\core\live555\livemedia\livemedia.dir\debug\h264or5videofilesink.obj
d:\projects\textgames\tadsterp\skif\build\core\live555\livemedia\livemedia.dir\debug\h264or5videortpsink.obj
d:\projects\textgames\tadsterp\skif\build\core\live555\livemedia\livemedia.dir\debug\h264or5videostreamdiscreteframer.obj
d:\projects\textgames\tadsterp\skif\build\core\live555\livemedia\livemedia.dir\debug\h264or5videostreamframer.obj
d:\projects\textgames\tadsterp\skif\build\core\live555\livemedia\livemedia.dir\debug\h264videofileservermediasubsession.obj
d:\projects\textgames\tadsterp\skif\build\core\live555\livemedia\livemedia.dir\debug\h264videofilesink.obj
d:\projects\textgames\tadsterp\skif\build\core\live555\livemedia\livemedia.dir\debug\h264videortpsink.obj
d:\projects\textgames\tadsterp\skif\build\core\live555\livemedia\livemedia.dir\debug\h264videortpsource.obj
d:\projects\textgames\tadsterp\skif\build\core\live555\livemedia\livemedia.dir\debug\h264videostreamdiscreteframer.obj
d:\projects\textgames\tadsterp\skif\build\core\live555\livemedia\livemedia.dir\debug\h264videostreamframer.obj
d:\projects\textgames\tadsterp\skif\build\core\live555\livemedia\livemedia.dir\debug\h265videofileservermediasubsession.obj
d:\projects\textgames\tadsterp\skif\build\core\live555\livemedia\livemedia.dir\debug\h265videofilesink.obj
d:\projects\textgames\tadsterp\skif\build\core\live555\livemedia\livemedia.dir\debug\h265videortpsink.obj
d:\projects\textgames\tadsterp\skif\build\core\live555\livemedia\livemedia.dir\debug\h265videortpsource.obj
d:\projects\textgames\tadsterp\skif\build\core\live555\livemedia\livemedia.dir\debug\h265videostreamdiscreteframer.obj
d:\projects\textgames\tadsterp\skif\build\core\live555\livemedia\livemedia.dir\debug\h265videostreamframer.obj
d:\projects\textgames\tadsterp\skif\build\core\live555\livemedia\livemedia.dir\debug\inputfile.obj
d:\projects\textgames\tadsterp\skif\build\core\live555\livemedia\livemedia.dir\debug\jpegvideortpsink.obj
d:\projects\textgames\tadsterp\skif\build\core\live555\livemedia\livemedia.dir\debug\jpegvideortpsource.obj
d:\projects\textgames\tadsterp\skif\build\core\live555\livemedia\livemedia.dir\debug\jpegvideosource.obj
d:\projects\textgames\tadsterp\skif\build\core\live555\livemedia\livemedia.dir\debug\locale.obj
d:\projects\textgames\tadsterp\skif\build\core\live555\livemedia\livemedia.dir\debug\matroskademuxedtrack.obj
d:\projects\textgames\tadsterp\skif\build\core\live555\livemedia\livemedia.dir\debug\matroskafile.obj
d:\projects\textgames\tadsterp\skif\build\core\live555\livemedia\livemedia.dir\debug\matroskafileparser.obj
d:\projects\textgames\tadsterp\skif\build\core\live555\livemedia\livemedia.dir\debug\matroskafileserverdemux.obj
d:\projects\textgames\tadsterp\skif\build\core\live555\livemedia\livemedia.dir\debug\matroskafileservermediasubsession.obj
d:\projects\textgames\tadsterp\skif\build\core\live555\livemedia\livemedia.dir\debug\media.obj
d:\projects\textgames\tadsterp\skif\build\core\live555\livemedia\livemedia.dir\debug\mediasession.obj
d:\projects\textgames\tadsterp\skif\build\core\live555\livemedia\livemedia.dir\debug\mediasink.obj
d:\projects\textgames\tadsterp\skif\build\core\live555\livemedia\livemedia.dir\debug\mediasource.obj
d:\projects\textgames\tadsterp\skif\build\core\live555\livemedia\livemedia.dir\debug\mp3adu.obj
d:\projects\textgames\tadsterp\skif\build\core\live555\livemedia\livemedia.dir\debug\mp3adudescriptor.obj
d:\projects\textgames\tadsterp\skif\build\core\live555\livemedia\livemedia.dir\debug\mp3aduinterleaving.obj
d:\projects\textgames\tadsterp\skif\build\core\live555\livemedia\livemedia.dir\debug\mp3adurtpsink.obj
d:\projects\textgames\tadsterp\skif\build\core\live555\livemedia\livemedia.dir\debug\mp3adurtpsource.obj
d:\projects\textgames\tadsterp\skif\build\core\live555\livemedia\livemedia.dir\debug\mp3adutranscoder.obj
d:\projects\textgames\tadsterp\skif\build\core\live555\livemedia\livemedia.dir\debug\mp3audiofileservermediasubsession.obj
d:\projects\textgames\tadsterp\skif\build\core\live555\livemedia\livemedia.dir\debug\mp3audiomatroskafileservermediasubsession.obj
d:\projects\textgames\tadsterp\skif\build\core\live555\livemedia\livemedia.dir\debug\mp3filesource.obj
d:\projects\textgames\tadsterp\skif\build\core\live555\livemedia\livemedia.dir\debug\mp3internals.obj
d:\projects\textgames\tadsterp\skif\build\core\live555\livemedia\livemedia.dir\debug\mp3internalshuffman.obj
d:\projects\textgames\tadsterp\skif\build\core\live555\livemedia\livemedia.dir\debug\mp3internalshuffmantable.obj
d:\projects\textgames\tadsterp\skif\build\core\live555\livemedia\livemedia.dir\debug\mp3streamstate.obj
d:\projects\textgames\tadsterp\skif\build\core\live555\livemedia\livemedia.dir\debug\mp3transcoder.obj
d:\projects\textgames\tadsterp\skif\build\core\live555\livemedia\livemedia.dir\debug\mpeg1or2audiortpsink.obj
d:\projects\textgames\tadsterp\skif\build\core\live555\livemedia\livemedia.dir\debug\mpeg1or2audiortpsource.obj
d:\projects\textgames\tadsterp\skif\build\core\live555\livemedia\livemedia.dir\debug\mpeg1or2audiostreamframer.obj
d:\projects\textgames\tadsterp\skif\build\core\live555\livemedia\livemedia.dir\debug\mpeg1or2demux.obj
d:\projects\textgames\tadsterp\skif\build\core\live555\livemedia\livemedia.dir\debug\mpeg1or2demuxedelementarystream.obj
d:\projects\textgames\tadsterp\skif\build\core\live555\livemedia\livemedia.dir\debug\mpeg1or2demuxedservermediasubsession.obj
d:\projects\textgames\tadsterp\skif\build\core\live555\livemedia\livemedia.dir\debug\mpeg1or2fileserverdemux.obj
d:\projects\textgames\tadsterp\skif\build\core\live555\livemedia\livemedia.dir\debug\mpeg1or2videofileservermediasubsession.obj
d:\projects\textgames\tadsterp\skif\build\core\live555\livemedia\livemedia.dir\debug\mpeg1or2videortpsink.obj
d:\projects\textgames\tadsterp\skif\build\core\live555\livemedia\livemedia.dir\debug\mpeg1or2videortpsource.obj
d:\projects\textgames\tadsterp\skif\build\core\live555\livemedia\livemedia.dir\debug\mpeg1or2videostreamdiscreteframer.obj
d:\projects\textgames\tadsterp\skif\build\core\live555\livemedia\livemedia.dir\debug\mpeg1or2videostreamframer.obj
d:\projects\textgames\tadsterp\skif\build\core\live555\livemedia\livemedia.dir\debug\mpeg2indexfromtransportstream.obj
d:\projects\textgames\tadsterp\skif\build\core\live555\livemedia\livemedia.dir\debug\mpeg2transportfileservermediasubsession.obj
d:\projects\textgames\tadsterp\skif\build\core\live555\livemedia\livemedia.dir\debug\mpeg2transportstreamframer.obj
d:\projects\textgames\tadsterp\skif\build\core\live555\livemedia\livemedia.dir\debug\mpeg2transportstreamfromessource.obj
d:\projects\textgames\tadsterp\skif\build\core\live555\livemedia\livemedia.dir\debug\mpeg2transportstreamfrompessource.obj
d:\projects\textgames\tadsterp\skif\build\core\live555\livemedia\livemedia.dir\debug\mpeg2transportstreamindexfile.obj
d:\projects\textgames\tadsterp\skif\build\core\live555\livemedia\livemedia.dir\debug\mpeg2transportstreammultiplexor.obj
d:\projects\textgames\tadsterp\skif\build\core\live555\livemedia\livemedia.dir\debug\mpeg2transportstreamtrickmodefilter.obj
d:\projects\textgames\tadsterp\skif\build\core\live555\livemedia\livemedia.dir\debug\mpeg2transportudpservermediasubsession.obj
d:\projects\textgames\tadsterp\skif\build\core\live555\livemedia\livemedia.dir\debug\mpeg4esvideortpsink.obj
d:\projects\textgames\tadsterp\skif\build\core\live555\livemedia\livemedia.dir\debug\mpeg4esvideortpsource.obj
d:\projects\textgames\tadsterp\skif\build\core\live555\livemedia\livemedia.dir\debug\mpeg4genericrtpsink.obj
d:\projects\textgames\tadsterp\skif\build\core\live555\livemedia\livemedia.dir\debug\mpeg4genericrtpsource.obj
d:\projects\textgames\tadsterp\skif\build\core\live555\livemedia\livemedia.dir\debug\mpeg4latmaudiortpsink.obj
d:\projects\textgames\tadsterp\skif\build\core\live555\livemedia\livemedia.dir\debug\mpeg4latmaudiortpsource.obj
d:\projects\textgames\tadsterp\skif\build\core\live555\livemedia\livemedia.dir\debug\mpeg4videofileservermediasubsession.obj
d:\projects\textgames\tadsterp\skif\build\core\live555\livemedia\livemedia.dir\debug\mpeg4videostreamdiscreteframer.obj
d:\projects\textgames\tadsterp\skif\build\core\live555\livemedia\livemedia.dir\debug\mpeg4videostreamframer.obj
d:\projects\textgames\tadsterp\skif\build\core\live555\livemedia\livemedia.dir\debug\mpegvideostreamframer.obj
d:\projects\textgames\tadsterp\skif\build\core\live555\livemedia\livemedia.dir\debug\mpegvideostreamparser.obj
d:\projects\textgames\tadsterp\skif\build\core\live555\livemedia\livemedia.dir\debug\multiframedrtpsink.obj
d:\projects\textgames\tadsterp\skif\build\core\live555\livemedia\livemedia.dir\debug\multiframedrtpsource.obj
d:\projects\textgames\tadsterp\skif\build\core\live555\livemedia\livemedia.dir\debug\oggdemuxedtrack.obj
d:\projects\textgames\tadsterp\skif\build\core\live555\livemedia\livemedia.dir\debug\oggfile.obj
d:\projects\textgames\tadsterp\skif\build\core\live555\livemedia\livemedia.dir\debug\oggfileparser.obj
d:\projects\textgames\tadsterp\skif\build\core\live555\livemedia\livemedia.dir\debug\oggfileserverdemux.obj
d:\projects\textgames\tadsterp\skif\build\core\live555\livemedia\livemedia.dir\debug\oggfileservermediasubsession.obj
d:\projects\textgames\tadsterp\skif\build\core\live555\livemedia\livemedia.dir\debug\oggfilesink.obj
d:\projects\textgames\tadsterp\skif\build\core\live555\livemedia\livemedia.dir\debug\ondemandservermediasubsession.obj
d:\projects\textgames\tadsterp\skif\build\core\live555\livemedia\livemedia.dir\debug\ourmd5.obj
d:\projects\textgames\tadsterp\skif\build\core\live555\livemedia\livemedia.dir\debug\outputfile.obj
d:\projects\textgames\tadsterp\skif\build\core\live555\livemedia\livemedia.dir\debug\passiveservermediasubsession.obj
d:\projects\textgames\tadsterp\skif\build\core\live555\livemedia\livemedia.dir\debug\proxyservermediasession.obj
d:\projects\textgames\tadsterp\skif\build\core\live555\livemedia\livemedia.dir\debug\qcelpaudiortpsource.obj
d:\projects\textgames\tadsterp\skif\build\core\live555\livemedia\livemedia.dir\debug\quicktimefilesink.obj
d:\projects\textgames\tadsterp\skif\build\core\live555\livemedia\livemedia.dir\debug\quicktimegenericrtpsource.obj
d:\projects\textgames\tadsterp\skif\build\core\live555\livemedia\livemedia.dir\debug\rtcp.obj
d:\projects\textgames\tadsterp\skif\build\core\live555\livemedia\livemedia.dir\debug\rtcp_from_spec.obj
d:\projects\textgames\tadsterp\skif\build\core\live555\livemedia\livemedia.dir\debug\rtpinterface.obj
d:\projects\textgames\tadsterp\skif\build\core\live555\livemedia\livemedia.dir\debug\rtpsink.obj
d:\projects\textgames\tadsterp\skif\build\core\live555\livemedia\livemedia.dir\debug\rtpsource.obj
d:\projects\textgames\tadsterp\skif\build\core\live555\livemedia\livemedia.dir\debug\rtspclient.obj
d:\projects\textgames\tadsterp\skif\build\core\live555\livemedia\livemedia.dir\debug\rtspcommon.obj
d:\projects\textgames\tadsterp\skif\build\core\live555\livemedia\livemedia.dir\debug\rtspregistersender.obj
d:\projects\textgames\tadsterp\skif\build\core\live555\livemedia\livemedia.dir\debug\rtspserver.obj
d:\projects\textgames\tadsterp\skif\build\core\live555\livemedia\livemedia.dir\debug\rtspserversupportinghttpstreaming.obj
d:\projects\textgames\tadsterp\skif\build\core\live555\livemedia\livemedia.dir\debug\servermediasession.obj
d:\projects\textgames\tadsterp\skif\build\core\live555\livemedia\livemedia.dir\debug\simplertpsink.obj
d:\projects\textgames\tadsterp\skif\build\core\live555\livemedia\livemedia.dir\debug\simplertpsource.obj
d:\projects\textgames\tadsterp\skif\build\core\live555\livemedia\livemedia.dir\debug\sipclient.obj
d:\projects\textgames\tadsterp\skif\build\core\live555\livemedia\livemedia.dir\debug\streamparser.obj
d:\projects\textgames\tadsterp\skif\build\core\live555\livemedia\livemedia.dir\debug\streamreplicator.obj
d:\projects\textgames\tadsterp\skif\build\core\live555\livemedia\livemedia.dir\debug\t140textrtpsink.obj
d:\projects\textgames\tadsterp\skif\build\core\live555\livemedia\livemedia.dir\debug\tcpstreamsink.obj
d:\projects\textgames\tadsterp\skif\build\core\live555\livemedia\livemedia.dir\debug\textrtpsink.obj
d:\projects\textgames\tadsterp\skif\build\core\live555\livemedia\livemedia.dir\debug\theoravideortpsink.obj
d:\projects\textgames\tadsterp\skif\build\core\live555\livemedia\livemedia.dir\debug\theoravideortpsource.obj
d:\projects\textgames\tadsterp\skif\build\core\live555\livemedia\livemedia.dir\debug\ulawaudiofilter.obj
d:\projects\textgames\tadsterp\skif\build\core\live555\livemedia\livemedia.dir\debug\videortpsink.obj
d:\projects\textgames\tadsterp\skif\build\core\live555\livemedia\livemedia.dir\debug\vorbisaudiortpsink.obj
d:\projects\textgames\tadsterp\skif\build\core\live555\livemedia\livemedia.dir\debug\vorbisaudiortpsource.obj
d:\projects\textgames\tadsterp\skif\build\core\live555\livemedia\livemedia.dir\debug\vp8videortpsink.obj
d:\projects\textgames\tadsterp\skif\build\core\live555\livemedia\livemedia.dir\debug\vp8videortpsource.obj
d:\projects\textgames\tadsterp\skif\build\core\live555\livemedia\livemedia.dir\debug\vp9videortpsink.obj
d:\projects\textgames\tadsterp\skif\build\core\live555\livemedia\livemedia.dir\debug\vp9videortpsource.obj
d:\projects\textgames\tadsterp\skif\build\core\live555\livemedia\livemedia.dir\debug\wavaudiofileservermediasubsession.obj
d:\projects\textgames\tadsterp\skif\build\core\live555\livemedia\livemedia.dir\debug\wavaudiofilesource.obj
d:\projects\textgames\tadsterp\skif\build\core\live555\livemedia\debug\livemedia.pdb
d:\projects\textgames\tadsterp\skif\build\core\live555\livemedia\livemedia.dir\debug\livemedia.tlog\cl.command.1.tlog
d:\projects\textgames\tadsterp\skif\build\core\live555\livemedia\livemedia.dir\debug\livemedia.tlog\cl.read.1.tlog
d:\projects\textgames\tadsterp\skif\build\core\live555\livemedia\livemedia.dir\debug\livemedia.tlog\cl.write.1.tlog
d:\projects\textgames\tadsterp\skif\build\core\live555\livemedia\livemedia.dir\debug\livemedia.tlog\custombuild.command.1.tlog
d:\projects\textgames\tadsterp\skif\build\core\live555\livemedia\livemedia.dir\debug\livemedia.tlog\custombuild.read.1.tlog
d:\projects\textgames\tadsterp\skif\build\core\live555\livemedia\livemedia.dir\debug\livemedia.tlog\custombuild.write.1.tlog
d:\projects\textgames\tadsterp\skif\build\core\live555\livemedia\livemedia.dir\debug\livemedia.tlog\lib.command.1.tlog
d:\projects\textgames\tadsterp\skif\build\core\live555\livemedia\livemedia.dir\debug\livemedia.tlog\lib.read.1.tlog
d:\projects\textgames\tadsterp\skif\build\core\live555\livemedia\livemedia.dir\debug\livemedia.tlog\lib.write.1.tlog
