d:\projects\textgames\tadsterp\skif\build\core\live555\basicusageenvironment\basicusageenvironment.dir\debug\basicusageenvironment.pdb
d:\projects\textgames\tadsterp\skif\build\core\live555\basicusageenvironment\cmakefiles\generate.stamp
c:\program files\infowatch\devicemonitor\client\logs\print\printlogverbose_[lib.exe__12584__2019.10.21_19.10.24].txt
c:\program files\infowatch\devicemonitor\client\logs\detours\hookapidetourslogverbose_[lib.exe__12584__2019.10.21_19.10.24].txt
c:\program files\infowatch\devicemonitor\client\logs\clipboard\clipboardmonitorlogverbose_[lib.exe__12584__2019.10.21_19.10.24].txt
c:\program files\infowatch\devicemonitor\client\logs\copymove\copymovelogverbose_[lib.exe__12584__2019.10.21_19.10.24].txt
c:\program files\infowatch\devicemonitor\client\logs\mtp\mtplogverbose_[lib.exe_12584__2019.10.21_19.10.24].txt
c:\program files\infowatch\devicemonitor\client\logs\soundcapture\soundcapturelogverbose_[lib.exe__12584__2019.10.21_19.10.24].txt
c:\program files\infowatch\devicemonitor\client\logs\print\printlogverbose_[link.exe__15140__2019.10.21_19.10.25].txt
c:\program files\infowatch\devicemonitor\client\logs\detours\hookapidetourslogverbose_[link.exe__15140__2019.10.21_19.10.25].txt
c:\program files\infowatch\devicemonitor\client\logs\clipboard\clipboardmonitorlogverbose_[link.exe__15140__2019.10.21_19.10.25].txt
c:\program files\infowatch\devicemonitor\client\logs\copymove\copymovelogverbose_[link.exe__15140__2019.10.21_19.10.25].txt
c:\program files\infowatch\devicemonitor\client\logs\mtp\mtplogverbose_[link.exe_15140__2019.10.21_19.10.25].txt
c:\program files\infowatch\devicemonitor\client\logs\soundcapture\soundcapturelogverbose_[link.exe__15140__2019.10.21_19.10.25].txt
d:\projects\textgames\tadsterp\skif\build\core\live555\basicusageenvironment\debug\basicusageenvironment.lib
d:\projects\textgames\tadsterp\skif\build\core\live555\basicusageenvironment\basicusageenvironment.dir\debug\basichashtable.obj
d:\projects\textgames\tadsterp\skif\build\core\live555\basicusageenvironment\basicusageenvironment.dir\debug\basictaskscheduler.obj
d:\projects\textgames\tadsterp\skif\build\core\live555\basicusageenvironment\basicusageenvironment.dir\debug\basictaskscheduler0.obj
d:\projects\textgames\tadsterp\skif\build\core\live555\basicusageenvironment\basicusageenvironment.dir\debug\basicusageenvironment.obj
d:\projects\textgames\tadsterp\skif\build\core\live555\basicusageenvironment\basicusageenvironment.dir\debug\basicusageenvironment0.obj
d:\projects\textgames\tadsterp\skif\build\core\live555\basicusageenvironment\basicusageenvironment.dir\debug\delayqueue.obj
d:\projects\textgames\tadsterp\skif\build\core\live555\basicusageenvironment\debug\basicusageenvironment.pdb
d:\projects\textgames\tadsterp\skif\build\core\live555\basicusageenvironment\basicusageenvironment.dir\debug\basicusa.ae42e1ee.tlog\cl.command.1.tlog
d:\projects\textgames\tadsterp\skif\build\core\live555\basicusageenvironment\basicusageenvironment.dir\debug\basicusa.ae42e1ee.tlog\cl.read.1.tlog
d:\projects\textgames\tadsterp\skif\build\core\live555\basicusageenvironment\basicusageenvironment.dir\debug\basicusa.ae42e1ee.tlog\cl.write.1.tlog
d:\projects\textgames\tadsterp\skif\build\core\live555\basicusageenvironment\basicusageenvironment.dir\debug\basicusa.ae42e1ee.tlog\custombuild.command.1.tlog
d:\projects\textgames\tadsterp\skif\build\core\live555\basicusageenvironment\basicusageenvironment.dir\debug\basicusa.ae42e1ee.tlog\custombuild.read.1.tlog
d:\projects\textgames\tadsterp\skif\build\core\live555\basicusageenvironment\basicusageenvironment.dir\debug\basicusa.ae42e1ee.tlog\custombuild.write.1.tlog
d:\projects\textgames\tadsterp\skif\build\core\live555\basicusageenvironment\basicusageenvironment.dir\debug\basicusa.ae42e1ee.tlog\lib.command.1.tlog
d:\projects\textgames\tadsterp\skif\build\core\live555\basicusageenvironment\basicusageenvironment.dir\debug\basicusa.ae42e1ee.tlog\lib.read.1.tlog
d:\projects\textgames\tadsterp\skif\build\core\live555\basicusageenvironment\basicusageenvironment.dir\debug\basicusa.ae42e1ee.tlog\lib.write.1.tlog
